[2024-05-28 10:29:26.285 +01:00  INF]  Configuring Swagger
[2024-05-28 10:29:26.357 +01:00  INF]  Configuring Authentication
[2024-05-28 10:29:26.358 +01:00  INF]  Configuring CORS
[2024-05-28 10:29:26.358 +01:00  INF]  Configuring Dependency Injection
[2024-05-28 10:30:17.571 +01:00  INF]  Configuring Swagger
[2024-05-28 10:30:17.647 +01:00  INF]  Configuring Authentication
[2024-05-28 10:30:17.649 +01:00  INF]  Configuring CORS
[2024-05-28 10:30:17.649 +01:00  INF]  Configuring Dependency Injection
[2024-05-28 10:30:20.530 +01:00  INF]  Executed DbCommand (92ms) [Parameters=[], CommandType='"Text"', CommandTimeout='30']
SELECT EXISTS (
    SELECT 1 FROM pg_catalog.pg_class c
    JOIN pg_catalog.pg_namespace n ON n.oid=c.relnamespace
    WHERE n.nspname='public' AND
          c.relname='__EFMigrationsHistory'
)
[2024-05-28 10:30:20.549 +01:00  INF]  Executed DbCommand (3ms) [Parameters=[], CommandType='"Text"', CommandTimeout='30']
SELECT "MigrationId", "ProductVersion"
FROM "__EFMigrationsHistory"
ORDER BY "MigrationId";
[2024-05-28 10:30:20.608 +01:00  INF]  Executed DbCommand (1ms) [Parameters=[], CommandType='"Text"', CommandTimeout='30']
SELECT EXISTS (
    SELECT 1 FROM pg_catalog.pg_class c
    JOIN pg_catalog.pg_namespace n ON n.oid=c.relnamespace
    WHERE n.nspname='public' AND
          c.relname='__EFMigrationsHistory'
)
[2024-05-28 10:30:20.653 +01:00  INF]  Executed DbCommand (1ms) [Parameters=[], CommandType='"Text"', CommandTimeout='30']
SELECT EXISTS (
    SELECT 1 FROM pg_catalog.pg_class c
    JOIN pg_catalog.pg_namespace n ON n.oid=c.relnamespace
    WHERE n.nspname='public' AND
          c.relname='__EFMigrationsHistory'
)
[2024-05-28 10:30:20.653 +01:00  INF]  Executed DbCommand (0ms) [Parameters=[], CommandType='"Text"', CommandTimeout='30']
SELECT "MigrationId", "ProductVersion"
FROM "__EFMigrationsHistory"
ORDER BY "MigrationId";
[2024-05-28 10:30:20.668 +01:00  INF]  No migrations were applied. The database is already up to date.
[2024-05-28 10:30:20.795 +01:00  INF]  User profile is available. Using 'C:\Users\DECAGON\AppData\Local\ASP.NET\DataProtection-Keys' as key repository and Windows DPAPI to encrypt keys at rest.
[2024-05-28 10:30:21.294 +01:00  INF]  Executed DbCommand (45ms) [Parameters=[@__normalizedName_0='?'], CommandType='"Text"', CommandTimeout='30']
SELECT a."Id", a."ConcurrencyStamp", a."Name", a."NormalizedName"
FROM "AspNetRoles" AS a
WHERE a."NormalizedName" = @__normalizedName_0
LIMIT 1
[2024-05-28 10:30:21.379 +01:00  INF]  Executed DbCommand (5ms) [Parameters=[@__normalizedName_0='?'], CommandType='"Text"', CommandTimeout='30']
SELECT a."Id", a."ConcurrencyStamp", a."Name", a."NormalizedName"
FROM "AspNetRoles" AS a
WHERE a."NormalizedName" = @__normalizedName_0
LIMIT 1
[2024-05-28 10:30:21.382 +01:00  INF]  Executed DbCommand (1ms) [Parameters=[@__normalizedName_0='?'], CommandType='"Text"', CommandTimeout='30']
SELECT a."Id", a."ConcurrencyStamp", a."Name", a."NormalizedName"
FROM "AspNetRoles" AS a
WHERE a."NormalizedName" = @__normalizedName_0
LIMIT 1
[2024-05-28 10:30:21.422 +01:00  INF]  Executed DbCommand (4ms) [Parameters=[@__normalizedEmail_0='?'], CommandType='"Text"', CommandTimeout='30']
SELECT a."Id", a."AccessFailedCount", a."AddressId", a."BusinessName", a."ConcurrencyStamp", a."ConfirmPassword", a."ContactName", a."CreatedAt", a."Email", a."EmailConfirmed", a."FirstName", a."ImageUrl", a."LastName", a."LockoutEnabled", a."LockoutEnd", a."NormalizedEmail", a."NormalizedUserName", a."Occupation", a."Password", a."PasswordHash", a."PhoneNumber", a."PhoneNumberConfirmed", a."PublicId", a."SecurityStamp", a."TwoFactorEnabled", a."UpdatedAt", a."UserName"
FROM "AspNetUsers" AS a
WHERE a."NormalizedEmail" = @__normalizedEmail_0
LIMIT 2
[2024-05-28 10:30:21.587 +01:00  INF]  Executed DbCommand (1ms) [Parameters=[@__normalizedUserName_0='?'], CommandType='"Text"', CommandTimeout='30']
SELECT a."Id", a."AccessFailedCount", a."AddressId", a."BusinessName", a."ConcurrencyStamp", a."ConfirmPassword", a."ContactName", a."CreatedAt", a."Email", a."EmailConfirmed", a."FirstName", a."ImageUrl", a."LastName", a."LockoutEnabled", a."LockoutEnd", a."NormalizedEmail", a."NormalizedUserName", a."Occupation", a."Password", a."PasswordHash", a."PhoneNumber", a."PhoneNumberConfirmed", a."PublicId", a."SecurityStamp", a."TwoFactorEnabled", a."UpdatedAt", a."UserName"
FROM "AspNetUsers" AS a
WHERE a."NormalizedUserName" = @__normalizedUserName_0
LIMIT 1
[2024-05-28 10:30:21.792 +01:00  ERR]  Failed executing DbCommand (21ms) [Parameters=[@p0='?', @p1='?' (DbType = Int32), @p2='?', @p3='?', @p4='?', @p5='?', @p6='?', @p7='?' (DbType = DateTime), @p8='?', @p9='?' (DbType = Boolean), @p10='?', @p11='?', @p12='?', @p13='?' (DbType = Boolean), @p14='?' (DbType = DateTime), @p15='?', @p16='?', @p17='?', @p18='?', @p19='?', @p20='?', @p21='?' (DbType = Boolean), @p22='?', @p23='?', @p24='?' (DbType = Boolean), @p25='?' (DbType = DateTime), @p26='?'], CommandType='"Text"', CommandTimeout='30']
INSERT INTO "AspNetUsers" ("Id", "AccessFailedCount", "AddressId", "BusinessName", "ConcurrencyStamp", "ConfirmPassword", "ContactName", "CreatedAt", "Email", "EmailConfirmed", "FirstName", "ImageUrl", "LastName", "LockoutEnabled", "LockoutEnd", "NormalizedEmail", "NormalizedUserName", "Occupation", "Password", "PasswordHash", "PhoneNumber", "PhoneNumberConfirmed", "PublicId", "SecurityStamp", "TwoFactorEnabled", "UpdatedAt", "UserName")
VALUES (@p0, @p1, @p2, @p3, @p4, @p5, @p6, @p7, @p8, @p9, @p10, @p11, @p12, @p13, @p14, @p15, @p16, @p17, @p18, @p19, @p20, @p21, @p22, @p23, @p24, @p25, @p26);
[2024-05-28 10:30:21.830 +01:00  ERR]  An exception occurred in the database while saving changes for context type '_360AdsNG.Infrastructure.Persistence.AppDbContext'.
Microsoft.EntityFrameworkCore.DbUpdateException: An error occurred while saving the entity changes. See the inner exception for details.
 ---> Npgsql.PostgresException (0x80004005): 23502: null value in column "PublicId" of relation "AspNetUsers" violates not-null constraint

DETAIL: Detail redacted as it may contain sensitive data. Specify 'Include Error Detail' in the connection string to include this information.
   at Npgsql.Internal.NpgsqlConnector.ReadMessageLong(Boolean async, DataRowLoadingMode dataRowLoadingMode, Boolean readingNotifications, Boolean isReadingPrependedMessage)
   at System.Runtime.CompilerServices.PoolingAsyncValueTaskMethodBuilder`1.StateMachineBox`1.System.Threading.Tasks.Sources.IValueTaskSource<TResult>.GetResult(Int16 token)
   at Npgsql.NpgsqlDataReader.NextResult(Boolean async, Boolean isConsuming, CancellationToken cancellationToken)
   at Npgsql.NpgsqlDataReader.NextResult(Boolean async, Boolean isConsuming, CancellationToken cancellationToken)
   at Npgsql.NpgsqlCommand.ExecuteReader(Boolean async, CommandBehavior behavior, CancellationToken cancellationToken)
   at Npgsql.NpgsqlCommand.ExecuteReader(Boolean async, CommandBehavior behavior, CancellationToken cancellationToken)
   at Npgsql.NpgsqlCommand.ExecuteDbDataReaderAsync(CommandBehavior behavior, CancellationToken cancellationToken)
   at Microsoft.EntityFrameworkCore.Storage.RelationalCommand.ExecuteReaderAsync(RelationalCommandParameterObject parameterObject, CancellationToken cancellationToken)
   at Microsoft.EntityFrameworkCore.Storage.RelationalCommand.ExecuteReaderAsync(RelationalCommandParameterObject parameterObject, CancellationToken cancellationToken)
   at Microsoft.EntityFrameworkCore.Update.ReaderModificationCommandBatch.ExecuteAsync(IRelationalConnection connection, CancellationToken cancellationToken)
  Exception data:
    Severity: ERROR
    SqlState: 23502
    MessageText: null value in column "PublicId" of relation "AspNetUsers" violates not-null constraint
    Detail: Detail redacted as it may contain sensitive data. Specify 'Include Error Detail' in the connection string to include this information.
    SchemaName: public
    TableName: AspNetUsers
    ColumnName: PublicId
    File: execMain.c
    Line: 2009
    Routine: ExecConstraints
   --- End of inner exception stack trace ---
   at Microsoft.EntityFrameworkCore.Update.ReaderModificationCommandBatch.ExecuteAsync(IRelationalConnection connection, CancellationToken cancellationToken)
   at Microsoft.EntityFrameworkCore.Update.Internal.BatchExecutor.ExecuteAsync(IEnumerable`1 commandBatches, IRelationalConnection connection, CancellationToken cancellationToken)
   at Microsoft.EntityFrameworkCore.Update.Internal.BatchExecutor.ExecuteAsync(IEnumerable`1 commandBatches, IRelationalConnection connection, CancellationToken cancellationToken)
   at Microsoft.EntityFrameworkCore.Update.Internal.BatchExecutor.ExecuteAsync(IEnumerable`1 commandBatches, IRelationalConnection connection, CancellationToken cancellationToken)
   at Microsoft.EntityFrameworkCore.ChangeTracking.Internal.StateManager.SaveChangesAsync(IList`1 entriesToSave, CancellationToken cancellationToken)
   at Microsoft.EntityFrameworkCore.ChangeTracking.Internal.StateManager.SaveChangesAsync(StateManager stateManager, Boolean acceptAllChangesOnSuccess, CancellationToken cancellationToken)
   at Npgsql.EntityFrameworkCore.PostgreSQL.Storage.Internal.NpgsqlExecutionStrategy.ExecuteAsync[TState,TResult](TState state, Func`4 operation, Func`4 verifySucceeded, CancellationToken cancellationToken)
   at Microsoft.EntityFrameworkCore.DbContext.SaveChangesAsync(Boolean acceptAllChangesOnSuccess, CancellationToken cancellationToken)
Microsoft.EntityFrameworkCore.DbUpdateException: An error occurred while saving the entity changes. See the inner exception for details.
 ---> Npgsql.PostgresException (0x80004005): 23502: null value in column "PublicId" of relation "AspNetUsers" violates not-null constraint

DETAIL: Detail redacted as it may contain sensitive data. Specify 'Include Error Detail' in the connection string to include this information.
   at Npgsql.Internal.NpgsqlConnector.ReadMessageLong(Boolean async, DataRowLoadingMode dataRowLoadingMode, Boolean readingNotifications, Boolean isReadingPrependedMessage)
   at System.Runtime.CompilerServices.PoolingAsyncValueTaskMethodBuilder`1.StateMachineBox`1.System.Threading.Tasks.Sources.IValueTaskSource<TResult>.GetResult(Int16 token)
   at Npgsql.NpgsqlDataReader.NextResult(Boolean async, Boolean isConsuming, CancellationToken cancellationToken)
   at Npgsql.NpgsqlDataReader.NextResult(Boolean async, Boolean isConsuming, CancellationToken cancellationToken)
   at Npgsql.NpgsqlCommand.ExecuteReader(Boolean async, CommandBehavior behavior, CancellationToken cancellationToken)
   at Npgsql.NpgsqlCommand.ExecuteReader(Boolean async, CommandBehavior behavior, CancellationToken cancellationToken)
   at Npgsql.NpgsqlCommand.ExecuteDbDataReaderAsync(CommandBehavior behavior, CancellationToken cancellationToken)
   at Microsoft.EntityFrameworkCore.Storage.RelationalCommand.ExecuteReaderAsync(RelationalCommandParameterObject parameterObject, CancellationToken cancellationToken)
   at Microsoft.EntityFrameworkCore.Storage.RelationalCommand.ExecuteReaderAsync(RelationalCommandParameterObject parameterObject, CancellationToken cancellationToken)
   at Microsoft.EntityFrameworkCore.Update.ReaderModificationCommandBatch.ExecuteAsync(IRelationalConnection connection, CancellationToken cancellationToken)
  Exception data:
    Severity: ERROR
    SqlState: 23502
    MessageText: null value in column "PublicId" of relation "AspNetUsers" violates not-null constraint
    Detail: Detail redacted as it may contain sensitive data. Specify 'Include Error Detail' in the connection string to include this information.
    SchemaName: public
    TableName: AspNetUsers
    ColumnName: PublicId
    File: execMain.c
    Line: 2009
    Routine: ExecConstraints
   --- End of inner exception stack trace ---
   at Microsoft.EntityFrameworkCore.Update.ReaderModificationCommandBatch.ExecuteAsync(IRelationalConnection connection, CancellationToken cancellationToken)
   at Microsoft.EntityFrameworkCore.Update.Internal.BatchExecutor.ExecuteAsync(IEnumerable`1 commandBatches, IRelationalConnection connection, CancellationToken cancellationToken)
   at Microsoft.EntityFrameworkCore.Update.Internal.BatchExecutor.ExecuteAsync(IEnumerable`1 commandBatches, IRelationalConnection connection, CancellationToken cancellationToken)
   at Microsoft.EntityFrameworkCore.Update.Internal.BatchExecutor.ExecuteAsync(IEnumerable`1 commandBatches, IRelationalConnection connection, CancellationToken cancellationToken)
   at Microsoft.EntityFrameworkCore.ChangeTracking.Internal.StateManager.SaveChangesAsync(IList`1 entriesToSave, CancellationToken cancellationToken)
   at Microsoft.EntityFrameworkCore.ChangeTracking.Internal.StateManager.SaveChangesAsync(StateManager stateManager, Boolean acceptAllChangesOnSuccess, CancellationToken cancellationToken)
   at Npgsql.EntityFrameworkCore.PostgreSQL.Storage.Internal.NpgsqlExecutionStrategy.ExecuteAsync[TState,TResult](TState state, Func`4 operation, Func`4 verifySucceeded, CancellationToken cancellationToken)
   at Microsoft.EntityFrameworkCore.DbContext.SaveChangesAsync(Boolean acceptAllChangesOnSuccess, CancellationToken cancellationToken)
[2024-05-28 10:30:22.050 +01:00  ERR]  An error occurred during seeding.
Microsoft.EntityFrameworkCore.DbUpdateException: An error occurred while saving the entity changes. See the inner exception for details.
 ---> Npgsql.PostgresException (0x80004005): 23502: null value in column "PublicId" of relation "AspNetUsers" violates not-null constraint

DETAIL: Detail redacted as it may contain sensitive data. Specify 'Include Error Detail' in the connection string to include this information.
   at Npgsql.Internal.NpgsqlConnector.ReadMessageLong(Boolean async, DataRowLoadingMode dataRowLoadingMode, Boolean readingNotifications, Boolean isReadingPrependedMessage)
   at System.Runtime.CompilerServices.PoolingAsyncValueTaskMethodBuilder`1.StateMachineBox`1.System.Threading.Tasks.Sources.IValueTaskSource<TResult>.GetResult(Int16 token)
   at Npgsql.NpgsqlDataReader.NextResult(Boolean async, Boolean isConsuming, CancellationToken cancellationToken)
   at Npgsql.NpgsqlDataReader.NextResult(Boolean async, Boolean isConsuming, CancellationToken cancellationToken)
   at Npgsql.NpgsqlCommand.ExecuteReader(Boolean async, CommandBehavior behavior, CancellationToken cancellationToken)
   at Npgsql.NpgsqlCommand.ExecuteReader(Boolean async, CommandBehavior behavior, CancellationToken cancellationToken)
   at Npgsql.NpgsqlCommand.ExecuteDbDataReaderAsync(CommandBehavior behavior, CancellationToken cancellationToken)
   at Microsoft.EntityFrameworkCore.Storage.RelationalCommand.ExecuteReaderAsync(RelationalCommandParameterObject parameterObject, CancellationToken cancellationToken)
   at Microsoft.EntityFrameworkCore.Storage.RelationalCommand.ExecuteReaderAsync(RelationalCommandParameterObject parameterObject, CancellationToken cancellationToken)
   at Microsoft.EntityFrameworkCore.Update.ReaderModificationCommandBatch.ExecuteAsync(IRelationalConnection connection, CancellationToken cancellationToken)
  Exception data:
    Severity: ERROR
    SqlState: 23502
    MessageText: null value in column "PublicId" of relation "AspNetUsers" violates not-null constraint
    Detail: Detail redacted as it may contain sensitive data. Specify 'Include Error Detail' in the connection string to include this information.
    SchemaName: public
    TableName: AspNetUsers
    ColumnName: PublicId
    File: execMain.c
    Line: 2009
    Routine: ExecConstraints
   --- End of inner exception stack trace ---
   at Microsoft.EntityFrameworkCore.Update.ReaderModificationCommandBatch.ExecuteAsync(IRelationalConnection connection, CancellationToken cancellationToken)
   at Microsoft.EntityFrameworkCore.Update.Internal.BatchExecutor.ExecuteAsync(IEnumerable`1 commandBatches, IRelationalConnection connection, CancellationToken cancellationToken)
   at Microsoft.EntityFrameworkCore.Update.Internal.BatchExecutor.ExecuteAsync(IEnumerable`1 commandBatches, IRelationalConnection connection, CancellationToken cancellationToken)
   at Microsoft.EntityFrameworkCore.Update.Internal.BatchExecutor.ExecuteAsync(IEnumerable`1 commandBatches, IRelationalConnection connection, CancellationToken cancellationToken)
   at Microsoft.EntityFrameworkCore.ChangeTracking.Internal.StateManager.SaveChangesAsync(IList`1 entriesToSave, CancellationToken cancellationToken)
   at Microsoft.EntityFrameworkCore.ChangeTracking.Internal.StateManager.SaveChangesAsync(StateManager stateManager, Boolean acceptAllChangesOnSuccess, CancellationToken cancellationToken)
   at Npgsql.EntityFrameworkCore.PostgreSQL.Storage.Internal.NpgsqlExecutionStrategy.ExecuteAsync[TState,TResult](TState state, Func`4 operation, Func`4 verifySucceeded, CancellationToken cancellationToken)
   at Microsoft.EntityFrameworkCore.DbContext.SaveChangesAsync(Boolean acceptAllChangesOnSuccess, CancellationToken cancellationToken)
   at Microsoft.EntityFrameworkCore.DbContext.SaveChangesAsync(Boolean acceptAllChangesOnSuccess, CancellationToken cancellationToken)
   at Microsoft.AspNetCore.Identity.EntityFrameworkCore.UserStore`9.CreateAsync(TUser user, CancellationToken cancellationToken)
   at Microsoft.AspNetCore.Identity.UserManager`1.CreateAsync(TUser user)
   at Microsoft.AspNetCore.Identity.UserManager`1.CreateAsync(TUser user, String password)
   at _360AdsNG.Infrastructure.Seed.Seeder.Run(IServiceProvider serviceProvider) in C:\Users\DECAGON\Desktop\360AdsNG.API\360AdsNG.API\360AdsNG.Infrastructure\Seed\Seeder.cs:line 43
   at Program.<Main>$(String[] args) in C:\Users\DECAGON\Desktop\360AdsNG.API\360AdsNG.API\360AdsNG.API\Program.cs:line 56
[2024-05-28 10:30:22.198 +01:00  WRN]  The WebRootPath was not found: C:\Users\DECAGON\Desktop\360AdsNG.API\360AdsNG.API\360AdsNG.API\wwwroot. Static files may be unavailable.
[2024-05-28 10:30:22.392 +01:00  INF]  Now listening on: https://localhost:7112
[2024-05-28 10:30:22.392 +01:00  INF]  Now listening on: http://localhost:5169
[2024-05-28 10:30:22.393 +01:00  INF]  Application started. Press Ctrl+C to shut down.
[2024-05-28 10:30:22.393 +01:00  INF]  Hosting environment: Development
[2024-05-28 10:30:22.393 +01:00  INF]  Content root path: C:\Users\DECAGON\Desktop\360AdsNG.API\360AdsNG.API\360AdsNG.API
[2024-05-28 10:30:24.428 +01:00  INF]  Request starting HTTP/2 GET https://localhost:7112/swagger/index.html - null null
[2024-05-28 10:30:24.783 +01:00  INF]  Request finished HTTP/2 GET https://localhost:7112/swagger/index.html - 200 null text/html;charset=utf-8 365.0539ms
[2024-05-28 10:30:24.853 +01:00  INF]  Request starting HTTP/2 GET https://localhost:7112/_framework/aspnetcore-browser-refresh.js - null null
[2024-05-28 10:30:24.855 +01:00  INF]  Request starting HTTP/2 GET https://localhost:7112/_vs/browserLink - null null
[2024-05-28 10:30:24.862 +01:00  INF]  Request finished HTTP/2 GET https://localhost:7112/_framework/aspnetcore-browser-refresh.js - 200 13760 application/javascript; charset=utf-8 9.2631ms
[2024-05-28 10:30:24.924 +01:00  INF]  Request finished HTTP/2 GET https://localhost:7112/_vs/browserLink - 200 null text/javascript; charset=UTF-8 70.263ms
[2024-05-28 10:30:25.022 +01:00  INF]  Request starting HTTP/2 GET https://localhost:7112/swagger/v1/swagger.json - null null
[2024-05-28 10:30:25.206 +01:00  INF]  Request finished HTTP/2 GET https://localhost:7112/swagger/v1/swagger.json - 200 null application/json;charset=utf-8 184.084ms
[2024-05-28 10:31:00.923 +01:00  INF]  Request starting HTTP/2 POST https://localhost:7112/api/v1/auth/login - application/json 59
[2024-05-28 10:31:00.929 +01:00  INF]  CORS policy execution successful.
[2024-05-28 10:31:01.068 +01:00  INF]  Executing endpoint '_360AdsNG.API.Controllers.AuthController.Login (360AdsNG.API)'
[2024-05-28 10:31:01.095 +01:00  INF]  Route matched with {action = "Login", controller = "Auth"}. Executing controller action with signature System.Threading.Tasks.Task`1[Microsoft.AspNetCore.Mvc.IActionResult] Login(_360AdsNG.Application.Dtos.AuthDtos.LoginUserDto) on controller _360AdsNG.API.Controllers.AuthController (360AdsNG.API).
[2024-05-28 10:31:39.619 +01:00  INF]  executing...
[2024-05-28 10:32:15.077 +01:00  INF]  Executed DbCommand (1ms) [Parameters=[@__normalizedEmail_0='?'], CommandType='"Text"', CommandTimeout='30']
SELECT a."Id", a."AccessFailedCount", a."AddressId", a."BusinessName", a."ConcurrencyStamp", a."ConfirmPassword", a."ContactName", a."CreatedAt", a."Email", a."EmailConfirmed", a."FirstName", a."ImageUrl", a."LastName", a."LockoutEnabled", a."LockoutEnd", a."NormalizedEmail", a."NormalizedUserName", a."Occupation", a."Password", a."PasswordHash", a."PhoneNumber", a."PhoneNumberConfirmed", a."PublicId", a."SecurityStamp", a."TwoFactorEnabled", a."UpdatedAt", a."UserName"
FROM "AspNetUsers" AS a
WHERE a."NormalizedEmail" = @__normalizedEmail_0
LIMIT 2
[2024-05-28 10:32:50.983 +01:00  INF]  Executing BadRequestObjectResult, writing value of type '_360AdsNG.API.Dtos.ResponseDto`1[[System.Object, System.Private.CoreLib, Version=8.0.0.0, Culture=neutral, PublicKeyToken=7cec85d7bea7798e]]'.
[2024-05-28 10:32:57.971 +01:00  INF]  Executed action _360AdsNG.API.Controllers.AuthController.Login (360AdsNG.API) in 116870.087ms
[2024-05-28 10:32:57.971 +01:00  INF]  Executed endpoint '_360AdsNG.API.Controllers.AuthController.Login (360AdsNG.API)'
[2024-05-28 10:33:03.671 +01:00  INF]  Request finished HTTP/2 POST https://localhost:7112/api/v1/auth/login - 400 null application/json; charset=utf-8 122748.1731ms
