[2024-05-29 19:59:28.410 +01:00  INF]  Configuring Swagger
[2024-05-29 19:59:28.458 +01:00  INF]  Configuring Authentication
[2024-05-29 19:59:28.459 +01:00  INF]  Configuring CORS
[2024-05-29 19:59:28.459 +01:00  INF]  Configuring Dependency Injection
[2024-05-29 19:59:34.940 +01:00  INF]  Configuring Swagger
[2024-05-29 19:59:34.976 +01:00  INF]  Configuring Authentication
[2024-05-29 19:59:34.977 +01:00  INF]  Configuring CORS
[2024-05-29 19:59:34.977 +01:00  INF]  Configuring Dependency Injection
[2024-05-29 19:59:37.499 +01:00  INF]  Executed DbCommand (275ms) [Parameters=[], CommandType='"Text"', CommandTimeout='30']
DROP DATABASE "360AdsNG" WITH (FORCE);
[2024-05-29 20:00:07.110 +01:00  INF]  Configuring Swagger
[2024-05-29 20:00:07.148 +01:00  INF]  Configuring Authentication
[2024-05-29 20:00:07.149 +01:00  INF]  Configuring CORS
[2024-05-29 20:00:07.149 +01:00  INF]  Configuring Dependency Injection
[2024-05-29 20:00:24.767 +01:00  INF]  Configuring Swagger
[2024-05-29 20:00:24.805 +01:00  INF]  Configuring Authentication
[2024-05-29 20:00:24.805 +01:00  INF]  Configuring CORS
[2024-05-29 20:00:24.805 +01:00  INF]  Configuring Dependency Injection
[2024-05-29 20:00:50.023 +01:00  INF]  Configuring Swagger
[2024-05-29 20:00:50.055 +01:00  INF]  Configuring Authentication
[2024-05-29 20:00:50.055 +01:00  INF]  Configuring CORS
[2024-05-29 20:00:50.055 +01:00  INF]  Configuring Dependency Injection
[2024-05-29 20:00:53.916 +01:00  INF]  Executed DbCommand (430ms) [Parameters=[], CommandType='"Text"', CommandTimeout='30']
CREATE DATABASE "360AdsNG";
[2024-05-29 20:00:54.405 +01:00  INF]  Executed DbCommand (9ms) [Parameters=[], CommandType='"Text"', CommandTimeout='30']
CREATE TABLE "__EFMigrationsHistory" (
    "MigrationId" character varying(150) NOT NULL,
    "ProductVersion" character varying(32) NOT NULL,
    CONSTRAINT "PK___EFMigrationsHistory" PRIMARY KEY ("MigrationId")
);
[2024-05-29 20:00:54.505 +01:00  INF]  Executed DbCommand (38ms) [Parameters=[], CommandType='"Text"', CommandTimeout='30']
SELECT EXISTS (
    SELECT 1 FROM pg_catalog.pg_class c
    JOIN pg_catalog.pg_namespace n ON n.oid=c.relnamespace
    WHERE n.nspname='public' AND
          c.relname='__EFMigrationsHistory'
)
[2024-05-29 20:00:54.510 +01:00  INF]  Executed DbCommand (2ms) [Parameters=[], CommandType='"Text"', CommandTimeout='30']
SELECT "MigrationId", "ProductVersion"
FROM "__EFMigrationsHistory"
ORDER BY "MigrationId";
[2024-05-29 20:00:54.526 +01:00  INF]  Applying migration '20240529190028_initial'.
[2024-05-29 20:00:54.617 +01:00  INF]  Executed DbCommand (7ms) [Parameters=[], CommandType='"Text"', CommandTimeout='30']
CREATE TABLE "Addresses" (
    "Id" text NOT NULL,
    "Street" text NOT NULL,
    "City" text NOT NULL,
    "State" text NOT NULL,
    "Country" text NOT NULL,
    "Longitude" double precision,
    "Latitude" double precision,
    "CreatedAt" timestamp with time zone NOT NULL,
    "UpdatedAt" timestamp with time zone NOT NULL,
    CONSTRAINT "PK_Addresses" PRIMARY KEY ("Id")
);
[2024-05-29 20:00:54.623 +01:00  INF]  Executed DbCommand (5ms) [Parameters=[], CommandType='"Text"', CommandTimeout='30']
CREATE TABLE "AspNetRoles" (
    "Id" text NOT NULL,
    "Name" character varying(256),
    "NormalizedName" character varying(256),
    "ConcurrencyStamp" text,
    CONSTRAINT "PK_AspNetRoles" PRIMARY KEY ("Id")
);
[2024-05-29 20:00:54.633 +01:00  INF]  Executed DbCommand (10ms) [Parameters=[], CommandType='"Text"', CommandTimeout='30']
CREATE TABLE "AspNetUsers" (
    "Id" text NOT NULL,
    "FirstName" text,
    "LastName" text,
    "ImageUrl" text,
    "Occupation" text,
    "BusinessName" text,
    "ContactName" text,
    "PublicId" text NOT NULL,
    "AddressId" text,
    "CreatedAt" timestamp with time zone NOT NULL,
    "UpdatedAt" timestamp with time zone NOT NULL,
    "Password" text NOT NULL,
    "ConfirmPassword" text NOT NULL,
    "UserName" character varying(256),
    "NormalizedUserName" character varying(256),
    "Email" character varying(256),
    "NormalizedEmail" character varying(256),
    "EmailConfirmed" boolean NOT NULL,
    "PasswordHash" text,
    "SecurityStamp" text,
    "ConcurrencyStamp" text,
    "PhoneNumber" text,
    "PhoneNumberConfirmed" boolean NOT NULL,
    "TwoFactorEnabled" boolean NOT NULL,
    "LockoutEnd" timestamp with time zone,
    "LockoutEnabled" boolean NOT NULL,
    "AccessFailedCount" integer NOT NULL,
    CONSTRAINT "PK_AspNetUsers" PRIMARY KEY ("Id"),
    CONSTRAINT "FK_AspNetUsers_Addresses_AddressId" FOREIGN KEY ("AddressId") REFERENCES "Addresses" ("Id")
);
[2024-05-29 20:00:54.641 +01:00  INF]  Executed DbCommand (8ms) [Parameters=[], CommandType='"Text"', CommandTimeout='30']
CREATE TABLE "AspNetRoleClaims" (
    "Id" integer GENERATED BY DEFAULT AS IDENTITY,
    "RoleId" text NOT NULL,
    "ClaimType" text,
    "ClaimValue" text,
    CONSTRAINT "PK_AspNetRoleClaims" PRIMARY KEY ("Id"),
    CONSTRAINT "FK_AspNetRoleClaims_AspNetRoles_RoleId" FOREIGN KEY ("RoleId") REFERENCES "AspNetRoles" ("Id") ON DELETE CASCADE
);
[2024-05-29 20:00:54.649 +01:00  INF]  Executed DbCommand (7ms) [Parameters=[], CommandType='"Text"', CommandTimeout='30']
CREATE TABLE "AspNetUserClaims" (
    "Id" integer GENERATED BY DEFAULT AS IDENTITY,
    "UserId" text NOT NULL,
    "ClaimType" text,
    "ClaimValue" text,
    CONSTRAINT "PK_AspNetUserClaims" PRIMARY KEY ("Id"),
    CONSTRAINT "FK_AspNetUserClaims_AspNetUsers_UserId" FOREIGN KEY ("UserId") REFERENCES "AspNetUsers" ("Id") ON DELETE CASCADE
);
[2024-05-29 20:00:54.655 +01:00  INF]  Executed DbCommand (7ms) [Parameters=[], CommandType='"Text"', CommandTimeout='30']
CREATE TABLE "AspNetUserLogins" (
    "LoginProvider" text NOT NULL,
    "ProviderKey" text NOT NULL,
    "ProviderDisplayName" text,
    "UserId" text NOT NULL,
    CONSTRAINT "PK_AspNetUserLogins" PRIMARY KEY ("LoginProvider", "ProviderKey"),
    CONSTRAINT "FK_AspNetUserLogins_AspNetUsers_UserId" FOREIGN KEY ("UserId") REFERENCES "AspNetUsers" ("Id") ON DELETE CASCADE
);
[2024-05-29 20:00:54.662 +01:00  INF]  Executed DbCommand (6ms) [Parameters=[], CommandType='"Text"', CommandTimeout='30']
CREATE TABLE "AspNetUserRoles" (
    "UserId" text NOT NULL,
    "RoleId" text NOT NULL,
    CONSTRAINT "PK_AspNetUserRoles" PRIMARY KEY ("UserId", "RoleId"),
    CONSTRAINT "FK_AspNetUserRoles_AspNetRoles_RoleId" FOREIGN KEY ("RoleId") REFERENCES "AspNetRoles" ("Id") ON DELETE CASCADE,
    CONSTRAINT "FK_AspNetUserRoles_AspNetUsers_UserId" FOREIGN KEY ("UserId") REFERENCES "AspNetUsers" ("Id") ON DELETE CASCADE
);
[2024-05-29 20:00:54.697 +01:00  INF]  Executed DbCommand (10ms) [Parameters=[], CommandType='"Text"', CommandTimeout='30']
CREATE TABLE "AspNetUserTokens" (
    "UserId" text NOT NULL,
    "LoginProvider" text NOT NULL,
    "Name" text NOT NULL,
    "Value" text,
    CONSTRAINT "PK_AspNetUserTokens" PRIMARY KEY ("UserId", "LoginProvider", "Name"),
    CONSTRAINT "FK_AspNetUserTokens_AspNetUsers_UserId" FOREIGN KEY ("UserId") REFERENCES "AspNetUsers" ("Id") ON DELETE CASCADE
);
[2024-05-29 20:00:54.709 +01:00  INF]  Executed DbCommand (11ms) [Parameters=[], CommandType='"Text"', CommandTimeout='30']
CREATE TABLE "Billboards" (
    "Id" text NOT NULL,
    "UserId" text NOT NULL,
    "AddressId" text NOT NULL,
    "Name" text NOT NULL,
    "Price" integer NOT NULL,
    "BoardType" text NOT NULL,
    "DailyImpressions" integer NOT NULL,
    "DurationPerDisplay" integer NOT NULL,
    "Time" text NOT NULL,
    "Dimension" text NOT NULL,
    "PixelSize" text NOT NULL,
    "Orientation" integer NOT NULL,
    "Negotiable" integer NOT NULL,
    "TrafficDescription" text NOT NULL,
    "ImageUrl" text NOT NULL,
    "Note" text NOT NULL,
    "CreatedAt" timestamp with time zone NOT NULL,
    "UpdatedAt" timestamp with time zone NOT NULL,
    CONSTRAINT "PK_Billboards" PRIMARY KEY ("Id"),
    CONSTRAINT "FK_Billboards_Addresses_AddressId" FOREIGN KEY ("AddressId") REFERENCES "Addresses" ("Id") ON DELETE CASCADE,
    CONSTRAINT "FK_Billboards_AspNetUsers_UserId" FOREIGN KEY ("UserId") REFERENCES "AspNetUsers" ("Id") ON DELETE CASCADE
);
[2024-05-29 20:00:54.719 +01:00  INF]  Executed DbCommand (10ms) [Parameters=[], CommandType='"Text"', CommandTimeout='30']
CREATE TABLE "Vendors" (
    "Id" text NOT NULL,
    "UserId" text NOT NULL,
    "AddressId" text,
    "CompanyName" text,
    "CreatedAt" timestamp with time zone NOT NULL,
    "UpdatedAt" timestamp with time zone NOT NULL,
    CONSTRAINT "PK_Vendors" PRIMARY KEY ("Id"),
    CONSTRAINT "FK_Vendors_Addresses_AddressId" FOREIGN KEY ("AddressId") REFERENCES "Addresses" ("Id"),
    CONSTRAINT "FK_Vendors_AspNetUsers_UserId" FOREIGN KEY ("UserId") REFERENCES "AspNetUsers" ("Id") ON DELETE CASCADE
);
[2024-05-29 20:00:54.730 +01:00  INF]  Executed DbCommand (11ms) [Parameters=[], CommandType='"Text"', CommandTimeout='30']
INSERT INTO "Addresses" ("Id", "City", "Country", "CreatedAt", "Latitude", "Longitude", "State", "Street", "UpdatedAt")
VALUES ('1', 'Cityville', 'Countryland', TIMESTAMPTZ '2024-05-29T19:00:26.760884+00:00', 78.909999999999997, 123.456, 'Stateville', '123 Main St', TIMESTAMPTZ '2024-05-29T19:00:26.760884+00:00');
INSERT INTO "Addresses" ("Id", "City", "Country", "CreatedAt", "Latitude", "Longitude", "State", "Street", "UpdatedAt")
VALUES ('2', 'Townsville', 'Anotherland', TIMESTAMPTZ '2024-05-29T19:00:26.760885+00:00', 12.345000000000001, 45.677999999999997, 'Countyville', '456 Elm St', TIMESTAMPTZ '2024-05-29T19:00:26.760885+00:00');
INSERT INTO "Addresses" ("Id", "City", "Country", "CreatedAt", "Latitude", "Longitude", "State", "Street", "UpdatedAt")
VALUES ('3', 'Villagetown', 'Otherland', TIMESTAMPTZ '2024-05-29T19:00:26.760885+00:00', 67.890000000000001, 90.123000000000005, 'Provinceville', '789 Oak St', TIMESTAMPTZ '2024-05-29T19:00:26.760885+00:00');
INSERT INTO "Addresses" ("Id", "City", "Country", "CreatedAt", "Latitude", "Longitude", "State", "Street", "UpdatedAt")
VALUES ('4', 'Hamletville', 'Someland', TIMESTAMPTZ '2024-05-29T19:00:26.760887+00:00', 89.012, 34.567, 'Territorytown', '1011 Pine St', TIMESTAMPTZ '2024-05-29T19:00:26.760887+00:00');
INSERT INTO "Addresses" ("Id", "City", "Country", "CreatedAt", "Latitude", "Longitude", "State", "Street", "UpdatedAt")
VALUES ('5', 'Countryside', 'Landofthefree', TIMESTAMPTZ '2024-05-29T19:00:26.760889+00:00', 23.456, 56.789000000000001, 'Districtville', '1213 Cedar St', TIMESTAMPTZ '2024-05-29T19:00:26.760889+00:00');
INSERT INTO "Addresses" ("Id", "City", "Country", "CreatedAt", "Latitude", "Longitude", "State", "Street", "UpdatedAt")
VALUES ('6', 'Settlementtown', 'Everywhere', TIMESTAMPTZ '2024-05-29T19:00:26.76089+00:00', 34.567, 78.900999999999996, 'Municipality', '1415 Birch St', TIMESTAMPTZ '2024-05-29T19:00:26.76089+00:00');
INSERT INTO "Addresses" ("Id", "City", "Country", "CreatedAt", "Latitude", "Longitude", "State", "Street", "UpdatedAt")
VALUES ('7', 'Hollowville', 'Otherland', TIMESTAMPTZ '2024-05-29T19:00:26.76089+00:00', 90.123000000000005, 12.345000000000001, 'Territorytown', '1617 Maple St', TIMESTAMPTZ '2024-05-29T19:00:26.76089+00:00');
[2024-05-29 20:00:54.758 +01:00  ERR]  Failed executing DbCommand (27ms) [Parameters=[], CommandType='"Text"', CommandTimeout='30']
INSERT INTO "AspNetUsers" ("Id", "AccessFailedCount", "AddressId", "BusinessName", "ConcurrencyStamp", "ConfirmPassword", "ContactName", "CreatedAt", "Email", "EmailConfirmed", "FirstName", "ImageUrl", "LastName", "LockoutEnabled", "LockoutEnd", "NormalizedEmail", "NormalizedUserName", "Occupation", "Password", "PasswordHash", "PhoneNumber", "PhoneNumberConfirmed", "PublicId", "SecurityStamp", "TwoFactorEnabled", "UpdatedAt", "UserName")
VALUES ('admin_id', 0, '0', NULL, 'f459eb33-6244-42e9-8d3d-44669c5cfe73', 'Admin@123', NULL, TIMESTAMPTZ '2024-05-29T19:00:26.864443+00:00', 'admin@admin.com', FALSE, 'Admin', NULL, 'Admin', FALSE, NULL, 'ADMIN@ADMIN.COM', 'ADMIN@ADMIN.COM', NULL, 'Admin@123', 'AQAAAAIAAYagAAAAEK0u9yGASU7c89bEUWmlH9EYw9YoDgmNjAJPIvBRz0HNKtOl+r6wBTJoJ1Q48t2QaQ==', '08130990162', FALSE, 'public_id_0', 'f4ec5cbf-c63f-49ad-8f1d-2f22b65b3dc1', FALSE, TIMESTAMPTZ '2024-05-29T19:00:26.864443+00:00', 'admin@admin.com');
INSERT INTO "AspNetUsers" ("Id", "AccessFailedCount", "AddressId", "BusinessName", "ConcurrencyStamp", "ConfirmPassword", "ContactName", "CreatedAt", "Email", "EmailConfirmed", "FirstName", "ImageUrl", "LastName", "LockoutEnabled", "LockoutEnd", "NormalizedEmail", "NormalizedUserName", "Occupation", "Password", "PasswordHash", "PhoneNumber", "PhoneNumberConfirmed", "PublicId", "SecurityStamp", "TwoFactorEnabled", "UpdatedAt", "UserName")
VALUES ('user_id_1', 0, '1', 'ABC Company', '06b69b6d-e663-45bc-9fca-6070d2fe3b53', 'Password@123', 'Jane Doe', TIMESTAMPTZ '2024-05-29T19:00:26.952107+00:00', 'john.doe@gmail.com', FALSE, 'John', 'https://images.unsplash.com/photo-1633332755192-727a05c4013d?q=80&w=1780&auto=format&fit=crop&ixlib=rb-4.0.3&ixid=M3wxMjA3fDB8MHxwaG90by1wYWdlfHx8fGVufDB8fHx8fA%3D%3D', 'Doe', FALSE, NULL, 'JOHN.DOE@GMAIL.COM', 'JOHN.DOE@GMAIL.COM', 'Developer', 'Password@123', 'AQAAAAIAAYagAAAAEEQu4ohP8ZXftYRD+2UBHCL0vQKXC3ljrdIHhTJxFj4xRYObtnGTT/m9i3KDtkZ+kw==', NULL, FALSE, 'public_id_1', 'afb7645a-2f2e-47b3-88f2-cc3688166d8f', FALSE, TIMESTAMPTZ '2024-05-29T19:00:26.952107+00:00', 'john.doe@gmail.com');
INSERT INTO "AspNetUsers" ("Id", "AccessFailedCount", "AddressId", "BusinessName", "ConcurrencyStamp", "ConfirmPassword", "ContactName", "CreatedAt", "Email", "EmailConfirmed", "FirstName", "ImageUrl", "LastName", "LockoutEnabled", "LockoutEnd", "NormalizedEmail", "NormalizedUserName", "Occupation", "Password", "PasswordHash", "PhoneNumber", "PhoneNumberConfirmed", "PublicId", "SecurityStamp", "TwoFactorEnabled", "UpdatedAt", "UserName")
VALUES ('user_id_2', 0, '2', 'XYZ Company', '280b23cc-8b3a-4fe2-b4a3-424b701b99f0', 'Password@123', 'John Smith', TIMESTAMPTZ '2024-05-29T19:00:27.062888+00:00', 'alice.smith@gmail.com', FALSE, 'Alice', 'https://unsplash.com/photos/closeup-photography-of-woman-smiling-mEZ3PoFGs_k', 'Smith', FALSE, NULL, 'ALICE.SMITH@GMAIL.COM', 'ALICE.SMITH@GMAIL.COM', 'Designer', 'Password@123', 'AQAAAAIAAYagAAAAEJs2vK0G5kBTPN2oZ8bnaIj3rbmqT9iBPx985wdBAYC8rf36KXI5JhpWUpvSsKQtaw==', NULL, FALSE, 'public_id_2', 'dad10eae-f237-4000-b34f-b0b16ea4583f', FALSE, TIMESTAMPTZ '2024-05-29T19:00:27.062888+00:00', 'alice.smith@gmail.com');
INSERT INTO "AspNetUsers" ("Id", "AccessFailedCount", "AddressId", "BusinessName", "ConcurrencyStamp", "ConfirmPassword", "ContactName", "CreatedAt", "Email", "EmailConfirmed", "FirstName", "ImageUrl", "LastName", "LockoutEnabled", "LockoutEnd", "NormalizedEmail", "NormalizedUserName", "Occupation", "Password", "PasswordHash", "PhoneNumber", "PhoneNumberConfirmed", "PublicId", "SecurityStamp", "TwoFactorEnabled", "UpdatedAt", "UserName")
VALUES ('user_id_3', 0, '3', 'EFG Enterprises', '477e3684-a407-471e-8d6c-ac1632ec551d', 'Password@123', 'Michael Johnson', TIMESTAMPTZ '2024-05-29T19:00:27.156531+00:00', 'emily.johnson@gmail.com', FALSE, 'Emily', 'https://www.istockphoto.com/photo/headshot-portrait-of-smiling-male-employee-in-office-gm1309328823-399075075', 'Johnson', FALSE, NULL, 'EMILY.JOHNSON@GMAIL.COM', 'EMILY.JOHNSON@GMAIL.COM', 'Writer', 'Password@123', 'AQAAAAIAAYagAAAAELc6/M6EoLHKxgYpoP2JnFQqKkQ7DWowo7IR4Ej8iaqzp6ehDLhlw4tO/Nj6/rXRQw==', NULL, FALSE, 'public_id_3', '74aa7765-04d6-4d0d-bf26-26edf2d6ea03', FALSE, TIMESTAMPTZ '2024-05-29T19:00:27.156531+00:00', 'emily.johnson@gmail.com');
INSERT INTO "AspNetUsers" ("Id", "AccessFailedCount", "AddressId", "BusinessName", "ConcurrencyStamp", "ConfirmPassword", "ContactName", "CreatedAt", "Email", "EmailConfirmed", "FirstName", "ImageUrl", "LastName", "LockoutEnabled", "LockoutEnd", "NormalizedEmail", "NormalizedUserName", "Occupation", "Password", "PasswordHash", "PhoneNumber", "PhoneNumberConfirmed", "PublicId", "SecurityStamp", "TwoFactorEnabled", "UpdatedAt", "UserName")
VALUES ('user_id_4', 0, '4', 'DB Tech', 'f8585f6f-3b19-4315-adc2-8d7bbf9d7368', 'Password@123', 'Emma Brown', TIMESTAMPTZ '2024-05-29T19:00:27.245415+00:00', 'david.brown@gmail.com', FALSE, 'David', 'https://example.com/david.jpg', 'Brown', FALSE, NULL, 'DAVID.BROWN@GMAIL.COM', 'DAVID.BROWN@GMAIL.COM', 'Engineer', 'Password@123', 'AQAAAAIAAYagAAAAEJhL09FMmLPq09JuW7BKETo3OPAJ6vaaGLNJqTIGSZU4NTJq4wIm46gWbnsrzS0zAA==', NULL, FALSE, 'public_id_4', 'da8ddebc-e75b-4052-bab2-f3e34d53ccee', FALSE, TIMESTAMPTZ '2024-05-29T19:00:27.245416+00:00', 'david.brown@gmail.com');
INSERT INTO "AspNetUsers" ("Id", "AccessFailedCount", "AddressId", "BusinessName", "ConcurrencyStamp", "ConfirmPassword", "ContactName", "CreatedAt", "Email", "EmailConfirmed", "FirstName", "ImageUrl", "LastName", "LockoutEnabled", "LockoutEnd", "NormalizedEmail", "NormalizedUserName", "Occupation", "Password", "PasswordHash", "PhoneNumber", "PhoneNumberConfirmed", "PublicId", "SecurityStamp", "TwoFactorEnabled", "UpdatedAt", "UserName")
VALUES ('user_id_5', 0, '5', 'Artistic Creations', '55bb8088-1db6-4306-a0ce-ab866d4864bf', 'Password@123', 'Daniel Martinez', TIMESTAMPTZ '2024-05-29T19:00:27.337653+00:00', 'sophia.martinez@gmail.com', FALSE, 'Sophia', 'https://example.com/sophia.jpg', 'Martinez', FALSE, NULL, 'SOPHIA.MARTINEZ@GMAIL.COM', 'SOPHIA.MARTINEZ@GMAIL.COM', 'Artist', 'Password@123', 'AQAAAAIAAYagAAAAEHTsmjqIBx6MzSq/lykQ1mA4jzJVi0kPFeSJpqneojWsnwa6NN/duLBBzfnsHPZqqQ==', NULL, FALSE, 'public_id_5', 'e7767cbe-b83f-415c-aea5-272bcccc033e', FALSE, TIMESTAMPTZ '2024-05-29T19:00:27.337653+00:00', 'sophia.martinez@gmail.com');
INSERT INTO "AspNetUsers" ("Id", "AccessFailedCount", "AddressId", "BusinessName", "ConcurrencyStamp", "ConfirmPassword", "ContactName", "CreatedAt", "Email", "EmailConfirmed", "FirstName", "ImageUrl", "LastName", "LockoutEnabled", "LockoutEnd", "NormalizedEmail", "NormalizedUserName", "Occupation", "Password", "PasswordHash", "PhoneNumber", "PhoneNumberConfirmed", "PublicId", "SecurityStamp", "TwoFactorEnabled", "UpdatedAt", "UserName")
VALUES ('user_id_6', 0, '6', 'Lee Marketing Solutions', '57bcc75c-5e69-4283-865d-ae66a22dd7bc', 'Password@123', 'Olivia Lee', TIMESTAMPTZ '2024-05-29T19:00:27.439461+00:00', 'james.lee@gmail.com', FALSE, 'James', 'https://example.com/james.jpg', 'Lee', FALSE, NULL, 'JAMES.LEE@GMAIL.COM', 'JAMES.LEE@GMAIL.COM', 'Marketing Manager', 'Password@123', 'AQAAAAIAAYagAAAAEE0SYxMTcQIgkluuNx9kHu5BNFLmjbR0fKqAo1SgI3EAeLsOhrkaLSj+xMMsOOhgSA==', NULL, FALSE, 'public_id_6', 'fe82c51e-5e1b-46ac-a29b-87c6e468b6f9', FALSE, TIMESTAMPTZ '2024-05-29T19:00:27.439462+00:00', 'james.lee@gmail.com');
INSERT INTO "AspNetUsers" ("Id", "AccessFailedCount", "AddressId", "BusinessName", "ConcurrencyStamp", "ConfirmPassword", "ContactName", "CreatedAt", "Email", "EmailConfirmed", "FirstName", "ImageUrl", "LastName", "LockoutEnabled", "LockoutEnd", "NormalizedEmail", "NormalizedUserName", "Occupation", "Password", "PasswordHash", "PhoneNumber", "PhoneNumberConfirmed", "PublicId", "SecurityStamp", "TwoFactorEnabled", "UpdatedAt", "UserName")
VALUES ('user_id_7', 0, '7', 'Educational Institute', '3ef71f7d-544b-4fe5-96ad-942f19c3b0a7', 'Password@123', 'Noah Wilson', TIMESTAMPTZ '2024-05-29T19:00:27.534261+00:00', 'emma.wilson@gmail.com', FALSE, 'Emma', 'https://example.com/emma.jpg', 'Wilson', FALSE, NULL, 'EMMA.WILSON@GMAIL.COM', 'EMMA.WILSON@GMAIL.COM', 'Teacher', 'Password@123', 'AQAAAAIAAYagAAAAEJbipX5JQG4g0iFkPCBq2U7WZJ/eXKjLl9skERNj2z4DdTwZ+AALxu3gbZ5vNVCbQw==', NULL, FALSE, 'public_id_7', 'ec1dd06d-122a-4dfc-91ba-b23e77792326', FALSE, TIMESTAMPTZ '2024-05-29T19:00:27.534262+00:00', 'emma.wilson@gmail.com');
[2024-05-29 20:09:30.785 +01:00  INF]  Configuring Swagger
[2024-05-29 20:09:30.848 +01:00  INF]  Configuring Authentication
[2024-05-29 20:09:30.849 +01:00  INF]  Configuring CORS
[2024-05-29 20:09:30.849 +01:00  INF]  Configuring Dependency Injection
[2024-05-29 20:09:35.334 +01:00  INF]  Configuring Swagger
[2024-05-29 20:09:35.364 +01:00  INF]  Configuring Authentication
[2024-05-29 20:09:35.364 +01:00  INF]  Configuring CORS
[2024-05-29 20:09:35.365 +01:00  INF]  Configuring Dependency Injection
[2024-05-29 20:09:37.805 +01:00  INF]  Executed DbCommand (98ms) [Parameters=[], CommandType='"Text"', CommandTimeout='30']
DROP DATABASE "360AdsNG" WITH (FORCE);
[2024-05-29 20:09:56.825 +01:00  INF]  Configuring Swagger
[2024-05-29 20:09:56.897 +01:00  INF]  Configuring Authentication
[2024-05-29 20:09:56.899 +01:00  INF]  Configuring CORS
[2024-05-29 20:09:56.900 +01:00  INF]  Configuring Dependency Injection
[2024-05-29 20:10:08.237 +01:00  INF]  Configuring Swagger
[2024-05-29 20:10:08.283 +01:00  INF]  Configuring Authentication
[2024-05-29 20:10:08.284 +01:00  INF]  Configuring CORS
[2024-05-29 20:10:08.284 +01:00  INF]  Configuring Dependency Injection
[2024-05-29 20:10:12.591 +01:00  INF]  Executed DbCommand (314ms) [Parameters=[], CommandType='"Text"', CommandTimeout='30']
CREATE DATABASE "360AdsNG";
[2024-05-29 20:10:12.819 +01:00  INF]  Executed DbCommand (9ms) [Parameters=[], CommandType='"Text"', CommandTimeout='30']
CREATE TABLE "__EFMigrationsHistory" (
    "MigrationId" character varying(150) NOT NULL,
    "ProductVersion" character varying(32) NOT NULL,
    CONSTRAINT "PK___EFMigrationsHistory" PRIMARY KEY ("MigrationId")
);
[2024-05-29 20:10:13.068 +01:00  INF]  Executed DbCommand (58ms) [Parameters=[], CommandType='"Text"', CommandTimeout='30']
SELECT EXISTS (
    SELECT 1 FROM pg_catalog.pg_class c
    JOIN pg_catalog.pg_namespace n ON n.oid=c.relnamespace
    WHERE n.nspname='public' AND
          c.relname='__EFMigrationsHistory'
)
[2024-05-29 20:10:13.072 +01:00  INF]  Executed DbCommand (2ms) [Parameters=[], CommandType='"Text"', CommandTimeout='30']
SELECT "MigrationId", "ProductVersion"
FROM "__EFMigrationsHistory"
ORDER BY "MigrationId";
[2024-05-29 20:10:13.088 +01:00  INF]  Applying migration '20240529191000_initial'.
[2024-05-29 20:10:13.188 +01:00  INF]  Executed DbCommand (7ms) [Parameters=[], CommandType='"Text"', CommandTimeout='30']
CREATE TABLE "Addresses" (
    "Id" text NOT NULL,
    "Street" text NOT NULL,
    "City" text NOT NULL,
    "State" text NOT NULL,
    "Country" text NOT NULL,
    "Longitude" double precision,
    "Latitude" double precision,
    "CreatedAt" timestamp with time zone NOT NULL,
    "UpdatedAt" timestamp with time zone NOT NULL,
    CONSTRAINT "PK_Addresses" PRIMARY KEY ("Id")
);
[2024-05-29 20:10:13.194 +01:00  INF]  Executed DbCommand (6ms) [Parameters=[], CommandType='"Text"', CommandTimeout='30']
CREATE TABLE "AspNetRoles" (
    "Id" text NOT NULL,
    "Name" character varying(256),
    "NormalizedName" character varying(256),
    "ConcurrencyStamp" text,
    CONSTRAINT "PK_AspNetRoles" PRIMARY KEY ("Id")
);
[2024-05-29 20:10:13.204 +01:00  INF]  Executed DbCommand (9ms) [Parameters=[], CommandType='"Text"', CommandTimeout='30']
CREATE TABLE "AspNetUsers" (
    "Id" text NOT NULL,
    "FirstName" text,
    "LastName" text,
    "ImageUrl" text,
    "Occupation" text,
    "BusinessName" text,
    "ContactName" text,
    "PublicId" text NOT NULL,
    "AddressId" text,
    "CreatedAt" timestamp with time zone NOT NULL,
    "UpdatedAt" timestamp with time zone NOT NULL,
    "Password" text NOT NULL,
    "ConfirmPassword" text NOT NULL,
    "UserName" character varying(256),
    "NormalizedUserName" character varying(256),
    "Email" character varying(256),
    "NormalizedEmail" character varying(256),
    "EmailConfirmed" boolean NOT NULL,
    "PasswordHash" text,
    "SecurityStamp" text,
    "ConcurrencyStamp" text,
    "PhoneNumber" text,
    "PhoneNumberConfirmed" boolean NOT NULL,
    "TwoFactorEnabled" boolean NOT NULL,
    "LockoutEnd" timestamp with time zone,
    "LockoutEnabled" boolean NOT NULL,
    "AccessFailedCount" integer NOT NULL,
    CONSTRAINT "PK_AspNetUsers" PRIMARY KEY ("Id"),
    CONSTRAINT "FK_AspNetUsers_Addresses_AddressId" FOREIGN KEY ("AddressId") REFERENCES "Addresses" ("Id")
);
[2024-05-29 20:10:13.211 +01:00  INF]  Executed DbCommand (7ms) [Parameters=[], CommandType='"Text"', CommandTimeout='30']
CREATE TABLE "AspNetRoleClaims" (
    "Id" integer GENERATED BY DEFAULT AS IDENTITY,
    "RoleId" text NOT NULL,
    "ClaimType" text,
    "ClaimValue" text,
    CONSTRAINT "PK_AspNetRoleClaims" PRIMARY KEY ("Id"),
    CONSTRAINT "FK_AspNetRoleClaims_AspNetRoles_RoleId" FOREIGN KEY ("RoleId") REFERENCES "AspNetRoles" ("Id") ON DELETE CASCADE
);
[2024-05-29 20:10:13.219 +01:00  INF]  Executed DbCommand (8ms) [Parameters=[], CommandType='"Text"', CommandTimeout='30']
CREATE TABLE "AspNetUserClaims" (
    "Id" integer GENERATED BY DEFAULT AS IDENTITY,
    "UserId" text NOT NULL,
    "ClaimType" text,
    "ClaimValue" text,
    CONSTRAINT "PK_AspNetUserClaims" PRIMARY KEY ("Id"),
    CONSTRAINT "FK_AspNetUserClaims_AspNetUsers_UserId" FOREIGN KEY ("UserId") REFERENCES "AspNetUsers" ("Id") ON DELETE CASCADE
);
[2024-05-29 20:10:13.225 +01:00  INF]  Executed DbCommand (6ms) [Parameters=[], CommandType='"Text"', CommandTimeout='30']
CREATE TABLE "AspNetUserLogins" (
    "LoginProvider" text NOT NULL,
    "ProviderKey" text NOT NULL,
    "ProviderDisplayName" text,
    "UserId" text NOT NULL,
    CONSTRAINT "PK_AspNetUserLogins" PRIMARY KEY ("LoginProvider", "ProviderKey"),
    CONSTRAINT "FK_AspNetUserLogins_AspNetUsers_UserId" FOREIGN KEY ("UserId") REFERENCES "AspNetUsers" ("Id") ON DELETE CASCADE
);
[2024-05-29 20:10:13.248 +01:00  INF]  Executed DbCommand (9ms) [Parameters=[], CommandType='"Text"', CommandTimeout='30']
CREATE TABLE "AspNetUserRoles" (
    "UserId" text NOT NULL,
    "RoleId" text NOT NULL,
    CONSTRAINT "PK_AspNetUserRoles" PRIMARY KEY ("UserId", "RoleId"),
    CONSTRAINT "FK_AspNetUserRoles_AspNetRoles_RoleId" FOREIGN KEY ("RoleId") REFERENCES "AspNetRoles" ("Id") ON DELETE CASCADE,
    CONSTRAINT "FK_AspNetUserRoles_AspNetUsers_UserId" FOREIGN KEY ("UserId") REFERENCES "AspNetUsers" ("Id") ON DELETE CASCADE
);
[2024-05-29 20:10:13.260 +01:00  INF]  Executed DbCommand (12ms) [Parameters=[], CommandType='"Text"', CommandTimeout='30']
CREATE TABLE "AspNetUserTokens" (
    "UserId" text NOT NULL,
    "LoginProvider" text NOT NULL,
    "Name" text NOT NULL,
    "Value" text,
    CONSTRAINT "PK_AspNetUserTokens" PRIMARY KEY ("UserId", "LoginProvider", "Name"),
    CONSTRAINT "FK_AspNetUserTokens_AspNetUsers_UserId" FOREIGN KEY ("UserId") REFERENCES "AspNetUsers" ("Id") ON DELETE CASCADE
);
[2024-05-29 20:10:13.270 +01:00  INF]  Executed DbCommand (9ms) [Parameters=[], CommandType='"Text"', CommandTimeout='30']
CREATE TABLE "Billboards" (
    "Id" text NOT NULL,
    "UserId" text NOT NULL,
    "AddressId" text NOT NULL,
    "Name" text NOT NULL,
    "Price" integer NOT NULL,
    "BoardType" text NOT NULL,
    "DailyImpressions" integer NOT NULL,
    "DurationPerDisplay" integer NOT NULL,
    "Time" text NOT NULL,
    "Dimension" text NOT NULL,
    "PixelSize" text NOT NULL,
    "Orientation" integer NOT NULL,
    "Negotiable" integer NOT NULL,
    "TrafficDescription" text NOT NULL,
    "ImageUrl" text NOT NULL,
    "Note" text NOT NULL,
    "CreatedAt" timestamp with time zone NOT NULL,
    "UpdatedAt" timestamp with time zone NOT NULL,
    CONSTRAINT "PK_Billboards" PRIMARY KEY ("Id"),
    CONSTRAINT "FK_Billboards_Addresses_AddressId" FOREIGN KEY ("AddressId") REFERENCES "Addresses" ("Id") ON DELETE CASCADE,
    CONSTRAINT "FK_Billboards_AspNetUsers_UserId" FOREIGN KEY ("UserId") REFERENCES "AspNetUsers" ("Id") ON DELETE CASCADE
);
[2024-05-29 20:10:13.278 +01:00  INF]  Executed DbCommand (8ms) [Parameters=[], CommandType='"Text"', CommandTimeout='30']
CREATE TABLE "Vendors" (
    "Id" text NOT NULL,
    "UserId" text NOT NULL,
    "AddressId" text,
    "CompanyName" text,
    "CreatedAt" timestamp with time zone NOT NULL,
    "UpdatedAt" timestamp with time zone NOT NULL,
    CONSTRAINT "PK_Vendors" PRIMARY KEY ("Id"),
    CONSTRAINT "FK_Vendors_Addresses_AddressId" FOREIGN KEY ("AddressId") REFERENCES "Addresses" ("Id"),
    CONSTRAINT "FK_Vendors_AspNetUsers_UserId" FOREIGN KEY ("UserId") REFERENCES "AspNetUsers" ("Id") ON DELETE CASCADE
);
[2024-05-29 20:10:13.287 +01:00  INF]  Executed DbCommand (8ms) [Parameters=[], CommandType='"Text"', CommandTimeout='30']
INSERT INTO "Addresses" ("Id", "City", "Country", "CreatedAt", "Latitude", "Longitude", "State", "Street", "UpdatedAt")
VALUES ('0', 'Admin City', 'Admin Country', TIMESTAMPTZ '2024-05-29T19:09:59.129183+00:00', 78.909999999999997, 100.111, 'Admin State', '123 Admin St', TIMESTAMPTZ '2024-05-29T19:09:59.129183+00:00');
INSERT INTO "Addresses" ("Id", "City", "Country", "CreatedAt", "Latitude", "Longitude", "State", "Street", "UpdatedAt")
VALUES ('1', 'Cityville', 'Countryland', TIMESTAMPTZ '2024-05-29T19:09:59.129184+00:00', 78.909999999999997, 123.456, 'Stateville', '123 Main St', TIMESTAMPTZ '2024-05-29T19:09:59.129184+00:00');
INSERT INTO "Addresses" ("Id", "City", "Country", "CreatedAt", "Latitude", "Longitude", "State", "Street", "UpdatedAt")
VALUES ('2', 'Townsville', 'Anotherland', TIMESTAMPTZ '2024-05-29T19:09:59.129184+00:00', 12.345000000000001, 45.677999999999997, 'Countyville', '456 Elm St', TIMESTAMPTZ '2024-05-29T19:09:59.129185+00:00');
INSERT INTO "Addresses" ("Id", "City", "Country", "CreatedAt", "Latitude", "Longitude", "State", "Street", "UpdatedAt")
VALUES ('3', 'Villagetown', 'Otherland', TIMESTAMPTZ '2024-05-29T19:09:59.129186+00:00', 67.890000000000001, 90.123000000000005, 'Provinceville', '789 Oak St', TIMESTAMPTZ '2024-05-29T19:09:59.129186+00:00');
INSERT INTO "Addresses" ("Id", "City", "Country", "CreatedAt", "Latitude", "Longitude", "State", "Street", "UpdatedAt")
VALUES ('4', 'Hamletville', 'Someland', TIMESTAMPTZ '2024-05-29T19:09:59.129186+00:00', 89.012, 34.567, 'Territorytown', '1011 Pine St', TIMESTAMPTZ '2024-05-29T19:09:59.129187+00:00');
INSERT INTO "Addresses" ("Id", "City", "Country", "CreatedAt", "Latitude", "Longitude", "State", "Street", "UpdatedAt")
VALUES ('5', 'Countryside', 'Landofthefree', TIMESTAMPTZ '2024-05-29T19:09:59.129187+00:00', 23.456, 56.789000000000001, 'Districtville', '1213 Cedar St', TIMESTAMPTZ '2024-05-29T19:09:59.129187+00:00');
INSERT INTO "Addresses" ("Id", "City", "Country", "CreatedAt", "Latitude", "Longitude", "State", "Street", "UpdatedAt")
VALUES ('6', 'Settlementtown', 'Everywhere', TIMESTAMPTZ '2024-05-29T19:09:59.129188+00:00', 34.567, 78.900999999999996, 'Municipality', '1415 Birch St', TIMESTAMPTZ '2024-05-29T19:09:59.129188+00:00');
INSERT INTO "Addresses" ("Id", "City", "Country", "CreatedAt", "Latitude", "Longitude", "State", "Street", "UpdatedAt")
VALUES ('7', 'Hollowville', 'Otherland', TIMESTAMPTZ '2024-05-29T19:09:59.129188+00:00', 90.123000000000005, 12.345000000000001, 'Territorytown', '1617 Maple St', TIMESTAMPTZ '2024-05-29T19:09:59.129188+00:00');
[2024-05-29 20:10:13.352 +01:00  INF]  Executed DbCommand (9ms) [Parameters=[], CommandType='"Text"', CommandTimeout='30']
INSERT INTO "AspNetUsers" ("Id", "AccessFailedCount", "AddressId", "BusinessName", "ConcurrencyStamp", "ConfirmPassword", "ContactName", "CreatedAt", "Email", "EmailConfirmed", "FirstName", "ImageUrl", "LastName", "LockoutEnabled", "LockoutEnd", "NormalizedEmail", "NormalizedUserName", "Occupation", "Password", "PasswordHash", "PhoneNumber", "PhoneNumberConfirmed", "PublicId", "SecurityStamp", "TwoFactorEnabled", "UpdatedAt", "UserName")
VALUES ('admin_id', 0, '0', NULL, 'a998b576-adcd-4af8-9509-e8e37d958edf', 'Admin@123', NULL, TIMESTAMPTZ '2024-05-29T19:09:59.237794+00:00', 'admin@admin.com', FALSE, 'Admin', NULL, 'Admin', FALSE, NULL, 'ADMIN@ADMIN.COM', 'ADMIN@ADMIN.COM', NULL, 'Admin@123', 'AQAAAAIAAYagAAAAEMlSx0lFvcbTKyrTVmRKq5IC5Y3TOa16vw1yV0BNa37n+9e3cMLGUjMIKkerHDTW/w==', '08130990162', FALSE, 'public_id_0', '61015d8e-2b39-4ce7-849a-61281f89079c', FALSE, TIMESTAMPTZ '2024-05-29T19:09:59.237794+00:00', 'admin@admin.com');
INSERT INTO "AspNetUsers" ("Id", "AccessFailedCount", "AddressId", "BusinessName", "ConcurrencyStamp", "ConfirmPassword", "ContactName", "CreatedAt", "Email", "EmailConfirmed", "FirstName", "ImageUrl", "LastName", "LockoutEnabled", "LockoutEnd", "NormalizedEmail", "NormalizedUserName", "Occupation", "Password", "PasswordHash", "PhoneNumber", "PhoneNumberConfirmed", "PublicId", "SecurityStamp", "TwoFactorEnabled", "UpdatedAt", "UserName")
VALUES ('user_id_1', 0, '1', 'ABC Company', '620efb65-26a2-4669-b8df-4ec3d217f1ce', 'Password@123', 'Jane Doe', TIMESTAMPTZ '2024-05-29T19:09:59.378386+00:00', 'john.doe@gmail.com', FALSE, 'John', 'https://images.unsplash.com/photo-1633332755192-727a05c4013d?q=80&w=1780&auto=format&fit=crop&ixlib=rb-4.0.3&ixid=M3wxMjA3fDB8MHxwaG90by1wYWdlfHx8fGVufDB8fHx8fA%3D%3D', 'Doe', FALSE, NULL, 'JOHN.DOE@GMAIL.COM', 'JOHN.DOE@GMAIL.COM', 'Developer', 'Password@123', 'AQAAAAIAAYagAAAAEB0R4ZQcU9rVCvIAxoL0Wy93FBMnG6bbN3mg572mH6hWeKFWgUugVITAB71oIoILaQ==', NULL, FALSE, 'public_id_1', 'e6cd3028-4498-43f2-b596-175cd0854576', FALSE, TIMESTAMPTZ '2024-05-29T19:09:59.378386+00:00', 'john.doe@gmail.com');
INSERT INTO "AspNetUsers" ("Id", "AccessFailedCount", "AddressId", "BusinessName", "ConcurrencyStamp", "ConfirmPassword", "ContactName", "CreatedAt", "Email", "EmailConfirmed", "FirstName", "ImageUrl", "LastName", "LockoutEnabled", "LockoutEnd", "NormalizedEmail", "NormalizedUserName", "Occupation", "Password", "PasswordHash", "PhoneNumber", "PhoneNumberConfirmed", "PublicId", "SecurityStamp", "TwoFactorEnabled", "UpdatedAt", "UserName")
VALUES ('user_id_2', 0, '2', 'XYZ Company', 'e271c1f7-d9de-4484-a4aa-d13a7c423162', 'Password@123', 'John Smith', TIMESTAMPTZ '2024-05-29T19:09:59.496226+00:00', 'alice.smith@gmail.com', FALSE, 'Alice', 'https://unsplash.com/photos/closeup-photography-of-woman-smiling-mEZ3PoFGs_k', 'Smith', FALSE, NULL, 'ALICE.SMITH@GMAIL.COM', 'ALICE.SMITH@GMAIL.COM', 'Designer', 'Password@123', 'AQAAAAIAAYagAAAAEAzw3oM6K1HEva57Aq0nP2ivZJeD/1hBdgtJDXMlTSDDiNDgkAedcHYWszbgZNa5Hw==', NULL, FALSE, 'public_id_2', '35df2c5f-882e-467e-92b6-5fb8847c7738', FALSE, TIMESTAMPTZ '2024-05-29T19:09:59.496227+00:00', 'alice.smith@gmail.com');
INSERT INTO "AspNetUsers" ("Id", "AccessFailedCount", "AddressId", "BusinessName", "ConcurrencyStamp", "ConfirmPassword", "ContactName", "CreatedAt", "Email", "EmailConfirmed", "FirstName", "ImageUrl", "LastName", "LockoutEnabled", "LockoutEnd", "NormalizedEmail", "NormalizedUserName", "Occupation", "Password", "PasswordHash", "PhoneNumber", "PhoneNumberConfirmed", "PublicId", "SecurityStamp", "TwoFactorEnabled", "UpdatedAt", "UserName")
VALUES ('user_id_3', 0, '3', 'EFG Enterprises', '19de1629-ebda-43a0-961b-a9956ceda372', 'Password@123', 'Michael Johnson', TIMESTAMPTZ '2024-05-29T19:09:59.617715+00:00', 'emily.johnson@gmail.com', FALSE, 'Emily', 'https://www.istockphoto.com/photo/headshot-portrait-of-smiling-male-employee-in-office-gm1309328823-399075075', 'Johnson', FALSE, NULL, 'EMILY.JOHNSON@GMAIL.COM', 'EMILY.JOHNSON@GMAIL.COM', 'Writer', 'Password@123', 'AQAAAAIAAYagAAAAEFkYX0F3Q9NDReJAu5yUY49Wa2hmxQ8M/x24fKDyTIgd7L2WaWqTNwf2TZF71xemrw==', NULL, FALSE, 'public_id_3', '887fb302-e008-4d23-bf5b-65117960477a', FALSE, TIMESTAMPTZ '2024-05-29T19:09:59.617716+00:00', 'emily.johnson@gmail.com');
INSERT INTO "AspNetUsers" ("Id", "AccessFailedCount", "AddressId", "BusinessName", "ConcurrencyStamp", "ConfirmPassword", "ContactName", "CreatedAt", "Email", "EmailConfirmed", "FirstName", "ImageUrl", "LastName", "LockoutEnabled", "LockoutEnd", "NormalizedEmail", "NormalizedUserName", "Occupation", "Password", "PasswordHash", "PhoneNumber", "PhoneNumberConfirmed", "PublicId", "SecurityStamp", "TwoFactorEnabled", "UpdatedAt", "UserName")
VALUES ('user_id_4', 0, '4', 'DB Tech', '1dff1dd2-459d-4c0d-a97e-9c7a73e7e04c', 'Password@123', 'Emma Brown', TIMESTAMPTZ '2024-05-29T19:09:59.727484+00:00', 'david.brown@gmail.com', FALSE, 'David', 'https://example.com/david.jpg', 'Brown', FALSE, NULL, 'DAVID.BROWN@GMAIL.COM', 'DAVID.BROWN@GMAIL.COM', 'Engineer', 'Password@123', 'AQAAAAIAAYagAAAAEGu/ObVF6swfVOjRy8bGplHPPItqqSprm/vI/G9RnmL0x7sccut26gBGTIdMS8iccw==', NULL, FALSE, 'public_id_4', 'd351801b-d686-40fd-a961-bc00e422a187', FALSE, TIMESTAMPTZ '2024-05-29T19:09:59.727485+00:00', 'david.brown@gmail.com');
INSERT INTO "AspNetUsers" ("Id", "AccessFailedCount", "AddressId", "BusinessName", "ConcurrencyStamp", "ConfirmPassword", "ContactName", "CreatedAt", "Email", "EmailConfirmed", "FirstName", "ImageUrl", "LastName", "LockoutEnabled", "LockoutEnd", "NormalizedEmail", "NormalizedUserName", "Occupation", "Password", "PasswordHash", "PhoneNumber", "PhoneNumberConfirmed", "PublicId", "SecurityStamp", "TwoFactorEnabled", "UpdatedAt", "UserName")
VALUES ('user_id_5', 0, '5', 'Artistic Creations', '3430640a-9829-4dea-a299-9614c9f562cb', 'Password@123', 'Daniel Martinez', TIMESTAMPTZ '2024-05-29T19:09:59.832582+00:00', 'sophia.martinez@gmail.com', FALSE, 'Sophia', 'https://example.com/sophia.jpg', 'Martinez', FALSE, NULL, 'SOPHIA.MARTINEZ@GMAIL.COM', 'SOPHIA.MARTINEZ@GMAIL.COM', 'Artist', 'Password@123', 'AQAAAAIAAYagAAAAEODi3migON7xmzgeZCtXZdYwnoQK/lrJ/WFTEeznlSnRVwYN7EkdZJ2TYN8Xo8ERGA==', NULL, FALSE, 'public_id_5', '0d856bb9-0d6d-4f11-a9e3-73f13365bf35', FALSE, TIMESTAMPTZ '2024-05-29T19:09:59.832582+00:00', 'sophia.martinez@gmail.com');
INSERT INTO "AspNetUsers" ("Id", "AccessFailedCount", "AddressId", "BusinessName", "ConcurrencyStamp", "ConfirmPassword", "ContactName", "CreatedAt", "Email", "EmailConfirmed", "FirstName", "ImageUrl", "LastName", "LockoutEnabled", "LockoutEnd", "NormalizedEmail", "NormalizedUserName", "Occupation", "Password", "PasswordHash", "PhoneNumber", "PhoneNumberConfirmed", "PublicId", "SecurityStamp", "TwoFactorEnabled", "UpdatedAt", "UserName")
VALUES ('user_id_6', 0, '6', 'Lee Marketing Solutions', 'c9810d79-5635-4f29-939f-209a5dab938e', 'Password@123', 'Olivia Lee', TIMESTAMPTZ '2024-05-29T19:09:59.970717+00:00', 'james.lee@gmail.com', FALSE, 'James', 'https://example.com/james.jpg', 'Lee', FALSE, NULL, 'JAMES.LEE@GMAIL.COM', 'JAMES.LEE@GMAIL.COM', 'Marketing Manager', 'Password@123', 'AQAAAAIAAYagAAAAEIgAoMqrMTfR6LuW/xQcVpUbk9L6YtYESGsyXCU+I3ir0zmLDetMehLOr9zHq09i6w==', NULL, FALSE, 'public_id_6', 'cc02af1e-e6c0-41d1-b8e8-7bb20fe692a4', FALSE, TIMESTAMPTZ '2024-05-29T19:09:59.970718+00:00', 'james.lee@gmail.com');
INSERT INTO "AspNetUsers" ("Id", "AccessFailedCount", "AddressId", "BusinessName", "ConcurrencyStamp", "ConfirmPassword", "ContactName", "CreatedAt", "Email", "EmailConfirmed", "FirstName", "ImageUrl", "LastName", "LockoutEnabled", "LockoutEnd", "NormalizedEmail", "NormalizedUserName", "Occupation", "Password", "PasswordHash", "PhoneNumber", "PhoneNumberConfirmed", "PublicId", "SecurityStamp", "TwoFactorEnabled", "UpdatedAt", "UserName")
VALUES ('user_id_7', 0, '7', 'Educational Institute', '15146a88-7fef-420a-8185-38fc1eeb6cf9', 'Password@123', 'Noah Wilson', TIMESTAMPTZ '2024-05-29T19:10:00.115899+00:00', 'emma.wilson@gmail.com', FALSE, 'Emma', 'https://example.com/emma.jpg', 'Wilson', FALSE, NULL, 'EMMA.WILSON@GMAIL.COM', 'EMMA.WILSON@GMAIL.COM', 'Teacher', 'Password@123', 'AQAAAAIAAYagAAAAEBXAlLo06iKDR3SXkf/YQjye7S10vFZgcYljx0BApkLSM9cYyYEVI6fZwmbk43pWJw==', NULL, FALSE, 'public_id_7', '5161e48a-7046-4eb6-8c81-077c06b2d8e0', FALSE, TIMESTAMPTZ '2024-05-29T19:10:00.115899+00:00', 'emma.wilson@gmail.com');
[2024-05-29 20:10:13.357 +01:00  INF]  Executed DbCommand (3ms) [Parameters=[], CommandType='"Text"', CommandTimeout='30']
INSERT INTO "Billboards" ("Id", "AddressId", "BoardType", "CreatedAt", "DailyImpressions", "Dimension", "DurationPerDisplay", "ImageUrl", "Name", "Negotiable", "Note", "Orientation", "PixelSize", "Price", "Time", "TrafficDescription", "UpdatedAt", "UserId")
VALUES ('1', '1', 'Static', TIMESTAMPTZ '2024-05-29T19:09:59.129216+00:00', 1000, '10x20', 10, 'https://images.examples.com/wp-content/uploads/2018/04/Urban-Billboard-Design-Example.jpg', 'Billboard 1', 0, 'Additional notes', 1, '1080p', 100, 'Day', 'High traffic area', TIMESTAMPTZ '2024-05-29T19:09:59.129216+00:00', 'user_id_1');
INSERT INTO "Billboards" ("Id", "AddressId", "BoardType", "CreatedAt", "DailyImpressions", "Dimension", "DurationPerDisplay", "ImageUrl", "Name", "Negotiable", "Note", "Orientation", "PixelSize", "Price", "Time", "TrafficDescription", "UpdatedAt", "UserId")
VALUES ('2', '2', 'Static', TIMESTAMPTZ '2024-05-29T19:09:59.129217+00:00', 800, '20x40', 15, 'https://images.examples.com/wp-content/uploads/2018/04/Street-Billboard-Design-Example.jpg', 'Billboard 2', 1, 'Some notes', 0, '4k', 150, 'Night', 'Moderate traffic area', TIMESTAMPTZ '2024-05-29T19:09:59.129217+00:00', 'user_id_2');
INSERT INTO "Billboards" ("Id", "AddressId", "BoardType", "CreatedAt", "DailyImpressions", "Dimension", "DurationPerDisplay", "ImageUrl", "Name", "Negotiable", "Note", "Orientation", "PixelSize", "Price", "Time", "TrafficDescription", "UpdatedAt", "UserId")
VALUES ('3', '3', 'Static', TIMESTAMPTZ '2024-05-29T19:09:59.129222+00:00', 1000, '20x40', 15, 'https://images.examples.com/wp-content/uploads/2018/04/School-Billboard-Design-Example.jpg', 'Billboard 3', 1, 'Some notes', 1, '4k', 250, 'Night', 'Moderate traffic area', TIMESTAMPTZ '2024-05-29T19:09:59.129222+00:00', 'user_id_3');
INSERT INTO "Billboards" ("Id", "AddressId", "BoardType", "CreatedAt", "DailyImpressions", "Dimension", "DurationPerDisplay", "ImageUrl", "Name", "Negotiable", "Note", "Orientation", "PixelSize", "Price", "Time", "TrafficDescription", "UpdatedAt", "UserId")
VALUES ('4', '4', 'Dynamic', TIMESTAMPTZ '2024-05-29T19:09:59.129222+00:00', 1000, '20x40', 15, 'https://images.examples.com/wp-content/uploads/2018/04/Metal-Billboard-Design-Example.jpg', 'Billboard 4', 1, 'Some notes', 1, '4k', 250, 'Night', 'Metal Billboard traffic area', TIMESTAMPTZ '2024-05-29T19:09:59.129222+00:00', 'user_id_4');
[2024-05-29 20:10:13.359 +01:00  INF]  Executed DbCommand (2ms) [Parameters=[], CommandType='"Text"', CommandTimeout='30']
INSERT INTO "Vendors" ("Id", "AddressId", "CompanyName", "CreatedAt", "UpdatedAt", "UserId")
VALUES ('1', '1', 'Vendor Company', TIMESTAMPTZ '2024-05-29T19:10:00.116021+00:00', TIMESTAMPTZ '2024-05-29T19:10:00.116022+00:00', 'user_id_1');
INSERT INTO "Vendors" ("Id", "AddressId", "CompanyName", "CreatedAt", "UpdatedAt", "UserId")
VALUES ('2', '2', 'Second Vendor Company', TIMESTAMPTZ '2024-05-29T19:10:00.116035+00:00', TIMESTAMPTZ '2024-05-29T19:10:00.116036+00:00', 'user_id_2');
INSERT INTO "Vendors" ("Id", "AddressId", "CompanyName", "CreatedAt", "UpdatedAt", "UserId")
VALUES ('3', '3', 'Third Vendor Company', TIMESTAMPTZ '2024-05-29T19:10:00.116038+00:00', TIMESTAMPTZ '2024-05-29T19:10:00.116038+00:00', 'user_id_3');
INSERT INTO "Vendors" ("Id", "AddressId", "CompanyName", "CreatedAt", "UpdatedAt", "UserId")
VALUES ('4', '4', 'Fourth Vendor Company', TIMESTAMPTZ '2024-05-29T19:10:00.116038+00:00', TIMESTAMPTZ '2024-05-29T19:10:00.116038+00:00', 'user_id_4');
[2024-05-29 20:10:13.363 +01:00  INF]  Executed DbCommand (3ms) [Parameters=[], CommandType='"Text"', CommandTimeout='30']
CREATE INDEX "IX_AspNetRoleClaims_RoleId" ON "AspNetRoleClaims" ("RoleId");
[2024-05-29 20:10:13.365 +01:00  INF]  Executed DbCommand (2ms) [Parameters=[], CommandType='"Text"', CommandTimeout='30']
CREATE UNIQUE INDEX "RoleNameIndex" ON "AspNetRoles" ("NormalizedName");
[2024-05-29 20:10:13.368 +01:00  INF]  Executed DbCommand (3ms) [Parameters=[], CommandType='"Text"', CommandTimeout='30']
CREATE INDEX "IX_AspNetUserClaims_UserId" ON "AspNetUserClaims" ("UserId");
[2024-05-29 20:10:13.371 +01:00  INF]  Executed DbCommand (3ms) [Parameters=[], CommandType='"Text"', CommandTimeout='30']
CREATE INDEX "IX_AspNetUserLogins_UserId" ON "AspNetUserLogins" ("UserId");
[2024-05-29 20:10:13.374 +01:00  INF]  Executed DbCommand (3ms) [Parameters=[], CommandType='"Text"', CommandTimeout='30']
CREATE INDEX "IX_AspNetUserRoles_RoleId" ON "AspNetUserRoles" ("RoleId");
[2024-05-29 20:10:13.377 +01:00  INF]  Executed DbCommand (3ms) [Parameters=[], CommandType='"Text"', CommandTimeout='30']
CREATE INDEX "EmailIndex" ON "AspNetUsers" ("NormalizedEmail");
[2024-05-29 20:10:13.380 +01:00  INF]  Executed DbCommand (3ms) [Parameters=[], CommandType='"Text"', CommandTimeout='30']
CREATE INDEX "IX_AspNetUsers_AddressId" ON "AspNetUsers" ("AddressId");
[2024-05-29 20:10:13.383 +01:00  INF]  Executed DbCommand (3ms) [Parameters=[], CommandType='"Text"', CommandTimeout='30']
CREATE UNIQUE INDEX "UserNameIndex" ON "AspNetUsers" ("NormalizedUserName");
[2024-05-29 20:10:13.387 +01:00  INF]  Executed DbCommand (4ms) [Parameters=[], CommandType='"Text"', CommandTimeout='30']
CREATE INDEX "IX_Billboards_AddressId" ON "Billboards" ("AddressId");
[2024-05-29 20:10:13.390 +01:00  INF]  Executed DbCommand (3ms) [Parameters=[], CommandType='"Text"', CommandTimeout='30']
CREATE INDEX "IX_Billboards_UserId" ON "Billboards" ("UserId");
[2024-05-29 20:10:13.394 +01:00  INF]  Executed DbCommand (4ms) [Parameters=[], CommandType='"Text"', CommandTimeout='30']
CREATE INDEX "IX_Vendors_AddressId" ON "Vendors" ("AddressId");
[2024-05-29 20:10:13.397 +01:00  INF]  Executed DbCommand (3ms) [Parameters=[], CommandType='"Text"', CommandTimeout='30']
CREATE INDEX "IX_Vendors_UserId" ON "Vendors" ("UserId");
[2024-05-29 20:10:13.398 +01:00  INF]  Executed DbCommand (1ms) [Parameters=[], CommandType='"Text"', CommandTimeout='30']
INSERT INTO "__EFMigrationsHistory" ("MigrationId", "ProductVersion")
VALUES ('20240529191000_initial', '8.0.4');
[2024-05-29 20:13:39.818 +01:00  INF]  Configuring Swagger
[2024-05-29 20:13:40.011 +01:00  INF]  Configuring Authentication
[2024-05-29 20:13:40.013 +01:00  INF]  Configuring CORS
[2024-05-29 20:13:40.013 +01:00  INF]  Configuring Dependency Injection
[2024-05-29 20:13:43.945 +01:00  INF]  Executed DbCommand (90ms) [Parameters=[], CommandType='"Text"', CommandTimeout='30']
SELECT EXISTS (
    SELECT 1 FROM pg_catalog.pg_class c
    JOIN pg_catalog.pg_namespace n ON n.oid=c.relnamespace
    WHERE n.nspname='public' AND
          c.relname='__EFMigrationsHistory'
)
[2024-05-29 20:13:43.975 +01:00  INF]  Executed DbCommand (3ms) [Parameters=[], CommandType='"Text"', CommandTimeout='30']
SELECT "MigrationId", "ProductVersion"
FROM "__EFMigrationsHistory"
ORDER BY "MigrationId";
[2024-05-29 20:13:44.051 +01:00  INF]  Executed DbCommand (1ms) [Parameters=[], CommandType='"Text"', CommandTimeout='30']
SELECT EXISTS (
    SELECT 1 FROM pg_catalog.pg_class c
    JOIN pg_catalog.pg_namespace n ON n.oid=c.relnamespace
    WHERE n.nspname='public' AND
          c.relname='__EFMigrationsHistory'
)
[2024-05-29 20:13:44.128 +01:00  INF]  Executed DbCommand (1ms) [Parameters=[], CommandType='"Text"', CommandTimeout='30']
SELECT EXISTS (
    SELECT 1 FROM pg_catalog.pg_class c
    JOIN pg_catalog.pg_namespace n ON n.oid=c.relnamespace
    WHERE n.nspname='public' AND
          c.relname='__EFMigrationsHistory'
)
[2024-05-29 20:13:44.129 +01:00  INF]  Executed DbCommand (1ms) [Parameters=[], CommandType='"Text"', CommandTimeout='30']
SELECT "MigrationId", "ProductVersion"
FROM "__EFMigrationsHistory"
ORDER BY "MigrationId";
[2024-05-29 20:13:44.154 +01:00  INF]  No migrations were applied. The database is already up to date.
[2024-05-29 20:13:44.208 +01:00  INF]  User profile is available. Using 'C:\Users\DECAGON\AppData\Local\ASP.NET\DataProtection-Keys' as key repository and Windows DPAPI to encrypt keys at rest.
[2024-05-29 20:13:44.983 +01:00  INF]  Executed DbCommand (26ms) [Parameters=[@__normalizedName_0='?'], CommandType='"Text"', CommandTimeout='30']
SELECT a."Id", a."ConcurrencyStamp", a."Name", a."NormalizedName"
FROM "AspNetRoles" AS a
WHERE a."NormalizedName" = @__normalizedName_0
LIMIT 1
[2024-05-29 20:13:45.027 +01:00  INF]  Executed DbCommand (22ms) [Parameters=[@__normalizedName_0='?'], CommandType='"Text"', CommandTimeout='30']
SELECT a."Id", a."ConcurrencyStamp", a."Name", a."NormalizedName"
FROM "AspNetRoles" AS a
WHERE a."NormalizedName" = @__normalizedName_0
LIMIT 1
[2024-05-29 20:13:45.355 +01:00  INF]  Executed DbCommand (5ms) [Parameters=[@p0='?', @p1='?', @p2='?', @p3='?'], CommandType='"Text"', CommandTimeout='30']
INSERT INTO "AspNetRoles" ("Id", "ConcurrencyStamp", "Name", "NormalizedName")
VALUES (@p0, @p1, @p2, @p3);
[2024-05-29 20:13:45.391 +01:00  INF]  Executed DbCommand (3ms) [Parameters=[@__normalizedName_0='?'], CommandType='"Text"', CommandTimeout='30']
SELECT a."Id", a."ConcurrencyStamp", a."Name", a."NormalizedName"
FROM "AspNetRoles" AS a
WHERE a."NormalizedName" = @__normalizedName_0
LIMIT 1
[2024-05-29 20:13:45.398 +01:00  INF]  Executed DbCommand (2ms) [Parameters=[@__normalizedName_0='?'], CommandType='"Text"', CommandTimeout='30']
SELECT a."Id", a."ConcurrencyStamp", a."Name", a."NormalizedName"
FROM "AspNetRoles" AS a
WHERE a."NormalizedName" = @__normalizedName_0
LIMIT 1
[2024-05-29 20:13:45.420 +01:00  INF]  Executed DbCommand (3ms) [Parameters=[@p0='?', @p1='?', @p2='?', @p3='?'], CommandType='"Text"', CommandTimeout='30']
INSERT INTO "AspNetRoles" ("Id", "ConcurrencyStamp", "Name", "NormalizedName")
VALUES (@p0, @p1, @p2, @p3);
[2024-05-29 20:13:45.424 +01:00  INF]  Executed DbCommand (2ms) [Parameters=[@__normalizedName_0='?'], CommandType='"Text"', CommandTimeout='30']
SELECT a."Id", a."ConcurrencyStamp", a."Name", a."NormalizedName"
FROM "AspNetRoles" AS a
WHERE a."NormalizedName" = @__normalizedName_0
LIMIT 1
[2024-05-29 20:13:45.428 +01:00  INF]  Executed DbCommand (2ms) [Parameters=[@__normalizedName_0='?'], CommandType='"Text"', CommandTimeout='30']
SELECT a."Id", a."ConcurrencyStamp", a."Name", a."NormalizedName"
FROM "AspNetRoles" AS a
WHERE a."NormalizedName" = @__normalizedName_0
LIMIT 1
[2024-05-29 20:13:45.433 +01:00  INF]  Executed DbCommand (2ms) [Parameters=[@p0='?', @p1='?', @p2='?', @p3='?'], CommandType='"Text"', CommandTimeout='30']
INSERT INTO "AspNetRoles" ("Id", "ConcurrencyStamp", "Name", "NormalizedName")
VALUES (@p0, @p1, @p2, @p3);
[2024-05-29 20:13:45.471 +01:00  INF]  Executed DbCommand (4ms) [Parameters=[@__normalizedEmail_0='?'], CommandType='"Text"', CommandTimeout='30']
SELECT a."Id", a."AccessFailedCount", a."AddressId", a."BusinessName", a."ConcurrencyStamp", a."ConfirmPassword", a."ContactName", a."CreatedAt", a."Email", a."EmailConfirmed", a."FirstName", a."ImageUrl", a."LastName", a."LockoutEnabled", a."LockoutEnd", a."NormalizedEmail", a."NormalizedUserName", a."Occupation", a."Password", a."PasswordHash", a."PhoneNumber", a."PhoneNumberConfirmed", a."PublicId", a."SecurityStamp", a."TwoFactorEnabled", a."UpdatedAt", a."UserName"
FROM "AspNetUsers" AS a
WHERE a."NormalizedEmail" = @__normalizedEmail_0
LIMIT 2
[2024-05-29 20:13:45.934 +01:00  WRN]  The WebRootPath was not found: C:\Users\DECAGON\Desktop\360AdsNG.API\360AdsNG.API\360AdsNG.API\wwwroot. Static files may be unavailable.
[2024-05-29 20:13:46.307 +01:00  INF]  Now listening on: https://localhost:7112
[2024-05-29 20:13:46.308 +01:00  INF]  Now listening on: http://localhost:5169
[2024-05-29 20:13:46.308 +01:00  INF]  Application started. Press Ctrl+C to shut down.
[2024-05-29 20:13:46.308 +01:00  INF]  Hosting environment: Development
[2024-05-29 20:13:46.308 +01:00  INF]  Content root path: C:\Users\DECAGON\Desktop\360AdsNG.API\360AdsNG.API\360AdsNG.API
[2024-05-29 20:13:48.314 +01:00  INF]  Request starting HTTP/2 GET https://localhost:7112/swagger/index.html - null null
[2024-05-29 20:13:48.747 +01:00  INF]  Request finished HTTP/2 GET https://localhost:7112/swagger/index.html - 200 null text/html;charset=utf-8 445.8789ms
[2024-05-29 20:13:48.838 +01:00  INF]  Request starting HTTP/2 GET https://localhost:7112/_vs/browserLink - null null
[2024-05-29 20:13:48.838 +01:00  INF]  Request starting HTTP/2 GET https://localhost:7112/_framework/aspnetcore-browser-refresh.js - null null
[2024-05-29 20:13:48.848 +01:00  INF]  Request finished HTTP/2 GET https://localhost:7112/_framework/aspnetcore-browser-refresh.js - 200 13760 application/javascript; charset=utf-8 9.9683ms
[2024-05-29 20:13:48.957 +01:00  INF]  Request finished HTTP/2 GET https://localhost:7112/_vs/browserLink - 200 null text/javascript; charset=UTF-8 119.0195ms
[2024-05-29 20:13:49.051 +01:00  INF]  Request starting HTTP/2 GET https://localhost:7112/swagger/v1/swagger.json - null null
[2024-05-29 20:13:49.388 +01:00  INF]  Request finished HTTP/2 GET https://localhost:7112/swagger/v1/swagger.json - 200 null application/json;charset=utf-8 337.8518ms
[2024-05-29 20:16:30.918 +01:00  INF]  Request starting HTTP/2 POST https://localhost:7112/api/v1/auth/login - application/json 59
[2024-05-29 20:16:30.943 +01:00  INF]  CORS policy execution successful.
[2024-05-29 20:16:31.170 +01:00  INF]  Executing endpoint '_360AdsNG.API.Controllers.AuthController.Login (360AdsNG.API)'
[2024-05-29 20:16:31.199 +01:00  INF]  Route matched with {action = "Login", controller = "Auth"}. Executing controller action with signature System.Threading.Tasks.Task`1[Microsoft.AspNetCore.Mvc.IActionResult] Login(_360AdsNG.Application.Dtos.AuthDtos.LoginUserDto) on controller _360AdsNG.API.Controllers.AuthController (360AdsNG.API).
[2024-05-29 20:16:38.566 +01:00  INF]  executing...
[2024-05-29 20:16:48.157 +01:00  INF]  Executed DbCommand (2ms) [Parameters=[@__normalizedEmail_0='?'], CommandType='"Text"', CommandTimeout='30']
SELECT a."Id", a."AccessFailedCount", a."AddressId", a."BusinessName", a."ConcurrencyStamp", a."ConfirmPassword", a."ContactName", a."CreatedAt", a."Email", a."EmailConfirmed", a."FirstName", a."ImageUrl", a."LastName", a."LockoutEnabled", a."LockoutEnd", a."NormalizedEmail", a."NormalizedUserName", a."Occupation", a."Password", a."PasswordHash", a."PhoneNumber", a."PhoneNumberConfirmed", a."PublicId", a."SecurityStamp", a."TwoFactorEnabled", a."UpdatedAt", a."UserName"
FROM "AspNetUsers" AS a
WHERE a."NormalizedEmail" = @__normalizedEmail_0
LIMIT 2
[2024-05-29 20:17:00.331 +01:00  INF]  Executed DbCommand (4ms) [Parameters=[@__userId_0='?'], CommandType='"Text"', CommandTimeout='30']
SELECT a0."Name"
FROM "AspNetUserRoles" AS a
INNER JOIN "AspNetRoles" AS a0 ON a."RoleId" = a0."Id"
WHERE a."UserId" = @__userId_0
[2024-05-29 20:17:01.902 +01:00  INF]  Executed action _360AdsNG.API.Controllers.AuthController.Login (360AdsNG.API) in 30693.6957ms
[2024-05-29 20:17:01.904 +01:00  INF]  Executed endpoint '_360AdsNG.API.Controllers.AuthController.Login (360AdsNG.API)'
[2024-05-29 20:17:02.000 +01:00  ERR]  IDX10720: Unable to create KeyedHashAlgorithm for algorithm 'http://www.w3.org/2001/04/xmldsig-more#hmac-sha256', the key size must be greater than: '256' bits, key has '240' bits. (Parameter 'keyBytes')
System.ArgumentOutOfRangeException: IDX10720: Unable to create KeyedHashAlgorithm for algorithm 'http://www.w3.org/2001/04/xmldsig-more#hmac-sha256', the key size must be greater than: '256' bits, key has '240' bits. (Parameter 'keyBytes')
   at Microsoft.IdentityModel.Tokens.CryptoProviderFactory.ValidateKeySize(Byte[] keyBytes, String algorithm, Int32 expectedNumberOfBytes)
   at Microsoft.IdentityModel.Tokens.CryptoProviderFactory.CreateKeyedHashAlgorithm(Byte[] keyBytes, String algorithm)
   at Microsoft.IdentityModel.Tokens.SymmetricSignatureProvider.CreateKeyedHashAlgorithm()
   at Microsoft.IdentityModel.Tokens.DisposableObjectPool`1.CreateInstance()
   at Microsoft.IdentityModel.Tokens.DisposableObjectPool`1.Allocate()
   at Microsoft.IdentityModel.Tokens.SymmetricSignatureProvider.GetKeyedHashAlgorithm(Byte[] keyBytes, String algorithm)
   at Microsoft.IdentityModel.Tokens.SymmetricSignatureProvider.Sign(Byte[] input)
   at Microsoft.IdentityModel.JsonWebTokens.JwtTokenUtilities.CreateEncodedSignature(String input, SigningCredentials signingCredentials)
   at System.IdentityModel.Tokens.Jwt.JwtSecurityTokenHandler.CreateJwtSecurityTokenPrivate(String issuer, String audience, ClaimsIdentity subject, Nullable`1 notBefore, Nullable`1 expires, Nullable`1 issuedAt, SigningCredentials signingCredentials, EncryptingCredentials encryptingCredentials, IDictionary`2 claimCollection, String tokenType, IDictionary`2 additionalHeaderClaims, IDictionary`2 additionalInnerHeaderClaims)
   at System.IdentityModel.Tokens.Jwt.JwtSecurityTokenHandler.CreateToken(SecurityTokenDescriptor tokenDescriptor)
   at _360AdsNG.Infrastructure.Services.JwtService.GenerateToken(User user, IList`1 roles) in C:\Users\DECAGON\Desktop\360AdsNG.API\360AdsNG.API\360AdsNG.Infrastructure\Services\JwtService.cs:line 44
   at _360AdsNG.Application.Services.AuthService.Login(LoginUserDto loginUserDto) in C:\Users\DECAGON\Desktop\360AdsNG.API\360AdsNG.API\360AdsNG.Application\Services\AuthService.cs:line 152
   at _360AdsNG.API.Controllers.AuthController.Login(LoginUserDto loginUserDto) in C:\Users\DECAGON\Desktop\360AdsNG.API\360AdsNG.API\360AdsNG.API\Controllers\AuthController.cs:line 58
   at Microsoft.AspNetCore.Mvc.Infrastructure.ActionMethodExecutor.TaskOfIActionResultExecutor.Execute(ActionContext actionContext, IActionResultTypeMapper mapper, ObjectMethodExecutor executor, Object controller, Object[] arguments)
   at Microsoft.AspNetCore.Mvc.Infrastructure.ControllerActionInvoker.<InvokeActionMethodAsync>g__Awaited|12_0(ControllerActionInvoker invoker, ValueTask`1 actionResultValueTask)
   at Microsoft.AspNetCore.Mvc.Infrastructure.ControllerActionInvoker.<InvokeNextActionFilterAsync>g__Awaited|10_0(ControllerActionInvoker invoker, Task lastTask, State next, Scope scope, Object state, Boolean isCompleted)
   at Microsoft.AspNetCore.Mvc.Infrastructure.ControllerActionInvoker.Rethrow(ActionExecutedContextSealed context)
   at Microsoft.AspNetCore.Mvc.Infrastructure.ControllerActionInvoker.Next(State& next, Scope& scope, Object& state, Boolean& isCompleted)
   at Microsoft.AspNetCore.Mvc.Infrastructure.ControllerActionInvoker.<InvokeInnerFilterAsync>g__Awaited|13_0(ControllerActionInvoker invoker, Task lastTask, State next, Scope scope, Object state, Boolean isCompleted)
   at Microsoft.AspNetCore.Mvc.Infrastructure.ResourceInvoker.<InvokeFilterPipelineAsync>g__Awaited|20_0(ResourceInvoker invoker, Task lastTask, State next, Scope scope, Object state, Boolean isCompleted)
   at Microsoft.AspNetCore.Mvc.Infrastructure.ResourceInvoker.<InvokeAsync>g__Logged|17_1(ResourceInvoker invoker)
   at Microsoft.AspNetCore.Mvc.Infrastructure.ResourceInvoker.<InvokeAsync>g__Logged|17_1(ResourceInvoker invoker)
   at Microsoft.AspNetCore.Routing.EndpointMiddleware.<Invoke>g__AwaitRequestTask|7_0(Endpoint endpoint, Task requestTask, ILogger logger)
   at Microsoft.AspNetCore.Authorization.AuthorizationMiddleware.Invoke(HttpContext context)
   at Microsoft.AspNetCore.Authentication.AuthenticationMiddleware.Invoke(HttpContext context)
   at _360AdsNG.API.Middlewares.ExceptionMiddleware.InvokeAsync(HttpContext context) in C:\Users\DECAGON\Desktop\360AdsNG.API\360AdsNG.API\360AdsNG.API\Middlewares\ExceptionMiddleware.cs:line 26
[2024-05-29 20:17:02.071 +01:00  INF]  Request finished HTTP/2 POST https://localhost:7112/api/v1/auth/login - 200 null application/json 31153.8641ms
[2024-05-29 21:03:24.456 +01:00  INF]  Request starting HTTP/2 POST https://localhost:7112/api/v1/auth/login - application/json 59
[2024-05-29 21:03:24.466 +01:00  INF]  CORS policy execution successful.
[2024-05-29 21:03:24.467 +01:00  INF]  Executing endpoint '_360AdsNG.API.Controllers.AuthController.Login (360AdsNG.API)'
[2024-05-29 21:03:24.468 +01:00  INF]  Route matched with {action = "Login", controller = "Auth"}. Executing controller action with signature System.Threading.Tasks.Task`1[Microsoft.AspNetCore.Mvc.IActionResult] Login(_360AdsNG.Application.Dtos.AuthDtos.LoginUserDto) on controller _360AdsNG.API.Controllers.AuthController (360AdsNG.API).
[2024-05-29 21:03:33.843 +01:00  INF]  executing...
[2024-05-29 21:12:12.322 +01:00  INF]  Configuring Swagger
[2024-05-29 21:12:12.419 +01:00  INF]  Configuring Authentication
[2024-05-29 21:12:12.420 +01:00  INF]  Configuring CORS
[2024-05-29 21:12:12.420 +01:00  INF]  Configuring Dependency Injection
[2024-05-29 21:12:14.962 +01:00  INF]  Executed DbCommand (72ms) [Parameters=[], CommandType='"Text"', CommandTimeout='30']
SELECT EXISTS (
    SELECT 1 FROM pg_catalog.pg_class c
    JOIN pg_catalog.pg_namespace n ON n.oid=c.relnamespace
    WHERE n.nspname='public' AND
          c.relname='__EFMigrationsHistory'
)
[2024-05-29 21:12:14.981 +01:00  INF]  Executed DbCommand (3ms) [Parameters=[], CommandType='"Text"', CommandTimeout='30']
SELECT "MigrationId", "ProductVersion"
FROM "__EFMigrationsHistory"
ORDER BY "MigrationId";
[2024-05-29 21:12:15.038 +01:00  INF]  Executed DbCommand (1ms) [Parameters=[], CommandType='"Text"', CommandTimeout='30']
SELECT EXISTS (
    SELECT 1 FROM pg_catalog.pg_class c
    JOIN pg_catalog.pg_namespace n ON n.oid=c.relnamespace
    WHERE n.nspname='public' AND
          c.relname='__EFMigrationsHistory'
)
[2024-05-29 21:12:15.091 +01:00  INF]  Executed DbCommand (1ms) [Parameters=[], CommandType='"Text"', CommandTimeout='30']
SELECT EXISTS (
    SELECT 1 FROM pg_catalog.pg_class c
    JOIN pg_catalog.pg_namespace n ON n.oid=c.relnamespace
    WHERE n.nspname='public' AND
          c.relname='__EFMigrationsHistory'
)
[2024-05-29 21:12:15.092 +01:00  INF]  Executed DbCommand (1ms) [Parameters=[], CommandType='"Text"', CommandTimeout='30']
SELECT "MigrationId", "ProductVersion"
FROM "__EFMigrationsHistory"
ORDER BY "MigrationId";
[2024-05-29 21:12:15.105 +01:00  INF]  No migrations were applied. The database is already up to date.
[2024-05-29 21:12:15.142 +01:00  INF]  User profile is available. Using 'C:\Users\DECAGON\AppData\Local\ASP.NET\DataProtection-Keys' as key repository and Windows DPAPI to encrypt keys at rest.
[2024-05-29 21:12:15.426 +01:00  INF]  Executed DbCommand (20ms) [Parameters=[@__normalizedName_0='?'], CommandType='"Text"', CommandTimeout='30']
SELECT a."Id", a."ConcurrencyStamp", a."Name", a."NormalizedName"
FROM "AspNetRoles" AS a
WHERE a."NormalizedName" = @__normalizedName_0
LIMIT 1
[2024-05-29 21:12:15.471 +01:00  INF]  Executed DbCommand (4ms) [Parameters=[@__normalizedName_0='?'], CommandType='"Text"', CommandTimeout='30']
SELECT a."Id", a."ConcurrencyStamp", a."Name", a."NormalizedName"
FROM "AspNetRoles" AS a
WHERE a."NormalizedName" = @__normalizedName_0
LIMIT 1
[2024-05-29 21:12:15.475 +01:00  INF]  Executed DbCommand (3ms) [Parameters=[@__normalizedName_0='?'], CommandType='"Text"', CommandTimeout='30']
SELECT a."Id", a."ConcurrencyStamp", a."Name", a."NormalizedName"
FROM "AspNetRoles" AS a
WHERE a."NormalizedName" = @__normalizedName_0
LIMIT 1
[2024-05-29 21:12:15.489 +01:00  INF]  Executed DbCommand (4ms) [Parameters=[@__normalizedEmail_0='?'], CommandType='"Text"', CommandTimeout='30']
SELECT a."Id", a."AccessFailedCount", a."AddressId", a."BusinessName", a."ConcurrencyStamp", a."ConfirmPassword", a."ContactName", a."CreatedAt", a."Email", a."EmailConfirmed", a."FirstName", a."ImageUrl", a."LastName", a."LockoutEnabled", a."LockoutEnd", a."NormalizedEmail", a."NormalizedUserName", a."Occupation", a."Password", a."PasswordHash", a."PhoneNumber", a."PhoneNumberConfirmed", a."PublicId", a."SecurityStamp", a."TwoFactorEnabled", a."UpdatedAt", a."UserName"
FROM "AspNetUsers" AS a
WHERE a."NormalizedEmail" = @__normalizedEmail_0
LIMIT 2
[2024-05-29 21:12:15.648 +01:00  WRN]  The WebRootPath was not found: C:\Users\DECAGON\Desktop\360AdsNG.API\360AdsNG.API\360AdsNG.API\wwwroot. Static files may be unavailable.
[2024-05-29 21:12:15.775 +01:00  INF]  Now listening on: https://localhost:7112
[2024-05-29 21:12:15.775 +01:00  INF]  Now listening on: http://localhost:5169
[2024-05-29 21:12:15.778 +01:00  INF]  Application started. Press Ctrl+C to shut down.
[2024-05-29 21:12:15.778 +01:00  INF]  Hosting environment: Development
[2024-05-29 21:12:15.778 +01:00  INF]  Content root path: C:\Users\DECAGON\Desktop\360AdsNG.API\360AdsNG.API\360AdsNG.API
[2024-05-29 21:12:17.673 +01:00  INF]  Request starting HTTP/2 GET https://localhost:7112/swagger/index.html - null null
[2024-05-29 21:12:17.961 +01:00  INF]  Request finished HTTP/2 GET https://localhost:7112/swagger/index.html - 200 null text/html;charset=utf-8 291.2453ms
[2024-05-29 21:12:18.040 +01:00  INF]  Request starting HTTP/2 GET https://localhost:7112/_framework/aspnetcore-browser-refresh.js - null null
[2024-05-29 21:12:18.042 +01:00  INF]  Request starting HTTP/2 GET https://localhost:7112/_vs/browserLink - null null
[2024-05-29 21:12:18.048 +01:00  INF]  Request finished HTTP/2 GET https://localhost:7112/_framework/aspnetcore-browser-refresh.js - 200 13760 application/javascript; charset=utf-8 7.2061ms
[2024-05-29 21:12:18.107 +01:00  INF]  Request finished HTTP/2 GET https://localhost:7112/_vs/browserLink - 200 null text/javascript; charset=UTF-8 64.9748ms
[2024-05-29 21:12:18.186 +01:00  INF]  Request starting HTTP/2 GET https://localhost:7112/swagger/v1/swagger.json - null null
[2024-05-29 21:12:18.330 +01:00  INF]  Request finished HTTP/2 GET https://localhost:7112/swagger/v1/swagger.json - 200 null application/json;charset=utf-8 144.4633ms
[2024-05-29 21:12:42.509 +01:00  INF]  Request starting HTTP/2 POST https://localhost:7112/api/v1/auth/login - application/json 59
[2024-05-29 21:12:42.514 +01:00  INF]  CORS policy execution successful.
[2024-05-29 21:12:42.595 +01:00  INF]  Executing endpoint '_360AdsNG.API.Controllers.AuthController.Login (360AdsNG.API)'
[2024-05-29 21:12:42.615 +01:00  INF]  Route matched with {action = "Login", controller = "Auth"}. Executing controller action with signature System.Threading.Tasks.Task`1[Microsoft.AspNetCore.Mvc.IActionResult] Login(_360AdsNG.Application.Dtos.AuthDtos.LoginUserDto) on controller _360AdsNG.API.Controllers.AuthController (360AdsNG.API).
[2024-05-29 21:12:47.088 +01:00  INF]  executing...
[2024-05-29 21:12:52.231 +01:00  INF]  Executed DbCommand (2ms) [Parameters=[@__normalizedEmail_0='?'], CommandType='"Text"', CommandTimeout='30']
SELECT a."Id", a."AccessFailedCount", a."AddressId", a."BusinessName", a."ConcurrencyStamp", a."ConfirmPassword", a."ContactName", a."CreatedAt", a."Email", a."EmailConfirmed", a."FirstName", a."ImageUrl", a."LastName", a."LockoutEnabled", a."LockoutEnd", a."NormalizedEmail", a."NormalizedUserName", a."Occupation", a."Password", a."PasswordHash", a."PhoneNumber", a."PhoneNumberConfirmed", a."PublicId", a."SecurityStamp", a."TwoFactorEnabled", a."UpdatedAt", a."UserName"
FROM "AspNetUsers" AS a
WHERE a."NormalizedEmail" = @__normalizedEmail_0
LIMIT 2
[2024-05-29 21:12:59.228 +01:00  INF]  Executed DbCommand (4ms) [Parameters=[@__userId_0='?'], CommandType='"Text"', CommandTimeout='30']
SELECT a0."Name"
FROM "AspNetUserRoles" AS a
INNER JOIN "AspNetRoles" AS a0 ON a."RoleId" = a0."Id"
WHERE a."UserId" = @__userId_0
[2024-05-29 21:13:12.899 +01:00  INF]  Executing OkObjectResult, writing value of type '_360AdsNG.API.Dtos.ResponseDto`1[[System.Object, System.Private.CoreLib, Version=8.0.0.0, Culture=neutral, PublicKeyToken=7cec85d7bea7798e]]'.
[2024-05-29 21:13:20.110 +01:00  INF]  Executed action _360AdsNG.API.Controllers.AuthController.Login (360AdsNG.API) in 37490.1091ms
[2024-05-29 21:13:20.111 +01:00  INF]  Executed endpoint '_360AdsNG.API.Controllers.AuthController.Login (360AdsNG.API)'
[2024-05-29 21:13:23.072 +01:00  INF]  Request finished HTTP/2 POST https://localhost:7112/api/v1/auth/login - 200 null application/json; charset=utf-8 40563.288ms
[2024-05-29 23:17:49.109 +01:00  INF]  Configuring Swagger
[2024-05-29 23:17:49.215 +01:00  INF]  Configuring Authentication
[2024-05-29 23:17:49.217 +01:00  INF]  Configuring CORS
[2024-05-29 23:17:49.217 +01:00  INF]  Configuring Dependency Injection
[2024-05-29 23:17:54.740 +01:00  INF]  Executed DbCommand (162ms) [Parameters=[], CommandType='"Text"', CommandTimeout='30']
SELECT EXISTS (
    SELECT 1 FROM pg_catalog.pg_class c
    JOIN pg_catalog.pg_namespace n ON n.oid=c.relnamespace
    WHERE n.nspname='public' AND
          c.relname='__EFMigrationsHistory'
)
[2024-05-29 23:17:54.779 +01:00  INF]  Executed DbCommand (6ms) [Parameters=[], CommandType='"Text"', CommandTimeout='30']
SELECT "MigrationId", "ProductVersion"
FROM "__EFMigrationsHistory"
ORDER BY "MigrationId";
[2024-05-29 23:17:54.912 +01:00  INF]  Executed DbCommand (1ms) [Parameters=[], CommandType='"Text"', CommandTimeout='30']
SELECT EXISTS (
    SELECT 1 FROM pg_catalog.pg_class c
    JOIN pg_catalog.pg_namespace n ON n.oid=c.relnamespace
    WHERE n.nspname='public' AND
          c.relname='__EFMigrationsHistory'
)
[2024-05-29 23:17:54.995 +01:00  INF]  Executed DbCommand (1ms) [Parameters=[], CommandType='"Text"', CommandTimeout='30']
SELECT EXISTS (
    SELECT 1 FROM pg_catalog.pg_class c
    JOIN pg_catalog.pg_namespace n ON n.oid=c.relnamespace
    WHERE n.nspname='public' AND
          c.relname='__EFMigrationsHistory'
)
[2024-05-29 23:17:54.996 +01:00  INF]  Executed DbCommand (1ms) [Parameters=[], CommandType='"Text"', CommandTimeout='30']
SELECT "MigrationId", "ProductVersion"
FROM "__EFMigrationsHistory"
ORDER BY "MigrationId";
[2024-05-29 23:17:55.054 +01:00  INF]  No migrations were applied. The database is already up to date.
[2024-05-29 23:17:55.128 +01:00  INF]  User profile is available. Using 'C:\Users\DECAGON\AppData\Local\ASP.NET\DataProtection-Keys' as key repository and Windows DPAPI to encrypt keys at rest.
[2024-05-29 23:17:55.874 +01:00  INF]  Executed DbCommand (57ms) [Parameters=[@__normalizedName_0='?'], CommandType='"Text"', CommandTimeout='30']
SELECT a."Id", a."ConcurrencyStamp", a."Name", a."NormalizedName"
FROM "AspNetRoles" AS a
WHERE a."NormalizedName" = @__normalizedName_0
LIMIT 1
[2024-05-29 23:17:55.987 +01:00  INF]  Executed DbCommand (1ms) [Parameters=[@__normalizedName_0='?'], CommandType='"Text"', CommandTimeout='30']
SELECT a."Id", a."ConcurrencyStamp", a."Name", a."NormalizedName"
FROM "AspNetRoles" AS a
WHERE a."NormalizedName" = @__normalizedName_0
LIMIT 1
[2024-05-29 23:17:55.991 +01:00  INF]  Executed DbCommand (3ms) [Parameters=[@__normalizedName_0='?'], CommandType='"Text"', CommandTimeout='30']
SELECT a."Id", a."ConcurrencyStamp", a."Name", a."NormalizedName"
FROM "AspNetRoles" AS a
WHERE a."NormalizedName" = @__normalizedName_0
LIMIT 1
[2024-05-29 23:17:56.018 +01:00  INF]  Executed DbCommand (3ms) [Parameters=[@__normalizedEmail_0='?'], CommandType='"Text"', CommandTimeout='30']
SELECT a."Id", a."AccessFailedCount", a."AddressId", a."BusinessName", a."ConcurrencyStamp", a."ConfirmPassword", a."ContactName", a."CreatedAt", a."Email", a."EmailConfirmed", a."FirstName", a."ImageUrl", a."LastName", a."LockoutEnabled", a."LockoutEnd", a."NormalizedEmail", a."NormalizedUserName", a."Occupation", a."Password", a."PasswordHash", a."PhoneNumber", a."PhoneNumberConfirmed", a."PublicId", a."SecurityStamp", a."TwoFactorEnabled", a."UpdatedAt", a."UserName"
FROM "AspNetUsers" AS a
WHERE a."NormalizedEmail" = @__normalizedEmail_0
LIMIT 2
[2024-05-29 23:17:56.403 +01:00  WRN]  The WebRootPath was not found: C:\Users\DECAGON\Desktop\360AdsNG.API\360AdsNG.API\360AdsNG.API\wwwroot. Static files may be unavailable.
[2024-05-29 23:17:56.709 +01:00  INF]  Now listening on: https://localhost:7112
[2024-05-29 23:17:56.709 +01:00  INF]  Now listening on: http://localhost:5169
[2024-05-29 23:17:56.710 +01:00  INF]  Application started. Press Ctrl+C to shut down.
[2024-05-29 23:17:56.710 +01:00  INF]  Hosting environment: Development
[2024-05-29 23:17:56.710 +01:00  INF]  Content root path: C:\Users\DECAGON\Desktop\360AdsNG.API\360AdsNG.API\360AdsNG.API
[2024-05-29 23:17:59.108 +01:00  INF]  Request starting HTTP/2 GET https://localhost:7112/swagger/index.html - null null
[2024-05-29 23:17:59.904 +01:00  INF]  Request finished HTTP/2 GET https://localhost:7112/swagger/index.html - 200 null text/html;charset=utf-8 807.6382ms
[2024-05-29 23:17:59.949 +01:00  INF]  Request starting HTTP/2 GET https://localhost:7112/_framework/aspnetcore-browser-refresh.js - null null
[2024-05-29 23:17:59.949 +01:00  INF]  Request starting HTTP/2 GET https://localhost:7112/_vs/browserLink - null null
[2024-05-29 23:17:59.988 +01:00  INF]  Request finished HTTP/2 GET https://localhost:7112/_framework/aspnetcore-browser-refresh.js - 200 13760 application/javascript; charset=utf-8 37.4412ms
[2024-05-29 23:18:00.169 +01:00  INF]  Request finished HTTP/2 GET https://localhost:7112/_vs/browserLink - 200 null text/javascript; charset=UTF-8 220.8568ms
[2024-05-29 23:18:00.283 +01:00  INF]  Request starting HTTP/2 GET https://localhost:7112/swagger/v1/swagger.json - null null
[2024-05-29 23:18:00.740 +01:00  INF]  Request finished HTTP/2 GET https://localhost:7112/swagger/v1/swagger.json - 200 null application/json;charset=utf-8 456.9855ms
[2024-05-29 23:20:03.431 +01:00  INF]  Configuring Swagger
[2024-05-29 23:20:03.479 +01:00  INF]  Configuring Authentication
[2024-05-29 23:20:03.480 +01:00  INF]  Configuring CORS
[2024-05-29 23:20:03.480 +01:00  INF]  Configuring Dependency Injection
[2024-05-29 23:20:07.018 +01:00  INF]  Executed DbCommand (160ms) [Parameters=[], CommandType='"Text"', CommandTimeout='30']
SELECT EXISTS (
    SELECT 1 FROM pg_catalog.pg_class c
    JOIN pg_catalog.pg_namespace n ON n.oid=c.relnamespace
    WHERE n.nspname='public' AND
          c.relname='__EFMigrationsHistory'
)
[2024-05-29 23:20:07.054 +01:00  INF]  Executed DbCommand (4ms) [Parameters=[], CommandType='"Text"', CommandTimeout='30']
SELECT "MigrationId", "ProductVersion"
FROM "__EFMigrationsHistory"
ORDER BY "MigrationId";
[2024-05-29 23:20:07.165 +01:00  INF]  Executed DbCommand (1ms) [Parameters=[], CommandType='"Text"', CommandTimeout='30']
SELECT EXISTS (
    SELECT 1 FROM pg_catalog.pg_class c
    JOIN pg_catalog.pg_namespace n ON n.oid=c.relnamespace
    WHERE n.nspname='public' AND
          c.relname='__EFMigrationsHistory'
)
[2024-05-29 23:20:07.293 +01:00  INF]  Executed DbCommand (18ms) [Parameters=[], CommandType='"Text"', CommandTimeout='30']
SELECT EXISTS (
    SELECT 1 FROM pg_catalog.pg_class c
    JOIN pg_catalog.pg_namespace n ON n.oid=c.relnamespace
    WHERE n.nspname='public' AND
          c.relname='__EFMigrationsHistory'
)
[2024-05-29 23:20:07.295 +01:00  INF]  Executed DbCommand (1ms) [Parameters=[], CommandType='"Text"', CommandTimeout='30']
SELECT "MigrationId", "ProductVersion"
FROM "__EFMigrationsHistory"
ORDER BY "MigrationId";
[2024-05-29 23:20:07.334 +01:00  INF]  No migrations were applied. The database is already up to date.
[2024-05-29 23:20:07.393 +01:00  INF]  User profile is available. Using 'C:\Users\DECAGON\AppData\Local\ASP.NET\DataProtection-Keys' as key repository and Windows DPAPI to encrypt keys at rest.
[2024-05-29 23:20:08.068 +01:00  INF]  Executed DbCommand (39ms) [Parameters=[@__normalizedName_0='?'], CommandType='"Text"', CommandTimeout='30']
SELECT a."Id", a."ConcurrencyStamp", a."Name", a."NormalizedName"
FROM "AspNetRoles" AS a
WHERE a."NormalizedName" = @__normalizedName_0
LIMIT 1
[2024-05-29 23:20:08.133 +01:00  INF]  Executed DbCommand (2ms) [Parameters=[@__normalizedName_0='?'], CommandType='"Text"', CommandTimeout='30']
SELECT a."Id", a."ConcurrencyStamp", a."Name", a."NormalizedName"
FROM "AspNetRoles" AS a
WHERE a."NormalizedName" = @__normalizedName_0
LIMIT 1
[2024-05-29 23:20:08.136 +01:00  INF]  Executed DbCommand (1ms) [Parameters=[@__normalizedName_0='?'], CommandType='"Text"', CommandTimeout='30']
SELECT a."Id", a."ConcurrencyStamp", a."Name", a."NormalizedName"
FROM "AspNetRoles" AS a
WHERE a."NormalizedName" = @__normalizedName_0
LIMIT 1
[2024-05-29 23:20:08.153 +01:00  INF]  Executed DbCommand (3ms) [Parameters=[@__normalizedEmail_0='?'], CommandType='"Text"', CommandTimeout='30']
SELECT a."Id", a."AccessFailedCount", a."AddressId", a."BusinessName", a."ConcurrencyStamp", a."ConfirmPassword", a."ContactName", a."CreatedAt", a."Email", a."EmailConfirmed", a."FirstName", a."ImageUrl", a."LastName", a."LockoutEnabled", a."LockoutEnd", a."NormalizedEmail", a."NormalizedUserName", a."Occupation", a."Password", a."PasswordHash", a."PhoneNumber", a."PhoneNumberConfirmed", a."PublicId", a."SecurityStamp", a."TwoFactorEnabled", a."UpdatedAt", a."UserName"
FROM "AspNetUsers" AS a
WHERE a."NormalizedEmail" = @__normalizedEmail_0
LIMIT 2
[2024-05-29 23:20:08.456 +01:00  WRN]  The WebRootPath was not found: C:\Users\DECAGON\Desktop\360AdsNG.API\360AdsNG.API\360AdsNG.API\wwwroot. Static files may be unavailable.
[2024-05-29 23:20:08.693 +01:00  INF]  Now listening on: https://localhost:7112
[2024-05-29 23:20:08.693 +01:00  INF]  Now listening on: http://localhost:5169
[2024-05-29 23:20:08.693 +01:00  INF]  Application started. Press Ctrl+C to shut down.
[2024-05-29 23:20:08.693 +01:00  INF]  Hosting environment: Development
[2024-05-29 23:20:08.693 +01:00  INF]  Content root path: C:\Users\DECAGON\Desktop\360AdsNG.API\360AdsNG.API\360AdsNG.API
[2024-05-29 23:20:10.971 +01:00  INF]  Request starting HTTP/2 GET https://localhost:7112/swagger/index.html - null null
[2024-05-29 23:20:11.375 +01:00  INF]  Request finished HTTP/2 GET https://localhost:7112/swagger/index.html - 200 null text/html;charset=utf-8 415.728ms
[2024-05-29 23:20:11.456 +01:00  INF]  Request starting HTTP/2 GET https://localhost:7112/_framework/aspnetcore-browser-refresh.js - null null
[2024-05-29 23:20:11.456 +01:00  INF]  Request starting HTTP/2 GET https://localhost:7112/_vs/browserLink - null null
[2024-05-29 23:20:11.464 +01:00  INF]  Request finished HTTP/2 GET https://localhost:7112/_framework/aspnetcore-browser-refresh.js - 200 13760 application/javascript; charset=utf-8 7.8219ms
[2024-05-29 23:20:11.553 +01:00  INF]  Request finished HTTP/2 GET https://localhost:7112/_vs/browserLink - 200 null text/javascript; charset=UTF-8 97.1916ms
[2024-05-29 23:20:11.667 +01:00  INF]  Request starting HTTP/2 GET https://localhost:7112/swagger/v1/swagger.json - null null
[2024-05-29 23:20:11.933 +01:00  INF]  Request finished HTTP/2 GET https://localhost:7112/swagger/v1/swagger.json - 200 null application/json;charset=utf-8 266.2968ms
[2024-05-29 23:20:52.143 +01:00  INF]  Request starting HTTP/2 POST https://localhost:7112/api/v1/auth/login - application/json 59
[2024-05-29 23:20:52.155 +01:00  INF]  CORS policy execution successful.
[2024-05-29 23:20:52.362 +01:00  INF]  Authorization failed. These requirements were not met:
DenyAnonymousAuthorizationRequirement: Requires an authenticated user.
[2024-05-29 23:20:52.372 +01:00  INF]  AuthenticationScheme: Bearer was challenged.
[2024-05-29 23:20:52.375 +01:00  INF]  Request finished HTTP/2 POST https://localhost:7112/api/v1/auth/login - 401 0 null 231.6451ms
[2024-05-29 23:21:13.764 +01:00  INF]  Request starting HTTP/2 POST https://localhost:7112/api/v1/auth/login - application/json 59
[2024-05-29 23:21:13.770 +01:00  INF]  CORS policy execution successful.
[2024-05-29 23:21:13.778 +01:00  INF]  Authorization failed. These requirements were not met:
DenyAnonymousAuthorizationRequirement: Requires an authenticated user.
[2024-05-29 23:21:13.780 +01:00  INF]  AuthenticationScheme: Bearer was challenged.
[2024-05-29 23:21:13.780 +01:00  INF]  Request finished HTTP/2 POST https://localhost:7112/api/v1/auth/login - 401 0 null 17.487ms
[2024-05-29 23:21:39.146 +01:00  INF]  Request starting HTTP/2 POST https://localhost:7112/api/v1/auth/login - application/json 59
[2024-05-29 23:21:39.148 +01:00  INF]  CORS policy execution successful.
[2024-05-29 23:21:39.151 +01:00  INF]  Authorization failed. These requirements were not met:
DenyAnonymousAuthorizationRequirement: Requires an authenticated user.
[2024-05-29 23:21:39.152 +01:00  INF]  AuthenticationScheme: Bearer was challenged.
[2024-05-29 23:21:39.152 +01:00  INF]  Request finished HTTP/2 POST https://localhost:7112/api/v1/auth/login - 401 0 null 6.221ms
[2024-05-29 23:21:44.226 +01:00  INF]  Request starting HTTP/2 POST https://localhost:7112/api/v1/auth/login - application/json 59
[2024-05-29 23:21:44.227 +01:00  INF]  CORS policy execution successful.
[2024-05-29 23:21:44.227 +01:00  INF]  Authorization failed. These requirements were not met:
DenyAnonymousAuthorizationRequirement: Requires an authenticated user.
[2024-05-29 23:21:44.227 +01:00  INF]  AuthenticationScheme: Bearer was challenged.
[2024-05-29 23:21:44.227 +01:00  INF]  Request finished HTTP/2 POST https://localhost:7112/api/v1/auth/login - 401 0 null 0.7267ms
