[2024-06-14 16:13:51.157 +01:00  INF]  Configuring Swagger
[2024-06-14 16:13:51.259 +01:00  INF]  Configuring Authentication
[2024-06-14 16:13:51.261 +01:00  INF]  Configuring CORS
[2024-06-14 16:13:51.262 +01:00  INF]  Configuring Dependency Injection
[2024-06-14 16:14:07.345 +01:00  INF]  Executed DbCommand (668ms) [Parameters=[], CommandType='"Text"', CommandTimeout='30']
SELECT EXISTS (
    SELECT 1 FROM pg_catalog.pg_class c
    JOIN pg_catalog.pg_namespace n ON n.oid=c.relnamespace
    WHERE n.nspname='public' AND
          c.relname='__EFMigrationsHistory'
)
[2024-06-14 16:14:07.426 +01:00  INF]  Executed DbCommand (15ms) [Parameters=[], CommandType='"Text"', CommandTimeout='30']
SELECT "MigrationId", "ProductVersion"
FROM "__EFMigrationsHistory"
ORDER BY "MigrationId";
[2024-06-14 16:14:07.992 +01:00  INF]  Executed DbCommand (2ms) [Parameters=[], CommandType='"Text"', CommandTimeout='30']
SELECT EXISTS (
    SELECT 1 FROM pg_catalog.pg_class c
    JOIN pg_catalog.pg_namespace n ON n.oid=c.relnamespace
    WHERE n.nspname='public' AND
          c.relname='__EFMigrationsHistory'
)
[2024-06-14 16:14:08.348 +01:00  INF]  Executed DbCommand (1ms) [Parameters=[], CommandType='"Text"', CommandTimeout='30']
SELECT EXISTS (
    SELECT 1 FROM pg_catalog.pg_class c
    JOIN pg_catalog.pg_namespace n ON n.oid=c.relnamespace
    WHERE n.nspname='public' AND
          c.relname='__EFMigrationsHistory'
)
[2024-06-14 16:14:08.349 +01:00  INF]  Executed DbCommand (1ms) [Parameters=[], CommandType='"Text"', CommandTimeout='30']
SELECT "MigrationId", "ProductVersion"
FROM "__EFMigrationsHistory"
ORDER BY "MigrationId";
[2024-06-14 16:14:08.423 +01:00  INF]  No migrations were applied. The database is already up to date.
[2024-06-14 16:14:08.855 +01:00  INF]  User profile is available. Using 'C:\Users\Admin\AppData\Local\ASP.NET\DataProtection-Keys' as key repository and Windows DPAPI to encrypt keys at rest.
[2024-06-14 16:14:09.919 +01:00  INF]  Executed DbCommand (64ms) [Parameters=[@__normalizedName_0='?'], CommandType='"Text"', CommandTimeout='30']
SELECT a."Id", a."ConcurrencyStamp", a."Name", a."NormalizedName"
FROM "AspNetRoles" AS a
WHERE a."NormalizedName" = @__normalizedName_0
LIMIT 1
[2024-06-14 16:14:10.060 +01:00  INF]  Executed DbCommand (7ms) [Parameters=[@__normalizedName_0='?'], CommandType='"Text"', CommandTimeout='30']
SELECT a."Id", a."ConcurrencyStamp", a."Name", a."NormalizedName"
FROM "AspNetRoles" AS a
WHERE a."NormalizedName" = @__normalizedName_0
LIMIT 1
[2024-06-14 16:14:10.068 +01:00  INF]  Executed DbCommand (3ms) [Parameters=[@__normalizedName_0='?'], CommandType='"Text"', CommandTimeout='30']
SELECT a."Id", a."ConcurrencyStamp", a."Name", a."NormalizedName"
FROM "AspNetRoles" AS a
WHERE a."NormalizedName" = @__normalizedName_0
LIMIT 1
[2024-06-14 16:14:10.121 +01:00  INF]  Executed DbCommand (14ms) [Parameters=[@__normalizedEmail_0='?'], CommandType='"Text"', CommandTimeout='30']
SELECT a."Id", a."AccessFailedCount", a."AddressId", a."BusinessName", a."ConcurrencyStamp", a."ConfirmPassword", a."ContactName", a."CreatedAt", a."Email", a."EmailConfirmed", a."FirstName", a."ImageUrl", a."LastName", a."LockoutEnabled", a."LockoutEnd", a."NormalizedEmail", a."NormalizedUserName", a."Occupation", a."Password", a."PasswordHash", a."PhoneNumber", a."PhoneNumberConfirmed", a."PublicId", a."SecurityStamp", a."TwoFactorEnabled", a."UpdatedAt", a."UserName"
FROM "AspNetUsers" AS a
WHERE a."NormalizedEmail" = @__normalizedEmail_0
LIMIT 2
[2024-06-14 16:14:10.953 +01:00  WRN]  The WebRootPath was not found: C:\Users\Admin\Downloads\Project\360AdsNG.API\360AdsNG.API\360AdsNG.API\360AdsNG.API\wwwroot. Static files may be unavailable.
[2024-06-14 16:14:11.707 +01:00  INF]  Now listening on: https://localhost:7112
[2024-06-14 16:14:11.707 +01:00  INF]  Now listening on: http://localhost:5169
[2024-06-14 16:14:11.708 +01:00  INF]  Application started. Press Ctrl+C to shut down.
[2024-06-14 16:14:11.709 +01:00  INF]  Hosting environment: Development
[2024-06-14 16:14:11.709 +01:00  INF]  Content root path: C:\Users\Admin\Downloads\Project\360AdsNG.API\360AdsNG.API\360AdsNG.API\360AdsNG.API
[2024-06-14 16:14:13.078 +01:00  INF]  Request starting HTTP/2 GET https://localhost:7112/swagger - null null
[2024-06-14 16:14:13.705 +01:00  INF]  Request finished HTTP/2 GET https://localhost:7112/swagger - 301 0 null 642.7611ms
[2024-06-14 16:14:13.724 +01:00  INF]  Request starting HTTP/2 GET https://localhost:7112/swagger/index.html - null null
[2024-06-14 16:14:14.011 +01:00  INF]  Request starting HTTP/2 GET https://localhost:7112/swagger/swagger-ui.css - null null
[2024-06-14 16:14:14.012 +01:00  INF]  Request starting HTTP/2 GET https://localhost:7112/swagger/swagger-ui-standalone-preset.js - null null
[2024-06-14 16:14:14.014 +01:00  INF]  Request starting HTTP/2 GET https://localhost:7112/swagger/swagger-ui-bundle.js - null null
[2024-06-14 16:14:14.019 +01:00  INF]  Request finished HTTP/2 GET https://localhost:7112/swagger/index.html - 200 null text/html;charset=utf-8 291.3199ms
[2024-06-14 16:14:14.019 +01:00  INF]  Request starting HTTP/2 GET https://localhost:7112/_framework/aspnetcore-browser-refresh.js - null null
[2024-06-14 16:14:14.072 +01:00  INF]  Request finished HTTP/2 GET https://localhost:7112/_framework/aspnetcore-browser-refresh.js - 200 13760 application/javascript; charset=utf-8 57.2803ms
[2024-06-14 16:14:14.142 +01:00  INF]  Sending file. Request path: '/swagger-ui.css'. Physical path: 'N/A'
[2024-06-14 16:14:14.150 +01:00  INF]  Sending file. Request path: '/swagger-ui-standalone-preset.js'. Physical path: 'N/A'
[2024-06-14 16:14:14.150 +01:00  INF]  Request finished HTTP/2 GET https://localhost:7112/swagger/swagger-ui.css - 200 143943 text/css 140.7934ms
[2024-06-14 16:14:14.151 +01:00  INF]  Request finished HTTP/2 GET https://localhost:7112/swagger/swagger-ui-standalone-preset.js - 200 339486 text/javascript 139.4837ms
[2024-06-14 16:14:14.167 +01:00  INF]  Request starting HTTP/2 GET https://localhost:7112/_vs/browserLink - null null
[2024-06-14 16:14:14.194 +01:00  INF]  Sending file. Request path: '/swagger-ui-bundle.js'. Physical path: 'N/A'
[2024-06-14 16:14:14.194 +01:00  INF]  Request finished HTTP/2 GET https://localhost:7112/swagger/swagger-ui-bundle.js - 200 1096145 text/javascript 182.384ms
[2024-06-14 16:14:14.300 +01:00  INF]  Request finished HTTP/2 GET https://localhost:7112/_vs/browserLink - 200 null text/javascript; charset=UTF-8 133.5037ms
[2024-06-14 16:14:14.427 +01:00  INF]  Request starting HTTP/2 GET https://localhost:7112/swagger/v1/swagger.json - null null
[2024-06-14 16:14:14.458 +01:00  INF]  Request starting HTTP/2 GET https://localhost:7112/swagger/favicon-32x32.png - null null
[2024-06-14 16:14:14.460 +01:00  INF]  Sending file. Request path: '/favicon-32x32.png'. Physical path: 'N/A'
[2024-06-14 16:14:14.461 +01:00  INF]  Request finished HTTP/2 GET https://localhost:7112/swagger/favicon-32x32.png - 200 628 image/png 4.0949ms
[2024-06-14 16:14:14.921 +01:00  INF]  Request finished HTTP/2 GET https://localhost:7112/swagger/v1/swagger.json - 200 null application/json;charset=utf-8 495.6885ms
[2024-06-14 16:14:37.057 +01:00  INF]  Request starting HTTP/2 POST https://localhost:7112/api/v1/billboard - application/json 398
[2024-06-14 16:14:37.066 +01:00  INF]  CORS policy execution successful.
[2024-06-14 16:14:37.201 +01:00  INF]  Executing endpoint '_360AdsNG.API.Controllers.BillboardController.CreateNewBillboard (360AdsNG.API)'
[2024-06-14 16:14:37.239 +01:00  INF]  Route matched with {action = "CreateNewBillboard", controller = "Billboard"}. Executing controller action with signature System.Threading.Tasks.Task`1[Microsoft.AspNetCore.Mvc.IActionResult] CreateNewBillboard(_360AdsNG.Application.Dtos.BillboardDtos.CreateBillboardDto) on controller _360AdsNG.API.Controllers.BillboardController (360AdsNG.API).
[2024-06-14 16:14:37.484 +01:00  INF]  Executing BadRequestObjectResult, writing value of type '_360AdsNG.API.Dtos.ResponseDto`1[[System.Object, System.Private.CoreLib, Version=8.0.0.0, Culture=neutral, PublicKeyToken=7cec85d7bea7798e]]'.
[2024-06-14 16:14:37.505 +01:00  INF]  Executed action _360AdsNG.API.Controllers.BillboardController.CreateNewBillboard (360AdsNG.API) in 258.7386ms
[2024-06-14 16:14:37.506 +01:00  INF]  Executed endpoint '_360AdsNG.API.Controllers.BillboardController.CreateNewBillboard (360AdsNG.API)'
[2024-06-14 16:14:37.510 +01:00  INF]  Request finished HTTP/2 POST https://localhost:7112/api/v1/billboard - 400 null application/json; charset=utf-8 453.1192ms
[2024-06-14 16:34:04.573 +01:00  INF]  Configuring Swagger
[2024-06-14 16:34:04.601 +01:00  INF]  Configuring Authentication
[2024-06-14 16:34:04.602 +01:00  INF]  Configuring CORS
[2024-06-14 16:34:04.602 +01:00  INF]  Configuring Dependency Injection
[2024-06-14 16:34:06.750 +01:00  INF]  Executed DbCommand (99ms) [Parameters=[], CommandType='"Text"', CommandTimeout='30']
SELECT EXISTS (
    SELECT 1 FROM pg_catalog.pg_class c
    JOIN pg_catalog.pg_namespace n ON n.oid=c.relnamespace
    WHERE n.nspname='public' AND
          c.relname='__EFMigrationsHistory'
)
[2024-06-14 16:34:06.768 +01:00  INF]  Executed DbCommand (3ms) [Parameters=[], CommandType='"Text"', CommandTimeout='30']
SELECT "MigrationId", "ProductVersion"
FROM "__EFMigrationsHistory"
ORDER BY "MigrationId";
[2024-06-14 16:34:07.034 +01:00  INF]  Executed DbCommand (0ms) [Parameters=[], CommandType='"Text"', CommandTimeout='30']
SELECT EXISTS (
    SELECT 1 FROM pg_catalog.pg_class c
    JOIN pg_catalog.pg_namespace n ON n.oid=c.relnamespace
    WHERE n.nspname='public' AND
          c.relname='__EFMigrationsHistory'
)
[2024-06-14 16:34:07.209 +01:00  INF]  Executed DbCommand (1ms) [Parameters=[], CommandType='"Text"', CommandTimeout='30']
SELECT EXISTS (
    SELECT 1 FROM pg_catalog.pg_class c
    JOIN pg_catalog.pg_namespace n ON n.oid=c.relnamespace
    WHERE n.nspname='public' AND
          c.relname='__EFMigrationsHistory'
)
[2024-06-14 16:34:07.210 +01:00  INF]  Executed DbCommand (1ms) [Parameters=[], CommandType='"Text"', CommandTimeout='30']
SELECT "MigrationId", "ProductVersion"
FROM "__EFMigrationsHistory"
ORDER BY "MigrationId";
[2024-06-14 16:34:07.223 +01:00  INF]  No migrations were applied. The database is already up to date.
[2024-06-14 16:34:07.286 +01:00  INF]  User profile is available. Using 'C:\Users\Admin\AppData\Local\ASP.NET\DataProtection-Keys' as key repository and Windows DPAPI to encrypt keys at rest.
[2024-06-14 16:34:07.489 +01:00  INF]  Executed DbCommand (12ms) [Parameters=[@__normalizedName_0='?'], CommandType='"Text"', CommandTimeout='30']
SELECT a."Id", a."ConcurrencyStamp", a."Name", a."NormalizedName"
FROM "AspNetRoles" AS a
WHERE a."NormalizedName" = @__normalizedName_0
LIMIT 1
[2024-06-14 16:34:07.520 +01:00  INF]  Executed DbCommand (3ms) [Parameters=[@__normalizedName_0='?'], CommandType='"Text"', CommandTimeout='30']
SELECT a."Id", a."ConcurrencyStamp", a."Name", a."NormalizedName"
FROM "AspNetRoles" AS a
WHERE a."NormalizedName" = @__normalizedName_0
LIMIT 1
[2024-06-14 16:34:07.524 +01:00  INF]  Executed DbCommand (3ms) [Parameters=[@__normalizedName_0='?'], CommandType='"Text"', CommandTimeout='30']
SELECT a."Id", a."ConcurrencyStamp", a."Name", a."NormalizedName"
FROM "AspNetRoles" AS a
WHERE a."NormalizedName" = @__normalizedName_0
LIMIT 1
[2024-06-14 16:34:07.539 +01:00  INF]  Executed DbCommand (4ms) [Parameters=[@__normalizedEmail_0='?'], CommandType='"Text"', CommandTimeout='30']
SELECT a."Id", a."AccessFailedCount", a."AddressId", a."BusinessName", a."ConcurrencyStamp", a."ConfirmPassword", a."ContactName", a."CreatedAt", a."Email", a."EmailConfirmed", a."FirstName", a."ImageUrl", a."LastName", a."LockoutEnabled", a."LockoutEnd", a."NormalizedEmail", a."NormalizedUserName", a."Occupation", a."Password", a."PasswordHash", a."PhoneNumber", a."PhoneNumberConfirmed", a."PublicId", a."SecurityStamp", a."TwoFactorEnabled", a."UpdatedAt", a."UserName"
FROM "AspNetUsers" AS a
WHERE a."NormalizedEmail" = @__normalizedEmail_0
LIMIT 2
[2024-06-14 16:34:07.722 +01:00  WRN]  The WebRootPath was not found: C:\Users\Admin\Downloads\Project\360AdsNG.API\360AdsNG.API\360AdsNG.API\360AdsNG.API\wwwroot. Static files may be unavailable.
[2024-06-14 16:34:07.892 +01:00  INF]  Now listening on: https://localhost:7112
[2024-06-14 16:34:07.892 +01:00  INF]  Now listening on: http://localhost:5169
[2024-06-14 16:34:07.892 +01:00  INF]  Application started. Press Ctrl+C to shut down.
[2024-06-14 16:34:07.892 +01:00  INF]  Hosting environment: Development
[2024-06-14 16:34:07.893 +01:00  INF]  Content root path: C:\Users\Admin\Downloads\Project\360AdsNG.API\360AdsNG.API\360AdsNG.API\360AdsNG.API
[2024-06-14 16:34:08.658 +01:00  INF]  Request starting HTTP/2 GET https://localhost:7112/swagger/index.html - null null
[2024-06-14 16:34:08.864 +01:00  INF]  Request finished HTTP/2 GET https://localhost:7112/swagger/index.html - 200 null text/html;charset=utf-8 209.1884ms
[2024-06-14 16:34:08.870 +01:00  INF]  Request starting HTTP/2 GET https://localhost:7112/_vs/browserLink - null null
[2024-06-14 16:34:08.870 +01:00  INF]  Request starting HTTP/2 GET https://localhost:7112/_framework/aspnetcore-browser-refresh.js - null null
[2024-06-14 16:34:08.878 +01:00  INF]  Request finished HTTP/2 GET https://localhost:7112/_framework/aspnetcore-browser-refresh.js - 200 13760 application/javascript; charset=utf-8 7.9368ms
[2024-06-14 16:34:08.920 +01:00  INF]  Request finished HTTP/2 GET https://localhost:7112/_vs/browserLink - 200 null text/javascript; charset=UTF-8 49.9542ms
[2024-06-14 16:34:09.110 +01:00  INF]  Request starting HTTP/2 GET https://localhost:7112/swagger/v1/swagger.json - null null
[2024-06-14 16:34:09.236 +01:00  INF]  Request finished HTTP/2 GET https://localhost:7112/swagger/v1/swagger.json - 200 null application/json;charset=utf-8 126.5241ms
