[2024-06-10 10:06:04.649 +01:00  INF]  Configuring Swagger
[2024-06-10 10:06:04.696 +01:00  INF]  Configuring Authentication
[2024-06-10 10:06:04.696 +01:00  INF]  Configuring CORS
[2024-06-10 10:06:04.696 +01:00  INF]  Configuring Dependency Injection
[2024-06-10 10:09:21.032 +01:00  INF]  Configuring Swagger
[2024-06-10 10:09:21.058 +01:00  INF]  Configuring Authentication
[2024-06-10 10:09:21.059 +01:00  INF]  Configuring CORS
[2024-06-10 10:09:21.059 +01:00  INF]  Configuring Dependency Injection
[2024-06-10 10:13:11.555 +01:00  INF]  Configuring Swagger
[2024-06-10 10:13:11.575 +01:00  INF]  Configuring Authentication
[2024-06-10 10:13:11.576 +01:00  INF]  Configuring CORS
[2024-06-10 10:13:11.576 +01:00  INF]  Configuring Dependency Injection
[2024-06-10 10:13:17.769 +01:00  ERR]  An error occurred during seeding.
Npgsql.NpgsqlException (0x80004005): Failed to connect to 127.0.0.1:5432
 ---> System.Net.Sockets.SocketException (10061): No connection could be made because the target machine actively refused it.
   at Npgsql.Internal.NpgsqlConnector.Connect(NpgsqlTimeout timeout)
   at Npgsql.Internal.NpgsqlConnector.Connect(NpgsqlTimeout timeout)
   at Npgsql.Internal.NpgsqlConnector.RawOpen(SslMode sslMode, NpgsqlTimeout timeout, Boolean async, CancellationToken cancellationToken, Boolean isFirstAttempt)
   at Npgsql.Internal.NpgsqlConnector.<Open>g__OpenCore|213_1(NpgsqlConnector conn, SslMode sslMode, NpgsqlTimeout timeout, Boolean async, CancellationToken cancellationToken, Boolean isFirstAttempt)
   at Npgsql.Internal.NpgsqlConnector.Open(NpgsqlTimeout timeout, Boolean async, CancellationToken cancellationToken)
   at Npgsql.UnpooledDataSource.Get(NpgsqlConnection conn, NpgsqlTimeout timeout, Boolean async, CancellationToken cancellationToken)
   at Npgsql.NpgsqlConnection.<Open>g__OpenAsync|42_0(Boolean async, CancellationToken cancellationToken)
   at Npgsql.NpgsqlConnection.Open()
   at Microsoft.EntityFrameworkCore.Storage.RelationalConnection.OpenDbConnection(Boolean errorsExpected)
   at Microsoft.EntityFrameworkCore.Storage.RelationalConnection.OpenInternal(Boolean errorsExpected)
   at Microsoft.EntityFrameworkCore.Storage.RelationalConnection.Open(Boolean errorsExpected)
   at Npgsql.EntityFrameworkCore.PostgreSQL.Storage.Internal.NpgsqlDatabaseCreator.Exists(Boolean async, CancellationToken cancellationToken)
   at Npgsql.EntityFrameworkCore.PostgreSQL.Storage.Internal.NpgsqlDatabaseCreator.Exists(Boolean async, CancellationToken cancellationToken)
   at Npgsql.EntityFrameworkCore.PostgreSQL.Storage.Internal.NpgsqlDatabaseCreator.Exists()
   at Microsoft.EntityFrameworkCore.Migrations.HistoryRepository.Exists()
   at Microsoft.EntityFrameworkCore.Migrations.HistoryRepository.GetAppliedMigrations()
   at Npgsql.EntityFrameworkCore.PostgreSQL.Migrations.Internal.NpgsqlMigrator.Migrate(String targetMigration)
   at Microsoft.EntityFrameworkCore.RelationalDatabaseFacadeExtensions.Migrate(DatabaseFacade databaseFacade)
   at Program.<Main>$(String[] args) in C:\Users\Admin\Downloads\Project\360AdsNG.API\360AdsNG.API\360AdsNG.API\360AdsNG.API\Program.cs:line 62
[2024-06-10 10:13:17.806 +01:00  INF]  User profile is available. Using 'C:\Users\Admin\AppData\Local\ASP.NET\DataProtection-Keys' as key repository and Windows DPAPI to encrypt keys at rest.
[2024-06-10 10:13:17.930 +01:00  WRN]  The WebRootPath was not found: C:\Users\Admin\Downloads\Project\360AdsNG.API\360AdsNG.API\360AdsNG.API\360AdsNG.API\wwwroot. Static files may be unavailable.
[2024-06-10 10:13:18.158 +01:00  INF]  Now listening on: https://localhost:7112
[2024-06-10 10:13:18.158 +01:00  INF]  Now listening on: http://localhost:5169
[2024-06-10 10:13:18.158 +01:00  INF]  Application started. Press Ctrl+C to shut down.
[2024-06-10 10:13:18.158 +01:00  INF]  Hosting environment: Development
[2024-06-10 10:13:18.158 +01:00  INF]  Content root path: C:\Users\Admin\Downloads\Project\360AdsNG.API\360AdsNG.API\360AdsNG.API\360AdsNG.API
[2024-06-10 10:13:19.182 +01:00  INF]  Request starting HTTP/2 GET https://localhost:7112/swagger/index.html - null null
[2024-06-10 10:13:19.402 +01:00  INF]  Request finished HTTP/2 GET https://localhost:7112/swagger/index.html - 200 null text/html;charset=utf-8 222.6153ms
[2024-06-10 10:13:19.403 +01:00  INF]  Request starting HTTP/2 GET https://localhost:7112/_framework/aspnetcore-browser-refresh.js - null null
[2024-06-10 10:13:19.404 +01:00  INF]  Request starting HTTP/2 GET https://localhost:7112/_vs/browserLink - null null
[2024-06-10 10:13:19.410 +01:00  INF]  Request finished HTTP/2 GET https://localhost:7112/_framework/aspnetcore-browser-refresh.js - 200 13760 application/javascript; charset=utf-8 6.0778ms
[2024-06-10 10:13:19.457 +01:00  INF]  Request finished HTTP/2 GET https://localhost:7112/_vs/browserLink - 200 null text/javascript; charset=UTF-8 53.0473ms
[2024-06-10 10:13:19.541 +01:00  INF]  Request starting HTTP/2 GET https://localhost:7112/swagger/v1/swagger.json - null null
[2024-06-10 10:13:19.620 +01:00  INF]  Request finished HTTP/2 GET https://localhost:7112/swagger/v1/swagger.json - 200 null application/json;charset=utf-8 79.6042ms
[2024-06-10 10:14:03.541 +01:00  INF]  Request starting HTTP/2 POST https://localhost:7112/api/v1/auth/login - application/json 59
[2024-06-10 10:14:03.551 +01:00  INF]  CORS policy execution successful.
[2024-06-10 10:14:03.630 +01:00  INF]  Executing endpoint '_360AdsNG.API.Controllers.AuthController.Login (360AdsNG.API)'
[2024-06-10 10:14:03.642 +01:00  INF]  Route matched with {action = "Login", controller = "Auth"}. Executing controller action with signature System.Threading.Tasks.Task`1[Microsoft.AspNetCore.Mvc.IActionResult] Login(_360AdsNG.Application.Dtos.AuthDtos.LoginUserDto) on controller _360AdsNG.API.Controllers.AuthController (360AdsNG.API).
[2024-06-10 10:14:07.994 +01:00  ERR]  An error occurred using the connection to database '360AdsNG' on server 'tcp://localhost:5432'.
[2024-06-10 10:14:08.003 +01:00  ERR]  An exception occurred while iterating over the results of a query for context type '_360AdsNG.Infrastructure.Persistence.AppDbContext'.
System.InvalidOperationException: An exception has been raised that is likely due to a transient failure.
 ---> Npgsql.NpgsqlException (0x80004005): Failed to connect to 127.0.0.1:5432
 ---> System.Net.Sockets.SocketException (10061): No connection could be made because the target machine actively refused it.
   at System.Net.Sockets.Socket.AwaitableSocketAsyncEventArgs.ThrowException(SocketError error, CancellationToken cancellationToken)
   at System.Net.Sockets.Socket.AwaitableSocketAsyncEventArgs.System.Threading.Tasks.Sources.IValueTaskSource.GetResult(Int16 token)
   at System.Net.Sockets.Socket.<ConnectAsync>g__WaitForConnectWithCancellation|285_0(AwaitableSocketAsyncEventArgs saea, ValueTask connectTask, CancellationToken cancellationToken)
   at Npgsql.TaskTimeoutAndCancellation.ExecuteAsync(Func`2 getTaskFunc, NpgsqlTimeout timeout, CancellationToken cancellationToken)
   at Npgsql.Internal.NpgsqlConnector.ConnectAsync(NpgsqlTimeout timeout, CancellationToken cancellationToken)
   at Npgsql.Internal.NpgsqlConnector.ConnectAsync(NpgsqlTimeout timeout, CancellationToken cancellationToken)
   at Npgsql.Internal.NpgsqlConnector.RawOpen(SslMode sslMode, NpgsqlTimeout timeout, Boolean async, CancellationToken cancellationToken, Boolean isFirstAttempt)
   at Npgsql.Internal.NpgsqlConnector.<Open>g__OpenCore|213_1(NpgsqlConnector conn, SslMode sslMode, NpgsqlTimeout timeout, Boolean async, CancellationToken cancellationToken, Boolean isFirstAttempt)
   at Npgsql.Internal.NpgsqlConnector.Open(NpgsqlTimeout timeout, Boolean async, CancellationToken cancellationToken)
   at Npgsql.PoolingDataSource.OpenNewConnector(NpgsqlConnection conn, NpgsqlTimeout timeout, Boolean async, CancellationToken cancellationToken)
   at Npgsql.PoolingDataSource.<Get>g__RentAsync|34_0(NpgsqlConnection conn, NpgsqlTimeout timeout, Boolean async, CancellationToken cancellationToken)
   at Npgsql.NpgsqlConnection.<Open>g__OpenAsync|42_0(Boolean async, CancellationToken cancellationToken)
   at Microsoft.EntityFrameworkCore.Storage.RelationalConnection.OpenInternalAsync(Boolean errorsExpected, CancellationToken cancellationToken)
   at Microsoft.EntityFrameworkCore.Storage.RelationalConnection.OpenInternalAsync(Boolean errorsExpected, CancellationToken cancellationToken)
   at Microsoft.EntityFrameworkCore.Storage.RelationalConnection.OpenAsync(CancellationToken cancellationToken, Boolean errorsExpected)
   at Microsoft.EntityFrameworkCore.Storage.RelationalCommand.ExecuteReaderAsync(RelationalCommandParameterObject parameterObject, CancellationToken cancellationToken)
   at Microsoft.EntityFrameworkCore.Query.Internal.SingleQueryingEnumerable`1.AsyncEnumerator.InitializeReaderAsync(AsyncEnumerator enumerator, CancellationToken cancellationToken)
   at Npgsql.EntityFrameworkCore.PostgreSQL.Storage.Internal.NpgsqlExecutionStrategy.ExecuteAsync[TState,TResult](TState state, Func`4 operation, Func`4 verifySucceeded, CancellationToken cancellationToken)
   --- End of inner exception stack trace ---
   at Npgsql.EntityFrameworkCore.PostgreSQL.Storage.Internal.NpgsqlExecutionStrategy.ExecuteAsync[TState,TResult](TState state, Func`4 operation, Func`4 verifySucceeded, CancellationToken cancellationToken)
   at Microsoft.EntityFrameworkCore.Query.Internal.SingleQueryingEnumerable`1.AsyncEnumerator.MoveNextAsync()
System.InvalidOperationException: An exception has been raised that is likely due to a transient failure.
 ---> Npgsql.NpgsqlException (0x80004005): Failed to connect to 127.0.0.1:5432
 ---> System.Net.Sockets.SocketException (10061): No connection could be made because the target machine actively refused it.
   at System.Net.Sockets.Socket.AwaitableSocketAsyncEventArgs.ThrowException(SocketError error, CancellationToken cancellationToken)
   at System.Net.Sockets.Socket.AwaitableSocketAsyncEventArgs.System.Threading.Tasks.Sources.IValueTaskSource.GetResult(Int16 token)
   at System.Net.Sockets.Socket.<ConnectAsync>g__WaitForConnectWithCancellation|285_0(AwaitableSocketAsyncEventArgs saea, ValueTask connectTask, CancellationToken cancellationToken)
   at Npgsql.TaskTimeoutAndCancellation.ExecuteAsync(Func`2 getTaskFunc, NpgsqlTimeout timeout, CancellationToken cancellationToken)
   at Npgsql.Internal.NpgsqlConnector.ConnectAsync(NpgsqlTimeout timeout, CancellationToken cancellationToken)
   at Npgsql.Internal.NpgsqlConnector.ConnectAsync(NpgsqlTimeout timeout, CancellationToken cancellationToken)
   at Npgsql.Internal.NpgsqlConnector.RawOpen(SslMode sslMode, NpgsqlTimeout timeout, Boolean async, CancellationToken cancellationToken, Boolean isFirstAttempt)
   at Npgsql.Internal.NpgsqlConnector.<Open>g__OpenCore|213_1(NpgsqlConnector conn, SslMode sslMode, NpgsqlTimeout timeout, Boolean async, CancellationToken cancellationToken, Boolean isFirstAttempt)
   at Npgsql.Internal.NpgsqlConnector.Open(NpgsqlTimeout timeout, Boolean async, CancellationToken cancellationToken)
   at Npgsql.PoolingDataSource.OpenNewConnector(NpgsqlConnection conn, NpgsqlTimeout timeout, Boolean async, CancellationToken cancellationToken)
   at Npgsql.PoolingDataSource.<Get>g__RentAsync|34_0(NpgsqlConnection conn, NpgsqlTimeout timeout, Boolean async, CancellationToken cancellationToken)
   at Npgsql.NpgsqlConnection.<Open>g__OpenAsync|42_0(Boolean async, CancellationToken cancellationToken)
   at Microsoft.EntityFrameworkCore.Storage.RelationalConnection.OpenInternalAsync(Boolean errorsExpected, CancellationToken cancellationToken)
   at Microsoft.EntityFrameworkCore.Storage.RelationalConnection.OpenInternalAsync(Boolean errorsExpected, CancellationToken cancellationToken)
   at Microsoft.EntityFrameworkCore.Storage.RelationalConnection.OpenAsync(CancellationToken cancellationToken, Boolean errorsExpected)
   at Microsoft.EntityFrameworkCore.Storage.RelationalCommand.ExecuteReaderAsync(RelationalCommandParameterObject parameterObject, CancellationToken cancellationToken)
   at Microsoft.EntityFrameworkCore.Query.Internal.SingleQueryingEnumerable`1.AsyncEnumerator.InitializeReaderAsync(AsyncEnumerator enumerator, CancellationToken cancellationToken)
   at Npgsql.EntityFrameworkCore.PostgreSQL.Storage.Internal.NpgsqlExecutionStrategy.ExecuteAsync[TState,TResult](TState state, Func`4 operation, Func`4 verifySucceeded, CancellationToken cancellationToken)
   --- End of inner exception stack trace ---
   at Npgsql.EntityFrameworkCore.PostgreSQL.Storage.Internal.NpgsqlExecutionStrategy.ExecuteAsync[TState,TResult](TState state, Func`4 operation, Func`4 verifySucceeded, CancellationToken cancellationToken)
   at Microsoft.EntityFrameworkCore.Query.Internal.SingleQueryingEnumerable`1.AsyncEnumerator.MoveNextAsync()
[2024-06-10 10:14:08.277 +01:00  INF]  Executed action _360AdsNG.API.Controllers.AuthController.Login (360AdsNG.API) in 4631.156ms
[2024-06-10 10:14:08.282 +01:00  INF]  Executed endpoint '_360AdsNG.API.Controllers.AuthController.Login (360AdsNG.API)'
[2024-06-10 10:14:08.426 +01:00  ERR]  An exception has been raised that is likely due to a transient failure.
System.InvalidOperationException: An exception has been raised that is likely due to a transient failure.
 ---> Npgsql.NpgsqlException (0x80004005): Failed to connect to 127.0.0.1:5432
 ---> System.Net.Sockets.SocketException (10061): No connection could be made because the target machine actively refused it.
   at System.Net.Sockets.Socket.AwaitableSocketAsyncEventArgs.ThrowException(SocketError error, CancellationToken cancellationToken)
   at System.Net.Sockets.Socket.AwaitableSocketAsyncEventArgs.System.Threading.Tasks.Sources.IValueTaskSource.GetResult(Int16 token)
   at System.Net.Sockets.Socket.<ConnectAsync>g__WaitForConnectWithCancellation|285_0(AwaitableSocketAsyncEventArgs saea, ValueTask connectTask, CancellationToken cancellationToken)
   at Npgsql.TaskTimeoutAndCancellation.ExecuteAsync(Func`2 getTaskFunc, NpgsqlTimeout timeout, CancellationToken cancellationToken)
   at Npgsql.Internal.NpgsqlConnector.ConnectAsync(NpgsqlTimeout timeout, CancellationToken cancellationToken)
   at Npgsql.Internal.NpgsqlConnector.ConnectAsync(NpgsqlTimeout timeout, CancellationToken cancellationToken)
   at Npgsql.Internal.NpgsqlConnector.RawOpen(SslMode sslMode, NpgsqlTimeout timeout, Boolean async, CancellationToken cancellationToken, Boolean isFirstAttempt)
   at Npgsql.Internal.NpgsqlConnector.<Open>g__OpenCore|213_1(NpgsqlConnector conn, SslMode sslMode, NpgsqlTimeout timeout, Boolean async, CancellationToken cancellationToken, Boolean isFirstAttempt)
   at Npgsql.Internal.NpgsqlConnector.Open(NpgsqlTimeout timeout, Boolean async, CancellationToken cancellationToken)
   at Npgsql.PoolingDataSource.OpenNewConnector(NpgsqlConnection conn, NpgsqlTimeout timeout, Boolean async, CancellationToken cancellationToken)
   at Npgsql.PoolingDataSource.<Get>g__RentAsync|34_0(NpgsqlConnection conn, NpgsqlTimeout timeout, Boolean async, CancellationToken cancellationToken)
   at Npgsql.NpgsqlConnection.<Open>g__OpenAsync|42_0(Boolean async, CancellationToken cancellationToken)
   at Microsoft.EntityFrameworkCore.Storage.RelationalConnection.OpenInternalAsync(Boolean errorsExpected, CancellationToken cancellationToken)
   at Microsoft.EntityFrameworkCore.Storage.RelationalConnection.OpenInternalAsync(Boolean errorsExpected, CancellationToken cancellationToken)
   at Microsoft.EntityFrameworkCore.Storage.RelationalConnection.OpenAsync(CancellationToken cancellationToken, Boolean errorsExpected)
   at Microsoft.EntityFrameworkCore.Storage.RelationalCommand.ExecuteReaderAsync(RelationalCommandParameterObject parameterObject, CancellationToken cancellationToken)
   at Microsoft.EntityFrameworkCore.Query.Internal.SingleQueryingEnumerable`1.AsyncEnumerator.InitializeReaderAsync(AsyncEnumerator enumerator, CancellationToken cancellationToken)
   at Npgsql.EntityFrameworkCore.PostgreSQL.Storage.Internal.NpgsqlExecutionStrategy.ExecuteAsync[TState,TResult](TState state, Func`4 operation, Func`4 verifySucceeded, CancellationToken cancellationToken)
   --- End of inner exception stack trace ---
   at Npgsql.EntityFrameworkCore.PostgreSQL.Storage.Internal.NpgsqlExecutionStrategy.ExecuteAsync[TState,TResult](TState state, Func`4 operation, Func`4 verifySucceeded, CancellationToken cancellationToken)
   at Microsoft.EntityFrameworkCore.Query.Internal.SingleQueryingEnumerable`1.AsyncEnumerator.MoveNextAsync()
   at Microsoft.EntityFrameworkCore.Query.ShapedQueryCompilingExpressionVisitor.SingleOrDefaultAsync[TSource](IAsyncEnumerable`1 asyncEnumerable, CancellationToken cancellationToken)
   at Microsoft.EntityFrameworkCore.Query.ShapedQueryCompilingExpressionVisitor.SingleOrDefaultAsync[TSource](IAsyncEnumerable`1 asyncEnumerable, CancellationToken cancellationToken)
   at Microsoft.AspNetCore.Identity.UserManager`1.FindByEmailAsync(String email)
   at _360AdsNG.Application.Services.AuthService.Login(LoginUserDto loginUserDto) in C:\Users\Admin\Downloads\Project\360AdsNG.API\360AdsNG.API\360AdsNG.API\360AdsNG.Application\Services\AuthService.cs:line 141
   at _360AdsNG.API.Controllers.AuthController.Login(LoginUserDto loginUserDto) in C:\Users\Admin\Downloads\Project\360AdsNG.API\360AdsNG.API\360AdsNG.API\360AdsNG.API\Controllers\AuthController.cs:line 56
   at Microsoft.AspNetCore.Mvc.Infrastructure.ActionMethodExecutor.TaskOfIActionResultExecutor.Execute(ActionContext actionContext, IActionResultTypeMapper mapper, ObjectMethodExecutor executor, Object controller, Object[] arguments)
   at Microsoft.AspNetCore.Mvc.Infrastructure.ControllerActionInvoker.<InvokeActionMethodAsync>g__Awaited|12_0(ControllerActionInvoker invoker, ValueTask`1 actionResultValueTask)
   at Microsoft.AspNetCore.Mvc.Infrastructure.ControllerActionInvoker.<InvokeNextActionFilterAsync>g__Awaited|10_0(ControllerActionInvoker invoker, Task lastTask, State next, Scope scope, Object state, Boolean isCompleted)
   at Microsoft.AspNetCore.Mvc.Infrastructure.ControllerActionInvoker.Rethrow(ActionExecutedContextSealed context)
   at Microsoft.AspNetCore.Mvc.Infrastructure.ControllerActionInvoker.Next(State& next, Scope& scope, Object& state, Boolean& isCompleted)
   at Microsoft.AspNetCore.Mvc.Infrastructure.ControllerActionInvoker.<InvokeInnerFilterAsync>g__Awaited|13_0(ControllerActionInvoker invoker, Task lastTask, State next, Scope scope, Object state, Boolean isCompleted)
   at Microsoft.AspNetCore.Mvc.Infrastructure.ResourceInvoker.<InvokeFilterPipelineAsync>g__Awaited|20_0(ResourceInvoker invoker, Task lastTask, State next, Scope scope, Object state, Boolean isCompleted)
   at Microsoft.AspNetCore.Mvc.Infrastructure.ResourceInvoker.<InvokeAsync>g__Logged|17_1(ResourceInvoker invoker)
   at Microsoft.AspNetCore.Mvc.Infrastructure.ResourceInvoker.<InvokeAsync>g__Logged|17_1(ResourceInvoker invoker)
   at Microsoft.AspNetCore.Routing.EndpointMiddleware.<Invoke>g__AwaitRequestTask|7_0(Endpoint endpoint, Task requestTask, ILogger logger)
   at Microsoft.AspNetCore.Authorization.AuthorizationMiddleware.Invoke(HttpContext context)
   at Microsoft.AspNetCore.Authentication.AuthenticationMiddleware.Invoke(HttpContext context)
   at _360AdsNG.API.Middlewares.ExceptionMiddleware.InvokeAsync(HttpContext context) in C:\Users\Admin\Downloads\Project\360AdsNG.API\360AdsNG.API\360AdsNG.API\360AdsNG.API\Middlewares\ExceptionMiddleware.cs:line 26
[2024-06-10 10:14:08.458 +01:00  INF]  Request finished HTTP/2 POST https://localhost:7112/api/v1/auth/login - 200 null application/json 4917.1292ms
[2024-06-10 21:25:21.062 +01:00  INF]  Configuring Swagger
[2024-06-10 21:25:21.182 +01:00  INF]  Configuring Authentication
[2024-06-10 21:25:21.182 +01:00  INF]  Configuring CORS
[2024-06-10 21:25:21.182 +01:00  INF]  Configuring Dependency Injection
[2024-06-10 21:25:24.328 +01:00  INF]  Executed DbCommand (718ms) [Parameters=[], CommandType='"Text"', CommandTimeout='30']
CREATE DATABASE "360AdsNG";
[2024-06-10 21:25:24.691 +01:00  INF]  Executed DbCommand (12ms) [Parameters=[], CommandType='"Text"', CommandTimeout='30']
CREATE TABLE "__EFMigrationsHistory" (
    "MigrationId" character varying(150) NOT NULL,
    "ProductVersion" character varying(32) NOT NULL,
    CONSTRAINT "PK___EFMigrationsHistory" PRIMARY KEY ("MigrationId")
);
[2024-06-10 21:25:24.850 +01:00  INF]  Executed DbCommand (22ms) [Parameters=[], CommandType='"Text"', CommandTimeout='30']
SELECT EXISTS (
    SELECT 1 FROM pg_catalog.pg_class c
    JOIN pg_catalog.pg_namespace n ON n.oid=c.relnamespace
    WHERE n.nspname='public' AND
          c.relname='__EFMigrationsHistory'
)
[2024-06-10 21:25:24.853 +01:00  INF]  Executed DbCommand (2ms) [Parameters=[], CommandType='"Text"', CommandTimeout='30']
SELECT "MigrationId", "ProductVersion"
FROM "__EFMigrationsHistory"
ORDER BY "MigrationId";
[2024-06-10 21:25:24.862 +01:00  INF]  Applying migration '20240529191000_initial'.
[2024-06-10 21:25:24.918 +01:00  INF]  Executed DbCommand (8ms) [Parameters=[], CommandType='"Text"', CommandTimeout='30']
CREATE TABLE "Addresses" (
    "Id" text NOT NULL,
    "Street" text NOT NULL,
    "City" text NOT NULL,
    "State" text NOT NULL,
    "Country" text NOT NULL,
    "Longitude" double precision,
    "Latitude" double precision,
    "CreatedAt" timestamp with time zone NOT NULL,
    "UpdatedAt" timestamp with time zone NOT NULL,
    CONSTRAINT "PK_Addresses" PRIMARY KEY ("Id")
);
[2024-06-10 21:25:24.926 +01:00  INF]  Executed DbCommand (8ms) [Parameters=[], CommandType='"Text"', CommandTimeout='30']
CREATE TABLE "AspNetRoles" (
    "Id" text NOT NULL,
    "Name" character varying(256),
    "NormalizedName" character varying(256),
    "ConcurrencyStamp" text,
    CONSTRAINT "PK_AspNetRoles" PRIMARY KEY ("Id")
);
[2024-06-10 21:25:24.941 +01:00  INF]  Executed DbCommand (15ms) [Parameters=[], CommandType='"Text"', CommandTimeout='30']
CREATE TABLE "AspNetUsers" (
    "Id" text NOT NULL,
    "FirstName" text,
    "LastName" text,
    "ImageUrl" text,
    "Occupation" text,
    "BusinessName" text,
    "ContactName" text,
    "PublicId" text NOT NULL,
    "AddressId" text,
    "CreatedAt" timestamp with time zone NOT NULL,
    "UpdatedAt" timestamp with time zone NOT NULL,
    "Password" text NOT NULL,
    "ConfirmPassword" text NOT NULL,
    "UserName" character varying(256),
    "NormalizedUserName" character varying(256),
    "Email" character varying(256),
    "NormalizedEmail" character varying(256),
    "EmailConfirmed" boolean NOT NULL,
    "PasswordHash" text,
    "SecurityStamp" text,
    "ConcurrencyStamp" text,
    "PhoneNumber" text,
    "PhoneNumberConfirmed" boolean NOT NULL,
    "TwoFactorEnabled" boolean NOT NULL,
    "LockoutEnd" timestamp with time zone,
    "LockoutEnabled" boolean NOT NULL,
    "AccessFailedCount" integer NOT NULL,
    CONSTRAINT "PK_AspNetUsers" PRIMARY KEY ("Id"),
    CONSTRAINT "FK_AspNetUsers_Addresses_AddressId" FOREIGN KEY ("AddressId") REFERENCES "Addresses" ("Id")
);
[2024-06-10 21:25:24.952 +01:00  INF]  Executed DbCommand (11ms) [Parameters=[], CommandType='"Text"', CommandTimeout='30']
CREATE TABLE "AspNetRoleClaims" (
    "Id" integer GENERATED BY DEFAULT AS IDENTITY,
    "RoleId" text NOT NULL,
    "ClaimType" text,
    "ClaimValue" text,
    CONSTRAINT "PK_AspNetRoleClaims" PRIMARY KEY ("Id"),
    CONSTRAINT "FK_AspNetRoleClaims_AspNetRoles_RoleId" FOREIGN KEY ("RoleId") REFERENCES "AspNetRoles" ("Id") ON DELETE CASCADE
);
[2024-06-10 21:25:24.960 +01:00  INF]  Executed DbCommand (8ms) [Parameters=[], CommandType='"Text"', CommandTimeout='30']
CREATE TABLE "AspNetUserClaims" (
    "Id" integer GENERATED BY DEFAULT AS IDENTITY,
    "UserId" text NOT NULL,
    "ClaimType" text,
    "ClaimValue" text,
    CONSTRAINT "PK_AspNetUserClaims" PRIMARY KEY ("Id"),
    CONSTRAINT "FK_AspNetUserClaims_AspNetUsers_UserId" FOREIGN KEY ("UserId") REFERENCES "AspNetUsers" ("Id") ON DELETE CASCADE
);
[2024-06-10 21:25:24.969 +01:00  INF]  Executed DbCommand (9ms) [Parameters=[], CommandType='"Text"', CommandTimeout='30']
CREATE TABLE "AspNetUserLogins" (
    "LoginProvider" text NOT NULL,
    "ProviderKey" text NOT NULL,
    "ProviderDisplayName" text,
    "UserId" text NOT NULL,
    CONSTRAINT "PK_AspNetUserLogins" PRIMARY KEY ("LoginProvider", "ProviderKey"),
    CONSTRAINT "FK_AspNetUserLogins_AspNetUsers_UserId" FOREIGN KEY ("UserId") REFERENCES "AspNetUsers" ("Id") ON DELETE CASCADE
);
[2024-06-10 21:25:25.008 +01:00  INF]  Executed DbCommand (9ms) [Parameters=[], CommandType='"Text"', CommandTimeout='30']
CREATE TABLE "AspNetUserRoles" (
    "UserId" text NOT NULL,
    "RoleId" text NOT NULL,
    CONSTRAINT "PK_AspNetUserRoles" PRIMARY KEY ("UserId", "RoleId"),
    CONSTRAINT "FK_AspNetUserRoles_AspNetRoles_RoleId" FOREIGN KEY ("RoleId") REFERENCES "AspNetRoles" ("Id") ON DELETE CASCADE,
    CONSTRAINT "FK_AspNetUserRoles_AspNetUsers_UserId" FOREIGN KEY ("UserId") REFERENCES "AspNetUsers" ("Id") ON DELETE CASCADE
);
[2024-06-10 21:25:25.018 +01:00  INF]  Executed DbCommand (10ms) [Parameters=[], CommandType='"Text"', CommandTimeout='30']
CREATE TABLE "AspNetUserTokens" (
    "UserId" text NOT NULL,
    "LoginProvider" text NOT NULL,
    "Name" text NOT NULL,
    "Value" text,
    CONSTRAINT "PK_AspNetUserTokens" PRIMARY KEY ("UserId", "LoginProvider", "Name"),
    CONSTRAINT "FK_AspNetUserTokens_AspNetUsers_UserId" FOREIGN KEY ("UserId") REFERENCES "AspNetUsers" ("Id") ON DELETE CASCADE
);
[2024-06-10 21:25:25.026 +01:00  INF]  Executed DbCommand (7ms) [Parameters=[], CommandType='"Text"', CommandTimeout='30']
CREATE TABLE "Billboards" (
    "Id" text NOT NULL,
    "UserId" text NOT NULL,
    "AddressId" text NOT NULL,
    "Name" text NOT NULL,
    "Price" integer NOT NULL,
    "BoardType" text NOT NULL,
    "DailyImpressions" integer NOT NULL,
    "DurationPerDisplay" integer NOT NULL,
    "Time" text NOT NULL,
    "Dimension" text NOT NULL,
    "PixelSize" text NOT NULL,
    "Orientation" integer NOT NULL,
    "Negotiable" integer NOT NULL,
    "TrafficDescription" text NOT NULL,
    "ImageUrl" text NOT NULL,
    "Note" text NOT NULL,
    "CreatedAt" timestamp with time zone NOT NULL,
    "UpdatedAt" timestamp with time zone NOT NULL,
    CONSTRAINT "PK_Billboards" PRIMARY KEY ("Id"),
    CONSTRAINT "FK_Billboards_Addresses_AddressId" FOREIGN KEY ("AddressId") REFERENCES "Addresses" ("Id") ON DELETE CASCADE,
    CONSTRAINT "FK_Billboards_AspNetUsers_UserId" FOREIGN KEY ("UserId") REFERENCES "AspNetUsers" ("Id") ON DELETE CASCADE
);
[2024-06-10 21:25:25.035 +01:00  INF]  Executed DbCommand (8ms) [Parameters=[], CommandType='"Text"', CommandTimeout='30']
CREATE TABLE "Vendors" (
    "Id" text NOT NULL,
    "UserId" text NOT NULL,
    "AddressId" text,
    "CompanyName" text,
    "CreatedAt" timestamp with time zone NOT NULL,
    "UpdatedAt" timestamp with time zone NOT NULL,
    CONSTRAINT "PK_Vendors" PRIMARY KEY ("Id"),
    CONSTRAINT "FK_Vendors_Addresses_AddressId" FOREIGN KEY ("AddressId") REFERENCES "Addresses" ("Id"),
    CONSTRAINT "FK_Vendors_AspNetUsers_UserId" FOREIGN KEY ("UserId") REFERENCES "AspNetUsers" ("Id") ON DELETE CASCADE
);
[2024-06-10 21:25:25.040 +01:00  INF]  Executed DbCommand (6ms) [Parameters=[], CommandType='"Text"', CommandTimeout='30']
INSERT INTO "Addresses" ("Id", "City", "Country", "CreatedAt", "Latitude", "Longitude", "State", "Street", "UpdatedAt")
VALUES ('0', 'Admin City', 'Admin Country', TIMESTAMPTZ '2024-05-29T19:09:59.129183+00:00', 78.909999999999997, 100.111, 'Admin State', '123 Admin St', TIMESTAMPTZ '2024-05-29T19:09:59.129183+00:00');
INSERT INTO "Addresses" ("Id", "City", "Country", "CreatedAt", "Latitude", "Longitude", "State", "Street", "UpdatedAt")
VALUES ('1', 'Cityville', 'Countryland', TIMESTAMPTZ '2024-05-29T19:09:59.129184+00:00', 78.909999999999997, 123.456, 'Stateville', '123 Main St', TIMESTAMPTZ '2024-05-29T19:09:59.129184+00:00');
INSERT INTO "Addresses" ("Id", "City", "Country", "CreatedAt", "Latitude", "Longitude", "State", "Street", "UpdatedAt")
VALUES ('2', 'Townsville', 'Anotherland', TIMESTAMPTZ '2024-05-29T19:09:59.129184+00:00', 12.345000000000001, 45.677999999999997, 'Countyville', '456 Elm St', TIMESTAMPTZ '2024-05-29T19:09:59.129185+00:00');
INSERT INTO "Addresses" ("Id", "City", "Country", "CreatedAt", "Latitude", "Longitude", "State", "Street", "UpdatedAt")
VALUES ('3', 'Villagetown', 'Otherland', TIMESTAMPTZ '2024-05-29T19:09:59.129186+00:00', 67.890000000000001, 90.123000000000005, 'Provinceville', '789 Oak St', TIMESTAMPTZ '2024-05-29T19:09:59.129186+00:00');
INSERT INTO "Addresses" ("Id", "City", "Country", "CreatedAt", "Latitude", "Longitude", "State", "Street", "UpdatedAt")
VALUES ('4', 'Hamletville', 'Someland', TIMESTAMPTZ '2024-05-29T19:09:59.129186+00:00', 89.012, 34.567, 'Territorytown', '1011 Pine St', TIMESTAMPTZ '2024-05-29T19:09:59.129187+00:00');
INSERT INTO "Addresses" ("Id", "City", "Country", "CreatedAt", "Latitude", "Longitude", "State", "Street", "UpdatedAt")
VALUES ('5', 'Countryside', 'Landofthefree', TIMESTAMPTZ '2024-05-29T19:09:59.129187+00:00', 23.456, 56.789000000000001, 'Districtville', '1213 Cedar St', TIMESTAMPTZ '2024-05-29T19:09:59.129187+00:00');
INSERT INTO "Addresses" ("Id", "City", "Country", "CreatedAt", "Latitude", "Longitude", "State", "Street", "UpdatedAt")
VALUES ('6', 'Settlementtown', 'Everywhere', TIMESTAMPTZ '2024-05-29T19:09:59.129188+00:00', 34.567, 78.900999999999996, 'Municipality', '1415 Birch St', TIMESTAMPTZ '2024-05-29T19:09:59.129188+00:00');
INSERT INTO "Addresses" ("Id", "City", "Country", "CreatedAt", "Latitude", "Longitude", "State", "Street", "UpdatedAt")
VALUES ('7', 'Hollowville', 'Otherland', TIMESTAMPTZ '2024-05-29T19:09:59.129188+00:00', 90.123000000000005, 12.345000000000001, 'Territorytown', '1617 Maple St', TIMESTAMPTZ '2024-05-29T19:09:59.129188+00:00');
[2024-06-10 21:25:27.615 +01:00  INF]  Executed DbCommand (10ms) [Parameters=[], CommandType='"Text"', CommandTimeout='30']
INSERT INTO "AspNetUsers" ("Id", "AccessFailedCount", "AddressId", "BusinessName", "ConcurrencyStamp", "ConfirmPassword", "ContactName", "CreatedAt", "Email", "EmailConfirmed", "FirstName", "ImageUrl", "LastName", "LockoutEnabled", "LockoutEnd", "NormalizedEmail", "NormalizedUserName", "Occupation", "Password", "PasswordHash", "PhoneNumber", "PhoneNumberConfirmed", "PublicId", "SecurityStamp", "TwoFactorEnabled", "UpdatedAt", "UserName")
VALUES ('admin_id', 0, '0', NULL, 'a998b576-adcd-4af8-9509-e8e37d958edf', 'Admin@123', NULL, TIMESTAMPTZ '2024-05-29T19:09:59.237794+00:00', 'admin@admin.com', FALSE, 'Admin', NULL, 'Admin', FALSE, NULL, 'ADMIN@ADMIN.COM', 'ADMIN@ADMIN.COM', NULL, 'Admin@123', 'AQAAAAIAAYagAAAAEMlSx0lFvcbTKyrTVmRKq5IC5Y3TOa16vw1yV0BNa37n+9e3cMLGUjMIKkerHDTW/w==', '08130990162', FALSE, 'public_id_0', '61015d8e-2b39-4ce7-849a-61281f89079c', FALSE, TIMESTAMPTZ '2024-05-29T19:09:59.237794+00:00', 'admin@admin.com');
INSERT INTO "AspNetUsers" ("Id", "AccessFailedCount", "AddressId", "BusinessName", "ConcurrencyStamp", "ConfirmPassword", "ContactName", "CreatedAt", "Email", "EmailConfirmed", "FirstName", "ImageUrl", "LastName", "LockoutEnabled", "LockoutEnd", "NormalizedEmail", "NormalizedUserName", "Occupation", "Password", "PasswordHash", "PhoneNumber", "PhoneNumberConfirmed", "PublicId", "SecurityStamp", "TwoFactorEnabled", "UpdatedAt", "UserName")
VALUES ('user_id_1', 0, '1', 'ABC Company', '620efb65-26a2-4669-b8df-4ec3d217f1ce', 'Password@123', 'Jane Doe', TIMESTAMPTZ '2024-05-29T19:09:59.378386+00:00', 'john.doe@gmail.com', FALSE, 'John', 'https://images.unsplash.com/photo-1633332755192-727a05c4013d?q=80&w=1780&auto=format&fit=crop&ixlib=rb-4.0.3&ixid=M3wxMjA3fDB8MHxwaG90by1wYWdlfHx8fGVufDB8fHx8fA%3D%3D', 'Doe', FALSE, NULL, 'JOHN.DOE@GMAIL.COM', 'JOHN.DOE@GMAIL.COM', 'Developer', 'Password@123', 'AQAAAAIAAYagAAAAEB0R4ZQcU9rVCvIAxoL0Wy93FBMnG6bbN3mg572mH6hWeKFWgUugVITAB71oIoILaQ==', NULL, FALSE, 'public_id_1', 'e6cd3028-4498-43f2-b596-175cd0854576', FALSE, TIMESTAMPTZ '2024-05-29T19:09:59.378386+00:00', 'john.doe@gmail.com');
INSERT INTO "AspNetUsers" ("Id", "AccessFailedCount", "AddressId", "BusinessName", "ConcurrencyStamp", "ConfirmPassword", "ContactName", "CreatedAt", "Email", "EmailConfirmed", "FirstName", "ImageUrl", "LastName", "LockoutEnabled", "LockoutEnd", "NormalizedEmail", "NormalizedUserName", "Occupation", "Password", "PasswordHash", "PhoneNumber", "PhoneNumberConfirmed", "PublicId", "SecurityStamp", "TwoFactorEnabled", "UpdatedAt", "UserName")
VALUES ('user_id_2', 0, '2', 'XYZ Company', 'e271c1f7-d9de-4484-a4aa-d13a7c423162', 'Password@123', 'John Smith', TIMESTAMPTZ '2024-05-29T19:09:59.496226+00:00', 'alice.smith@gmail.com', FALSE, 'Alice', 'https://unsplash.com/photos/closeup-photography-of-woman-smiling-mEZ3PoFGs_k', 'Smith', FALSE, NULL, 'ALICE.SMITH@GMAIL.COM', 'ALICE.SMITH@GMAIL.COM', 'Designer', 'Password@123', 'AQAAAAIAAYagAAAAEAzw3oM6K1HEva57Aq0nP2ivZJeD/1hBdgtJDXMlTSDDiNDgkAedcHYWszbgZNa5Hw==', NULL, FALSE, 'public_id_2', '35df2c5f-882e-467e-92b6-5fb8847c7738', FALSE, TIMESTAMPTZ '2024-05-29T19:09:59.496227+00:00', 'alice.smith@gmail.com');
INSERT INTO "AspNetUsers" ("Id", "AccessFailedCount", "AddressId", "BusinessName", "ConcurrencyStamp", "ConfirmPassword", "ContactName", "CreatedAt", "Email", "EmailConfirmed", "FirstName", "ImageUrl", "LastName", "LockoutEnabled", "LockoutEnd", "NormalizedEmail", "NormalizedUserName", "Occupation", "Password", "PasswordHash", "PhoneNumber", "PhoneNumberConfirmed", "PublicId", "SecurityStamp", "TwoFactorEnabled", "UpdatedAt", "UserName")
VALUES ('user_id_3', 0, '3', 'EFG Enterprises', '19de1629-ebda-43a0-961b-a9956ceda372', 'Password@123', 'Michael Johnson', TIMESTAMPTZ '2024-05-29T19:09:59.617715+00:00', 'emily.johnson@gmail.com', FALSE, 'Emily', 'https://www.istockphoto.com/photo/headshot-portrait-of-smiling-male-employee-in-office-gm1309328823-399075075', 'Johnson', FALSE, NULL, 'EMILY.JOHNSON@GMAIL.COM', 'EMILY.JOHNSON@GMAIL.COM', 'Writer', 'Password@123', 'AQAAAAIAAYagAAAAEFkYX0F3Q9NDReJAu5yUY49Wa2hmxQ8M/x24fKDyTIgd7L2WaWqTNwf2TZF71xemrw==', NULL, FALSE, 'public_id_3', '887fb302-e008-4d23-bf5b-65117960477a', FALSE, TIMESTAMPTZ '2024-05-29T19:09:59.617716+00:00', 'emily.johnson@gmail.com');
INSERT INTO "AspNetUsers" ("Id", "AccessFailedCount", "AddressId", "BusinessName", "ConcurrencyStamp", "ConfirmPassword", "ContactName", "CreatedAt", "Email", "EmailConfirmed", "FirstName", "ImageUrl", "LastName", "LockoutEnabled", "LockoutEnd", "NormalizedEmail", "NormalizedUserName", "Occupation", "Password", "PasswordHash", "PhoneNumber", "PhoneNumberConfirmed", "PublicId", "SecurityStamp", "TwoFactorEnabled", "UpdatedAt", "UserName")
VALUES ('user_id_4', 0, '4', 'DB Tech', '1dff1dd2-459d-4c0d-a97e-9c7a73e7e04c', 'Password@123', 'Emma Brown', TIMESTAMPTZ '2024-05-29T19:09:59.727484+00:00', 'david.brown@gmail.com', FALSE, 'David', 'https://example.com/david.jpg', 'Brown', FALSE, NULL, 'DAVID.BROWN@GMAIL.COM', 'DAVID.BROWN@GMAIL.COM', 'Engineer', 'Password@123', 'AQAAAAIAAYagAAAAEGu/ObVF6swfVOjRy8bGplHPPItqqSprm/vI/G9RnmL0x7sccut26gBGTIdMS8iccw==', NULL, FALSE, 'public_id_4', 'd351801b-d686-40fd-a961-bc00e422a187', FALSE, TIMESTAMPTZ '2024-05-29T19:09:59.727485+00:00', 'david.brown@gmail.com');
INSERT INTO "AspNetUsers" ("Id", "AccessFailedCount", "AddressId", "BusinessName", "ConcurrencyStamp", "ConfirmPassword", "ContactName", "CreatedAt", "Email", "EmailConfirmed", "FirstName", "ImageUrl", "LastName", "LockoutEnabled", "LockoutEnd", "NormalizedEmail", "NormalizedUserName", "Occupation", "Password", "PasswordHash", "PhoneNumber", "PhoneNumberConfirmed", "PublicId", "SecurityStamp", "TwoFactorEnabled", "UpdatedAt", "UserName")
VALUES ('user_id_5', 0, '5', 'Artistic Creations', '3430640a-9829-4dea-a299-9614c9f562cb', 'Password@123', 'Daniel Martinez', TIMESTAMPTZ '2024-05-29T19:09:59.832582+00:00', 'sophia.martinez@gmail.com', FALSE, 'Sophia', 'https://example.com/sophia.jpg', 'Martinez', FALSE, NULL, 'SOPHIA.MARTINEZ@GMAIL.COM', 'SOPHIA.MARTINEZ@GMAIL.COM', 'Artist', 'Password@123', 'AQAAAAIAAYagAAAAEODi3migON7xmzgeZCtXZdYwnoQK/lrJ/WFTEeznlSnRVwYN7EkdZJ2TYN8Xo8ERGA==', NULL, FALSE, 'public_id_5', '0d856bb9-0d6d-4f11-a9e3-73f13365bf35', FALSE, TIMESTAMPTZ '2024-05-29T19:09:59.832582+00:00', 'sophia.martinez@gmail.com');
INSERT INTO "AspNetUsers" ("Id", "AccessFailedCount", "AddressId", "BusinessName", "ConcurrencyStamp", "ConfirmPassword", "ContactName", "CreatedAt", "Email", "EmailConfirmed", "FirstName", "ImageUrl", "LastName", "LockoutEnabled", "LockoutEnd", "NormalizedEmail", "NormalizedUserName", "Occupation", "Password", "PasswordHash", "PhoneNumber", "PhoneNumberConfirmed", "PublicId", "SecurityStamp", "TwoFactorEnabled", "UpdatedAt", "UserName")
VALUES ('user_id_6', 0, '6', 'Lee Marketing Solutions', 'c9810d79-5635-4f29-939f-209a5dab938e', 'Password@123', 'Olivia Lee', TIMESTAMPTZ '2024-05-29T19:09:59.970717+00:00', 'james.lee@gmail.com', FALSE, 'James', 'https://example.com/james.jpg', 'Lee', FALSE, NULL, 'JAMES.LEE@GMAIL.COM', 'JAMES.LEE@GMAIL.COM', 'Marketing Manager', 'Password@123', 'AQAAAAIAAYagAAAAEIgAoMqrMTfR6LuW/xQcVpUbk9L6YtYESGsyXCU+I3ir0zmLDetMehLOr9zHq09i6w==', NULL, FALSE, 'public_id_6', 'cc02af1e-e6c0-41d1-b8e8-7bb20fe692a4', FALSE, TIMESTAMPTZ '2024-05-29T19:09:59.970718+00:00', 'james.lee@gmail.com');
INSERT INTO "AspNetUsers" ("Id", "AccessFailedCount", "AddressId", "BusinessName", "ConcurrencyStamp", "ConfirmPassword", "ContactName", "CreatedAt", "Email", "EmailConfirmed", "FirstName", "ImageUrl", "LastName", "LockoutEnabled", "LockoutEnd", "NormalizedEmail", "NormalizedUserName", "Occupation", "Password", "PasswordHash", "PhoneNumber", "PhoneNumberConfirmed", "PublicId", "SecurityStamp", "TwoFactorEnabled", "UpdatedAt", "UserName")
VALUES ('user_id_7', 0, '7', 'Educational Institute', '15146a88-7fef-420a-8185-38fc1eeb6cf9', 'Password@123', 'Noah Wilson', TIMESTAMPTZ '2024-05-29T19:10:00.115899+00:00', 'emma.wilson@gmail.com', FALSE, 'Emma', 'https://example.com/emma.jpg', 'Wilson', FALSE, NULL, 'EMMA.WILSON@GMAIL.COM', 'EMMA.WILSON@GMAIL.COM', 'Teacher', 'Password@123', 'AQAAAAIAAYagAAAAEBXAlLo06iKDR3SXkf/YQjye7S10vFZgcYljx0BApkLSM9cYyYEVI6fZwmbk43pWJw==', NULL, FALSE, 'public_id_7', '5161e48a-7046-4eb6-8c81-077c06b2d8e0', FALSE, TIMESTAMPTZ '2024-05-29T19:10:00.115899+00:00', 'emma.wilson@gmail.com');
[2024-06-10 21:25:30.028 +01:00  INF]  Executed DbCommand (8ms) [Parameters=[], CommandType='"Text"', CommandTimeout='30']
INSERT INTO "Billboards" ("Id", "AddressId", "BoardType", "CreatedAt", "DailyImpressions", "Dimension", "DurationPerDisplay", "ImageUrl", "Name", "Negotiable", "Note", "Orientation", "PixelSize", "Price", "Time", "TrafficDescription", "UpdatedAt", "UserId")
VALUES ('1', '1', 'Static', TIMESTAMPTZ '2024-05-29T19:09:59.129216+00:00', 1000, '10x20', 10, 'https://images.examples.com/wp-content/uploads/2018/04/Urban-Billboard-Design-Example.jpg', 'Billboard 1', 0, 'Additional notes', 1, '1080p', 100, 'Day', 'High traffic area', TIMESTAMPTZ '2024-05-29T19:09:59.129216+00:00', 'user_id_1');
INSERT INTO "Billboards" ("Id", "AddressId", "BoardType", "CreatedAt", "DailyImpressions", "Dimension", "DurationPerDisplay", "ImageUrl", "Name", "Negotiable", "Note", "Orientation", "PixelSize", "Price", "Time", "TrafficDescription", "UpdatedAt", "UserId")
VALUES ('2', '2', 'Static', TIMESTAMPTZ '2024-05-29T19:09:59.129217+00:00', 800, '20x40', 15, 'https://images.examples.com/wp-content/uploads/2018/04/Street-Billboard-Design-Example.jpg', 'Billboard 2', 1, 'Some notes', 0, '4k', 150, 'Night', 'Moderate traffic area', TIMESTAMPTZ '2024-05-29T19:09:59.129217+00:00', 'user_id_2');
INSERT INTO "Billboards" ("Id", "AddressId", "BoardType", "CreatedAt", "DailyImpressions", "Dimension", "DurationPerDisplay", "ImageUrl", "Name", "Negotiable", "Note", "Orientation", "PixelSize", "Price", "Time", "TrafficDescription", "UpdatedAt", "UserId")
VALUES ('3', '3', 'Static', TIMESTAMPTZ '2024-05-29T19:09:59.129222+00:00', 1000, '20x40', 15, 'https://images.examples.com/wp-content/uploads/2018/04/School-Billboard-Design-Example.jpg', 'Billboard 3', 1, 'Some notes', 1, '4k', 250, 'Night', 'Moderate traffic area', TIMESTAMPTZ '2024-05-29T19:09:59.129222+00:00', 'user_id_3');
INSERT INTO "Billboards" ("Id", "AddressId", "BoardType", "CreatedAt", "DailyImpressions", "Dimension", "DurationPerDisplay", "ImageUrl", "Name", "Negotiable", "Note", "Orientation", "PixelSize", "Price", "Time", "TrafficDescription", "UpdatedAt", "UserId")
VALUES ('4', '4', 'Dynamic', TIMESTAMPTZ '2024-05-29T19:09:59.129222+00:00', 1000, '20x40', 15, 'https://images.examples.com/wp-content/uploads/2018/04/Metal-Billboard-Design-Example.jpg', 'Billboard 4', 1, 'Some notes', 1, '4k', 250, 'Night', 'Metal Billboard traffic area', TIMESTAMPTZ '2024-05-29T19:09:59.129222+00:00', 'user_id_4');
[2024-06-10 21:25:30.259 +01:00  INF]  Executed DbCommand (6ms) [Parameters=[], CommandType='"Text"', CommandTimeout='30']
INSERT INTO "Vendors" ("Id", "AddressId", "CompanyName", "CreatedAt", "UpdatedAt", "UserId")
VALUES ('1', '1', 'Vendor Company', TIMESTAMPTZ '2024-05-29T19:10:00.116021+00:00', TIMESTAMPTZ '2024-05-29T19:10:00.116022+00:00', 'user_id_1');
INSERT INTO "Vendors" ("Id", "AddressId", "CompanyName", "CreatedAt", "UpdatedAt", "UserId")
VALUES ('2', '2', 'Second Vendor Company', TIMESTAMPTZ '2024-05-29T19:10:00.116035+00:00', TIMESTAMPTZ '2024-05-29T19:10:00.116036+00:00', 'user_id_2');
INSERT INTO "Vendors" ("Id", "AddressId", "CompanyName", "CreatedAt", "UpdatedAt", "UserId")
VALUES ('3', '3', 'Third Vendor Company', TIMESTAMPTZ '2024-05-29T19:10:00.116038+00:00', TIMESTAMPTZ '2024-05-29T19:10:00.116038+00:00', 'user_id_3');
INSERT INTO "Vendors" ("Id", "AddressId", "CompanyName", "CreatedAt", "UpdatedAt", "UserId")
VALUES ('4', '4', 'Fourth Vendor Company', TIMESTAMPTZ '2024-05-29T19:10:00.116038+00:00', TIMESTAMPTZ '2024-05-29T19:10:00.116038+00:00', 'user_id_4');
[2024-06-10 21:25:30.265 +01:00  INF]  Executed DbCommand (5ms) [Parameters=[], CommandType='"Text"', CommandTimeout='30']
CREATE INDEX "IX_AspNetRoleClaims_RoleId" ON "AspNetRoleClaims" ("RoleId");
[2024-06-10 21:25:30.269 +01:00  INF]  Executed DbCommand (4ms) [Parameters=[], CommandType='"Text"', CommandTimeout='30']
CREATE UNIQUE INDEX "RoleNameIndex" ON "AspNetRoles" ("NormalizedName");
[2024-06-10 21:25:30.274 +01:00  INF]  Executed DbCommand (4ms) [Parameters=[], CommandType='"Text"', CommandTimeout='30']
CREATE INDEX "IX_AspNetUserClaims_UserId" ON "AspNetUserClaims" ("UserId");
[2024-06-10 21:25:30.278 +01:00  INF]  Executed DbCommand (4ms) [Parameters=[], CommandType='"Text"', CommandTimeout='30']
CREATE INDEX "IX_AspNetUserLogins_UserId" ON "AspNetUserLogins" ("UserId");
[2024-06-10 21:25:30.282 +01:00  INF]  Executed DbCommand (4ms) [Parameters=[], CommandType='"Text"', CommandTimeout='30']
CREATE INDEX "IX_AspNetUserRoles_RoleId" ON "AspNetUserRoles" ("RoleId");
[2024-06-10 21:25:30.288 +01:00  INF]  Executed DbCommand (5ms) [Parameters=[], CommandType='"Text"', CommandTimeout='30']
CREATE INDEX "EmailIndex" ON "AspNetUsers" ("NormalizedEmail");
[2024-06-10 21:25:30.292 +01:00  INF]  Executed DbCommand (4ms) [Parameters=[], CommandType='"Text"', CommandTimeout='30']
CREATE INDEX "IX_AspNetUsers_AddressId" ON "AspNetUsers" ("AddressId");
[2024-06-10 21:25:30.296 +01:00  INF]  Executed DbCommand (4ms) [Parameters=[], CommandType='"Text"', CommandTimeout='30']
CREATE UNIQUE INDEX "UserNameIndex" ON "AspNetUsers" ("NormalizedUserName");
[2024-06-10 21:25:30.300 +01:00  INF]  Executed DbCommand (4ms) [Parameters=[], CommandType='"Text"', CommandTimeout='30']
CREATE INDEX "IX_Billboards_AddressId" ON "Billboards" ("AddressId");
[2024-06-10 21:25:30.304 +01:00  INF]  Executed DbCommand (4ms) [Parameters=[], CommandType='"Text"', CommandTimeout='30']
CREATE INDEX "IX_Billboards_UserId" ON "Billboards" ("UserId");
[2024-06-10 21:25:30.309 +01:00  INF]  Executed DbCommand (4ms) [Parameters=[], CommandType='"Text"', CommandTimeout='30']
CREATE INDEX "IX_Vendors_AddressId" ON "Vendors" ("AddressId");
[2024-06-10 21:25:30.313 +01:00  INF]  Executed DbCommand (4ms) [Parameters=[], CommandType='"Text"', CommandTimeout='30']
CREATE INDEX "IX_Vendors_UserId" ON "Vendors" ("UserId");
[2024-06-10 21:25:30.505 +01:00  INF]  Executed DbCommand (4ms) [Parameters=[], CommandType='"Text"', CommandTimeout='30']
INSERT INTO "__EFMigrationsHistory" ("MigrationId", "ProductVersion")
VALUES ('20240529191000_initial', '8.0.4');
[2024-06-10 21:25:55.386 +01:00  INF]  Configuring Swagger
[2024-06-10 21:25:55.485 +01:00  INF]  Configuring Authentication
[2024-06-10 21:25:55.487 +01:00  INF]  Configuring CORS
[2024-06-10 21:25:55.488 +01:00  INF]  Configuring Dependency Injection
[2024-06-10 21:26:04.917 +01:00  INF]  Executed DbCommand (272ms) [Parameters=[], CommandType='"Text"', CommandTimeout='30']
SELECT EXISTS (
    SELECT 1 FROM pg_catalog.pg_class c
    JOIN pg_catalog.pg_namespace n ON n.oid=c.relnamespace
    WHERE n.nspname='public' AND
          c.relname='__EFMigrationsHistory'
)
[2024-06-10 21:26:04.964 +01:00  INF]  Executed DbCommand (6ms) [Parameters=[], CommandType='"Text"', CommandTimeout='30']
SELECT "MigrationId", "ProductVersion"
FROM "__EFMigrationsHistory"
ORDER BY "MigrationId";
[2024-06-10 21:26:05.206 +01:00  INF]  Executed DbCommand (1ms) [Parameters=[], CommandType='"Text"', CommandTimeout='30']
SELECT EXISTS (
    SELECT 1 FROM pg_catalog.pg_class c
    JOIN pg_catalog.pg_namespace n ON n.oid=c.relnamespace
    WHERE n.nspname='public' AND
          c.relname='__EFMigrationsHistory'
)
[2024-06-10 21:26:05.366 +01:00  INF]  Executed DbCommand (1ms) [Parameters=[], CommandType='"Text"', CommandTimeout='30']
SELECT EXISTS (
    SELECT 1 FROM pg_catalog.pg_class c
    JOIN pg_catalog.pg_namespace n ON n.oid=c.relnamespace
    WHERE n.nspname='public' AND
          c.relname='__EFMigrationsHistory'
)
[2024-06-10 21:26:05.367 +01:00  INF]  Executed DbCommand (1ms) [Parameters=[], CommandType='"Text"', CommandTimeout='30']
SELECT "MigrationId", "ProductVersion"
FROM "__EFMigrationsHistory"
ORDER BY "MigrationId";
[2024-06-10 21:26:05.400 +01:00  INF]  No migrations were applied. The database is already up to date.
[2024-06-10 21:26:05.688 +01:00  INF]  User profile is available. Using 'C:\Users\Admin\AppData\Local\ASP.NET\DataProtection-Keys' as key repository and Windows DPAPI to encrypt keys at rest.
[2024-06-10 21:26:06.563 +01:00  INF]  Executed DbCommand (55ms) [Parameters=[@__normalizedName_0='?'], CommandType='"Text"', CommandTimeout='30']
SELECT a."Id", a."ConcurrencyStamp", a."Name", a."NormalizedName"
FROM "AspNetRoles" AS a
WHERE a."NormalizedName" = @__normalizedName_0
LIMIT 1
[2024-06-10 21:26:06.615 +01:00  INF]  Executed DbCommand (6ms) [Parameters=[@__normalizedName_0='?'], CommandType='"Text"', CommandTimeout='30']
SELECT a."Id", a."ConcurrencyStamp", a."Name", a."NormalizedName"
FROM "AspNetRoles" AS a
WHERE a."NormalizedName" = @__normalizedName_0
LIMIT 1
[2024-06-10 21:26:06.941 +01:00  INF]  Executed DbCommand (7ms) [Parameters=[@p0='?', @p1='?', @p2='?', @p3='?'], CommandType='"Text"', CommandTimeout='30']
INSERT INTO "AspNetRoles" ("Id", "ConcurrencyStamp", "Name", "NormalizedName")
VALUES (@p0, @p1, @p2, @p3);
[2024-06-10 21:26:06.973 +01:00  INF]  Executed DbCommand (4ms) [Parameters=[@__normalizedName_0='?'], CommandType='"Text"', CommandTimeout='30']
SELECT a."Id", a."ConcurrencyStamp", a."Name", a."NormalizedName"
FROM "AspNetRoles" AS a
WHERE a."NormalizedName" = @__normalizedName_0
LIMIT 1
[2024-06-10 21:26:06.979 +01:00  INF]  Executed DbCommand (5ms) [Parameters=[@__normalizedName_0='?'], CommandType='"Text"', CommandTimeout='30']
SELECT a."Id", a."ConcurrencyStamp", a."Name", a."NormalizedName"
FROM "AspNetRoles" AS a
WHERE a."NormalizedName" = @__normalizedName_0
LIMIT 1
[2024-06-10 21:26:06.991 +01:00  INF]  Executed DbCommand (4ms) [Parameters=[@p0='?', @p1='?', @p2='?', @p3='?'], CommandType='"Text"', CommandTimeout='30']
INSERT INTO "AspNetRoles" ("Id", "ConcurrencyStamp", "Name", "NormalizedName")
VALUES (@p0, @p1, @p2, @p3);
[2024-06-10 21:26:06.996 +01:00  INF]  Executed DbCommand (3ms) [Parameters=[@__normalizedName_0='?'], CommandType='"Text"', CommandTimeout='30']
SELECT a."Id", a."ConcurrencyStamp", a."Name", a."NormalizedName"
FROM "AspNetRoles" AS a
WHERE a."NormalizedName" = @__normalizedName_0
LIMIT 1
[2024-06-10 21:26:07.001 +01:00  INF]  Executed DbCommand (3ms) [Parameters=[@__normalizedName_0='?'], CommandType='"Text"', CommandTimeout='30']
SELECT a."Id", a."ConcurrencyStamp", a."Name", a."NormalizedName"
FROM "AspNetRoles" AS a
WHERE a."NormalizedName" = @__normalizedName_0
LIMIT 1
[2024-06-10 21:26:07.007 +01:00  INF]  Executed DbCommand (3ms) [Parameters=[@p0='?', @p1='?', @p2='?', @p3='?'], CommandType='"Text"', CommandTimeout='30']
INSERT INTO "AspNetRoles" ("Id", "ConcurrencyStamp", "Name", "NormalizedName")
VALUES (@p0, @p1, @p2, @p3);
[2024-06-10 21:26:07.059 +01:00  INF]  Executed DbCommand (4ms) [Parameters=[@__normalizedEmail_0='?'], CommandType='"Text"', CommandTimeout='30']
SELECT a."Id", a."AccessFailedCount", a."AddressId", a."BusinessName", a."ConcurrencyStamp", a."ConfirmPassword", a."ContactName", a."CreatedAt", a."Email", a."EmailConfirmed", a."FirstName", a."ImageUrl", a."LastName", a."LockoutEnabled", a."LockoutEnd", a."NormalizedEmail", a."NormalizedUserName", a."Occupation", a."Password", a."PasswordHash", a."PhoneNumber", a."PhoneNumberConfirmed", a."PublicId", a."SecurityStamp", a."TwoFactorEnabled", a."UpdatedAt", a."UserName"
FROM "AspNetUsers" AS a
WHERE a."NormalizedEmail" = @__normalizedEmail_0
LIMIT 2
[2024-06-10 21:26:07.761 +01:00  WRN]  The WebRootPath was not found: C:\Users\Admin\Downloads\Project\360AdsNG.API\360AdsNG.API\360AdsNG.API\360AdsNG.API\wwwroot. Static files may be unavailable.
[2024-06-10 21:26:08.516 +01:00  INF]  Now listening on: https://localhost:7112
[2024-06-10 21:26:08.516 +01:00  INF]  Now listening on: http://localhost:5169
[2024-06-10 21:26:08.517 +01:00  INF]  Application started. Press Ctrl+C to shut down.
[2024-06-10 21:26:08.517 +01:00  INF]  Hosting environment: Development
[2024-06-10 21:26:08.518 +01:00  INF]  Content root path: C:\Users\Admin\Downloads\Project\360AdsNG.API\360AdsNG.API\360AdsNG.API\360AdsNG.API
[2024-06-10 21:26:09.632 +01:00  INF]  Request starting HTTP/2 GET https://localhost:7112/swagger/index.html - null null
[2024-06-10 21:26:10.391 +01:00  INF]  Request finished HTTP/2 GET https://localhost:7112/swagger/index.html - 200 null text/html;charset=utf-8 777.7513ms
[2024-06-10 21:26:10.401 +01:00  INF]  Request starting HTTP/2 GET https://localhost:7112/_framework/aspnetcore-browser-refresh.js - null null
[2024-06-10 21:26:10.407 +01:00  INF]  Request starting HTTP/2 GET https://localhost:7112/_vs/browserLink - null null
[2024-06-10 21:26:10.416 +01:00  INF]  Request finished HTTP/2 GET https://localhost:7112/_framework/aspnetcore-browser-refresh.js - 200 13760 application/javascript; charset=utf-8 15.5255ms
[2024-06-10 21:26:10.511 +01:00  INF]  Request finished HTTP/2 GET https://localhost:7112/_vs/browserLink - 200 null text/javascript; charset=UTF-8 103.2439ms
[2024-06-10 21:26:10.575 +01:00  INF]  Request starting HTTP/2 GET https://localhost:7112/swagger/v1/swagger.json - null null
[2024-06-10 21:26:10.959 +01:00  INF]  Request finished HTTP/2 GET https://localhost:7112/swagger/v1/swagger.json - 200 null application/json;charset=utf-8 384.1537ms
[2024-06-10 21:27:03.543 +01:00  INF]  Request starting HTTP/2 POST https://localhost:7112/api/v1/auth/login - application/json 59
[2024-06-10 21:27:03.568 +01:00  INF]  CORS policy execution successful.
[2024-06-10 21:27:03.703 +01:00  INF]  Executing endpoint '_360AdsNG.API.Controllers.AuthController.Login (360AdsNG.API)'
[2024-06-10 21:27:03.743 +01:00  INF]  Route matched with {action = "Login", controller = "Auth"}. Executing controller action with signature System.Threading.Tasks.Task`1[Microsoft.AspNetCore.Mvc.IActionResult] Login(_360AdsNG.Application.Dtos.AuthDtos.LoginUserDto) on controller _360AdsNG.API.Controllers.AuthController (360AdsNG.API).
[2024-06-10 21:27:03.905 +01:00  INF]  Executed DbCommand (3ms) [Parameters=[@__normalizedEmail_0='?'], CommandType='"Text"', CommandTimeout='30']
SELECT a."Id", a."AccessFailedCount", a."AddressId", a."BusinessName", a."ConcurrencyStamp", a."ConfirmPassword", a."ContactName", a."CreatedAt", a."Email", a."EmailConfirmed", a."FirstName", a."ImageUrl", a."LastName", a."LockoutEnabled", a."LockoutEnd", a."NormalizedEmail", a."NormalizedUserName", a."Occupation", a."Password", a."PasswordHash", a."PhoneNumber", a."PhoneNumberConfirmed", a."PublicId", a."SecurityStamp", a."TwoFactorEnabled", a."UpdatedAt", a."UserName"
FROM "AspNetUsers" AS a
WHERE a."NormalizedEmail" = @__normalizedEmail_0
LIMIT 2
[2024-06-10 21:27:04.165 +01:00  INF]  Executed DbCommand (3ms) [Parameters=[@__userId_0='?'], CommandType='"Text"', CommandTimeout='30']
SELECT a0."Name"
FROM "AspNetUserRoles" AS a
INNER JOIN "AspNetRoles" AS a0 ON a."RoleId" = a0."Id"
WHERE a."UserId" = @__userId_0
[2024-06-10 21:27:04.267 +01:00  INF]  Executing OkObjectResult, writing value of type '_360AdsNG.API.Dtos.ResponseDto`1[[System.Object, System.Private.CoreLib, Version=8.0.0.0, Culture=neutral, PublicKeyToken=7cec85d7bea7798e]]'.
[2024-06-10 21:27:04.284 +01:00  INF]  Executed action _360AdsNG.API.Controllers.AuthController.Login (360AdsNG.API) in 533.7404ms
[2024-06-10 21:27:04.285 +01:00  INF]  Executed endpoint '_360AdsNG.API.Controllers.AuthController.Login (360AdsNG.API)'
[2024-06-10 21:27:04.295 +01:00  INF]  Request finished HTTP/2 POST https://localhost:7112/api/v1/auth/login - 200 null application/json; charset=utf-8 760.9527ms
[2024-06-10 21:30:36.337 +01:00  INF]  Request starting HTTP/2 POST https://localhost:7112/api/v1/auth/reset-password - application/json 397
[2024-06-10 21:30:36.356 +01:00  INF]  CORS policy execution successful.
[2024-06-10 21:30:36.477 +01:00  INF]  Executing endpoint '_360AdsNG.API.Controllers.AuthController.ResetPassword (360AdsNG.API)'
[2024-06-10 21:30:36.488 +01:00  INF]  Route matched with {action = "ResetPassword", controller = "Auth"}. Executing controller action with signature System.Threading.Tasks.Task`1[Microsoft.AspNetCore.Mvc.IActionResult] ResetPassword(_360AdsNG.Application.Dtos.AuthDtos.ResetPasswordDto) on controller _360AdsNG.API.Controllers.AuthController (360AdsNG.API).
[2024-06-10 21:30:36.671 +01:00  INF]  Executed DbCommand (4ms) [Parameters=[@__normalizedEmail_0='?'], CommandType='"Text"', CommandTimeout='30']
SELECT a."Id", a."AccessFailedCount", a."AddressId", a."BusinessName", a."ConcurrencyStamp", a."ConfirmPassword", a."ContactName", a."CreatedAt", a."Email", a."EmailConfirmed", a."FirstName", a."ImageUrl", a."LastName", a."LockoutEnabled", a."LockoutEnd", a."NormalizedEmail", a."NormalizedUserName", a."Occupation", a."Password", a."PasswordHash", a."PhoneNumber", a."PhoneNumberConfirmed", a."PublicId", a."SecurityStamp", a."TwoFactorEnabled", a."UpdatedAt", a."UserName"
FROM "AspNetUsers" AS a
WHERE a."NormalizedEmail" = @__normalizedEmail_0
LIMIT 2
[2024-06-10 21:30:36.723 +01:00  INF]  Executing BadRequestObjectResult, writing value of type '_360AdsNG.API.Dtos.ResponseDto`1[[System.Object, System.Private.CoreLib, Version=8.0.0.0, Culture=neutral, PublicKeyToken=7cec85d7bea7798e]]'.
[2024-06-10 21:30:36.725 +01:00  INF]  Executed action _360AdsNG.API.Controllers.AuthController.ResetPassword (360AdsNG.API) in 236.6787ms
[2024-06-10 21:30:36.726 +01:00  INF]  Executed endpoint '_360AdsNG.API.Controllers.AuthController.ResetPassword (360AdsNG.API)'
[2024-06-10 21:30:36.726 +01:00  INF]  Request finished HTTP/2 POST https://localhost:7112/api/v1/auth/reset-password - 400 null application/json; charset=utf-8 392.6793ms
